<?xml version="1.0" encoding="UTF-8"?>
<coverage generated="1650461278098" clover="3.2.0">
  <project timestamp="1650461278098" name="All files">
    <metrics statements="2321" coveredstatements="2318" conditionals="814" coveredconditionals="780" methods="590" coveredmethods="586" elements="3725" coveredelements="3684" complexity="0" loc="2321" ncloc="2321" packages="48" files="61" classes="61"/>
    <package name="algorithms.bellman-ford">
      <metrics statements="18" coveredstatements="18" conditionals="4" coveredconditionals="4" methods="4" coveredmethods="4"/>
      <file name="bellmanFord.js" path="/home/brunolnetto/github/dot-quiver-api/algorithms/bellman-ford/bellmanFord.js">
        <metrics statements="18" coveredstatements="18" conditionals="4" coveredconditionals="4" methods="4" coveredmethods="4"/>
        <line num="7" count="2" type="stmt"/>
        <line num="8" count="2" type="stmt"/>
        <line num="12" count="2" type="stmt"/>
        <line num="13" count="2" type="stmt"/>
        <line num="14" count="15" type="stmt"/>
        <line num="15" count="15" type="cond" truecount="2" falsecount="0"/>
        <line num="16" count="13" type="stmt"/>
        <line num="21" count="2" type="stmt"/>
        <line num="23" count="13" type="stmt"/>
        <line num="24" count="98" type="stmt"/>
        <line num="27" count="98" type="stmt"/>
        <line num="28" count="216" type="stmt"/>
        <line num="31" count="216" type="stmt"/>
        <line num="32" count="216" type="stmt"/>
        <line num="33" count="216" type="cond" truecount="2" falsecount="0"/>
        <line num="34" count="15" type="stmt"/>
        <line num="35" count="15" type="stmt"/>
        <line num="41" count="2" type="stmt"/>
      </file>
    </package>
    <package name="algorithms.breadth-first-search">
      <metrics statements="25" coveredstatements="25" conditionals="11" coveredconditionals="11" methods="6" coveredmethods="6"/>
      <file name="breadthFirstSearch.js" path="/home/brunolnetto/github/dot-quiver-api/algorithms/breadth-first-search/breadthFirstSearch.js">
        <metrics statements="25" coveredstatements="25" conditionals="11" coveredconditionals="11" methods="6" coveredmethods="6"/>
        <line num="20" count="3" type="stmt"/>
        <line num="22" count="3" type="stmt"/>
        <line num="24" count="3" type="stmt"/>
        <line num="26" count="3" type="stmt"/>
        <line num="27" count="3" type="stmt"/>
        <line num="28" count="18" type="cond" truecount="2" falsecount="0"/>
        <line num="29" count="14" type="stmt"/>
        <line num="30" count="14" type="stmt"/>
        <line num="32" count="4" type="stmt"/>
        <line num="37" count="3" type="cond" truecount="2" falsecount="0"/>
        <line num="38" count="3" type="cond" truecount="2" falsecount="0"/>
        <line num="39" count="3" type="cond" truecount="2" falsecount="0"/>
        <line num="41" count="3" type="stmt"/>
        <line num="50" count="3" type="stmt"/>
        <line num="51" count="3" type="stmt"/>
        <line num="54" count="3" type="stmt"/>
        <line num="56" count="3" type="stmt"/>
        <line num="59" count="3" type="stmt"/>
        <line num="60" count="23" type="stmt"/>
        <line num="61" count="23" type="stmt"/>
        <line num="64" count="23" type="stmt"/>
        <line num="65" count="25" type="cond" truecount="2" falsecount="0"/>
        <line num="66" count="20" type="stmt"/>
        <line num="70" count="23" type="stmt"/>
        <line num="73" count="23" type="stmt"/>
      </file>
    </package>
    <package name="algorithms.bridges">
      <metrics statements="26" coveredstatements="26" conditionals="8" coveredconditionals="8" methods="7" coveredmethods="7"/>
      <file name="graphBridges.js" path="/home/brunolnetto/github/dot-quiver-api/algorithms/bridges/graphBridges.js">
        <metrics statements="26" coveredstatements="26" conditionals="8" coveredconditionals="8" methods="7" coveredmethods="7"/>
        <line num="8" count="318" type="stmt"/>
        <line num="9" count="318" type="stmt"/>
        <line num="19" count="68" type="stmt"/>
        <line num="22" count="68" type="stmt"/>
        <line num="25" count="68" type="stmt"/>
        <line num="28" count="68" type="stmt"/>
        <line num="30" count="68" type="stmt"/>
        <line num="36" count="318" type="stmt"/>
        <line num="39" count="318" type="stmt"/>
        <line num="49" count="318" type="cond" truecount="2" falsecount="0"/>
        <line num="51" count="68" type="stmt"/>
        <line num="55" count="250" type="stmt"/>
        <line num="56" count="694" type="stmt"/>
        <line num="63" count="420" type="stmt"/>
        <line num="64" count="420" type="cond" truecount="2" falsecount="0"/>
        <line num="71" count="250" type="stmt"/>
        <line num="72" count="250" type="stmt"/>
        <line num="73" count="250" type="cond" truecount="2" falsecount="0"/>
        <line num="74" count="88" type="stmt"/>
        <line num="80" count="250" type="stmt"/>
        <line num="81" count="250" type="cond" truecount="2" falsecount="0"/>
        <line num="82" count="82" type="stmt"/>
        <line num="83" count="82" type="stmt"/>
        <line num="86" count="853" type="stmt"/>
        <line num="90" count="68" type="stmt"/>
        <line num="92" count="68" type="stmt"/>
      </file>
    </package>
    <package name="algorithms.depth-first-search">
      <metrics statements="20" coveredstatements="20" conditionals="11" coveredconditionals="11" methods="7" coveredmethods="7"/>
      <file name="depthFirstSearch.js" path="/home/brunolnetto/github/dot-quiver-api/algorithms/depth-first-search/depthFirstSearch.js">
        <metrics statements="20" coveredstatements="20" conditionals="11" coveredconditionals="11" methods="7" coveredmethods="7"/>
        <line num="18" count="227" type="stmt"/>
        <line num="20" count="227" type="stmt"/>
        <line num="22" count="227" type="stmt"/>
        <line num="24" count="227" type="stmt"/>
        <line num="25" count="227" type="stmt"/>
        <line num="26" count="16" type="cond" truecount="2" falsecount="0"/>
        <line num="27" count="12" type="stmt"/>
        <line num="28" count="12" type="stmt"/>
        <line num="30" count="4" type="stmt"/>
        <line num="35" count="227" type="cond" truecount="2" falsecount="0"/>
        <line num="36" count="227" type="cond" truecount="2" falsecount="0"/>
        <line num="37" count="227" type="cond" truecount="2" falsecount="0"/>
        <line num="39" count="227" type="stmt"/>
        <line num="49" count="861" type="stmt"/>
        <line num="51" count="861" type="stmt"/>
        <line num="52" count="2193" type="cond" truecount="2" falsecount="0"/>
        <line num="53" count="634" type="stmt"/>
        <line num="57" count="861" type="stmt"/>
        <line num="66" count="227" type="stmt"/>
        <line num="67" count="227" type="stmt"/>
      </file>
    </package>
    <package name="algorithms.detect-cycle">
      <metrics statements="55" coveredstatements="55" conditionals="10" coveredconditionals="10" methods="8" coveredmethods="8"/>
      <file name="detectDirectedCycle.js" path="/home/brunolnetto/github/dot-quiver-api/algorithms/detect-cycle/detectDirectedCycle.js">
        <metrics statements="32" coveredstatements="32" conditionals="4" coveredconditionals="4" methods="5" coveredmethods="5"/>
        <line num="9" count="2" type="stmt"/>
        <line num="13" count="2" type="stmt"/>
        <line num="16" count="2" type="stmt"/>
        <line num="20" count="2" type="stmt"/>
        <line num="24" count="2" type="stmt"/>
        <line num="32" count="2" type="stmt"/>
        <line num="33" count="12" type="stmt"/>
        <line num="37" count="2" type="stmt"/>
        <line num="39" count="13" type="cond" truecount="2" falsecount="0"/>
        <line num="42" count="1" type="stmt"/>
        <line num="44" count="1" type="stmt"/>
        <line num="45" count="1" type="stmt"/>
        <line num="47" count="1" type="stmt"/>
        <line num="48" count="2" type="stmt"/>
        <line num="49" count="2" type="stmt"/>
        <line num="51" count="2" type="stmt"/>
        <line num="52" count="2" type="stmt"/>
        <line num="53" count="2" type="stmt"/>
        <line num="56" count="1" type="stmt"/>
        <line num="59" count="12" type="stmt"/>
        <line num="60" count="12" type="stmt"/>
        <line num="63" count="12" type="stmt"/>
        <line num="69" count="13" type="stmt"/>
        <line num="70" count="13" type="stmt"/>
        <line num="75" count="15" type="cond" truecount="2" falsecount="0"/>
        <line num="76" count="2" type="stmt"/>
        <line num="81" count="13" type="stmt"/>
        <line num="86" count="2" type="stmt"/>
        <line num="88" count="4" type="stmt"/>
        <line num="89" count="4" type="stmt"/>
        <line num="92" count="4" type="stmt"/>
        <line num="95" count="2" type="stmt"/>
      </file>
      <file name="detectUndirectedCycle.js" path="/home/brunolnetto/github/dot-quiver-api/algorithms/detect-cycle/detectUndirectedCycle.js">
        <metrics statements="23" coveredstatements="23" conditionals="6" coveredconditionals="6" methods="3" coveredmethods="3"/>
        <line num="9" count="2" type="stmt"/>
        <line num="12" count="2" type="stmt"/>
        <line num="15" count="2" type="stmt"/>
        <line num="18" count="2" type="stmt"/>
        <line num="21" count="25" type="cond" truecount="2" falsecount="0"/>
        <line num="22" count="6" type="stmt"/>
        <line num="26" count="19" type="stmt"/>
        <line num="27" count="19" type="cond" truecount="2" falsecount="0"/>
        <line num="29" count="19" type="stmt"/>
        <line num="32" count="13" type="cond" truecount="2" falsecount="0"/>
        <line num="34" count="1" type="stmt"/>
        <line num="36" count="1" type="stmt"/>
        <line num="37" count="1" type="stmt"/>
        <line num="39" count="1" type="stmt"/>
        <line num="40" count="3" type="stmt"/>
        <line num="41" count="3" type="stmt"/>
        <line num="42" count="3" type="stmt"/>
        <line num="45" count="1" type="stmt"/>
        <line num="48" count="12" type="stmt"/>
        <line num="49" count="12" type="stmt"/>
        <line num="55" count="2" type="stmt"/>
        <line num="56" count="2" type="stmt"/>
        <line num="58" count="2" type="stmt"/>
      </file>
    </package>
    <package name="algorithms.dijkstra">
      <metrics statements="25" coveredstatements="25" conditionals="8" coveredconditionals="8" methods="3" coveredmethods="3"/>
      <file name="dijkstra.js" path="/home/brunolnetto/github/dot-quiver-api/algorithms/dijkstra/dijkstra.js">
        <metrics statements="25" coveredstatements="25" conditionals="8" coveredconditionals="8" methods="3" coveredmethods="3"/>
        <line num="17" count="2" type="stmt"/>
        <line num="18" count="2" type="stmt"/>
        <line num="19" count="2" type="stmt"/>
        <line num="20" count="2" type="stmt"/>
        <line num="24" count="2" type="stmt"/>
        <line num="25" count="15" type="stmt"/>
        <line num="26" count="15" type="stmt"/>
        <line num="30" count="2" type="stmt"/>
        <line num="33" count="2" type="stmt"/>
        <line num="36" count="2" type="stmt"/>
        <line num="38" count="13" type="stmt"/>
        <line num="41" count="13" type="stmt"/>
        <line num="43" count="32" type="cond" truecount="2" falsecount="0"/>
        <line num="45" count="19" type="stmt"/>
        <line num="47" count="19" type="stmt"/>
        <line num="48" count="19" type="stmt"/>
        <line num="51" count="19" type="cond" truecount="2" falsecount="0"/>
        <line num="52" count="14" type="stmt"/>
        <line num="55" count="14" type="cond" truecount="2" falsecount="0"/>
        <line num="56" count="3" type="stmt"/>
        <line num="60" count="14" type="stmt"/>
        <line num="64" count="19" type="cond" truecount="2" falsecount="0"/>
        <line num="65" count="11" type="stmt"/>
        <line num="71" count="13" type="stmt"/>
        <line num="76" count="2" type="stmt"/>
      </file>
    </package>
    <package name="algorithms.eulerian-path">
      <metrics statements="36" coveredstatements="36" conditionals="12" coveredconditionals="12" methods="4" coveredmethods="4"/>
      <file name="eulerianPath.js" path="/home/brunolnetto/github/dot-quiver-api/algorithms/eulerian-path/eulerianPath.js">
        <metrics statements="36" coveredstatements="36" conditionals="12" coveredconditionals="12" methods="4" coveredmethods="4"/>
        <line num="10" count="6" type="cond" truecount="2" falsecount="0"/>
        <line num="11" count="2" type="stmt"/>
        <line num="14" count="4" type="stmt"/>
        <line num="17" count="4" type="stmt"/>
        <line num="20" count="4" type="stmt"/>
        <line num="23" count="4" type="stmt"/>
        <line num="24" count="4" type="stmt"/>
        <line num="25" count="29" type="stmt"/>
        <line num="30" count="4" type="stmt"/>
        <line num="31" count="27" type="cond" truecount="2" falsecount="0"/>
        <line num="32" count="6" type="stmt"/>
        <line num="34" count="21" type="stmt"/>
        <line num="42" count="4" type="stmt"/>
        <line num="45" count="4" type="stmt"/>
        <line num="47" count="4" type="cond" truecount="2" falsecount="0"/>
        <line num="50" count="1" type="stmt"/>
        <line num="51" count="1" type="stmt"/>
        <line num="54" count="3" type="stmt"/>
        <line num="55" count="3" type="stmt"/>
        <line num="59" count="4" type="stmt"/>
        <line num="60" count="4" type="stmt"/>
        <line num="62" count="29" type="stmt"/>
        <line num="67" count="29" type="stmt"/>
        <line num="70" count="29" type="stmt"/>
        <line num="72" count="29" type="stmt"/>
        <line num="73" count="29" type="cond" truecount="2" falsecount="0"/>
        <line num="75" count="23" type="stmt"/>
        <line num="78" count="17" type="stmt"/>
        <line num="82" count="29" type="cond" truecount="2" falsecount="0"/>
        <line num="83" count="23" type="stmt"/>
        <line num="85" count="6" type="stmt"/>
        <line num="89" count="29" type="stmt"/>
        <line num="92" count="29" type="cond" truecount="2" falsecount="0"/>
        <line num="93" count="4" type="stmt"/>
        <line num="97" count="29" type="stmt"/>
        <line num="100" count="4" type="stmt"/>
      </file>
    </package>
    <package name="algorithms.floyd-warshall">
      <metrics statements="20" coveredstatements="20" conditionals="6" coveredconditionals="6" methods="8" coveredmethods="8"/>
      <file name="floydWarshall.js" path="/home/brunolnetto/github/dot-quiver-api/algorithms/floyd-warshall/floydWarshall.js">
        <metrics statements="20" coveredstatements="20" conditionals="6" coveredconditionals="6" methods="8" coveredmethods="8"/>
        <line num="7" count="3" type="stmt"/>
        <line num="11" count="19" type="stmt"/>
        <line num="15" count="19" type="stmt"/>
        <line num="19" count="3" type="stmt"/>
        <line num="20" count="19" type="stmt"/>
        <line num="21" count="129" type="cond" truecount="2" falsecount="0"/>
        <line num="23" count="19" type="stmt"/>
        <line num="26" count="110" type="stmt"/>
        <line num="28" count="110" type="cond" truecount="2" falsecount="0"/>
        <line num="31" count="39" type="stmt"/>
        <line num="32" count="39" type="stmt"/>
        <line num="34" count="71" type="stmt"/>
        <line num="45" count="3" type="stmt"/>
        <line num="47" count="19" type="stmt"/>
        <line num="49" count="129" type="stmt"/>
        <line num="54" count="919" type="stmt"/>
        <line num="56" count="919" type="cond" truecount="2" falsecount="0"/>
        <line num="58" count="61" type="stmt"/>
        <line num="59" count="61" type="stmt"/>
        <line num="67" count="3" type="stmt"/>
      </file>
    </package>
    <package name="algorithms.hamiltonian-cycle">
      <metrics statements="32" coveredstatements="32" conditionals="8" coveredconditionals="8" methods="6" coveredmethods="6"/>
      <file name="hamiltonianCycle.js" path="/home/brunolnetto/github/dot-quiver-api/algorithms/hamiltonian-cycle/hamiltonianCycle.js">
        <metrics statements="32" coveredstatements="32" conditionals="8" coveredconditionals="8" methods="6" coveredmethods="6"/>
        <line num="11" count="547" type="stmt"/>
        <line num="14" count="547" type="stmt"/>
        <line num="15" count="547" type="stmt"/>
        <line num="18" count="547" type="cond" truecount="2" falsecount="0"/>
        <line num="19" count="209" type="stmt"/>
        <line num="23" count="784" type="stmt"/>
        <line num="25" count="338" type="stmt"/>
        <line num="38" count="44" type="stmt"/>
        <line num="39" count="44" type="stmt"/>
        <line num="42" count="44" type="stmt"/>
        <line num="43" count="44" type="stmt"/>
        <line num="46" count="44" type="stmt"/>
        <line num="63" count="575" type="stmt"/>
        <line num="65" count="156" type="cond" truecount="2" falsecount="0"/>
        <line num="68" count="44" type="cond" truecount="2" falsecount="0"/>
        <line num="70" count="33" type="stmt"/>
        <line num="72" count="43" type="stmt"/>
        <line num="75" count="112" type="stmt"/>
        <line num="77" count="547" type="stmt"/>
        <line num="80" count="547" type="cond" truecount="2" falsecount="0"/>
        <line num="82" count="148" type="stmt"/>
        <line num="85" count="148" type="stmt"/>
        <line num="94" count="132" type="stmt"/>
        <line num="99" count="144" type="stmt"/>
        <line num="111" count="8" type="stmt"/>
        <line num="112" count="8" type="stmt"/>
        <line num="113" count="8" type="stmt"/>
        <line num="118" count="8" type="stmt"/>
        <line num="121" count="8" type="stmt"/>
        <line num="124" count="8" type="stmt"/>
        <line num="127" count="8" type="stmt"/>
        <line num="135" count="33" type="stmt"/>
      </file>
    </package>
    <package name="algorithms.kruskal">
      <metrics statements="18" coveredstatements="18" conditionals="8" coveredconditionals="8" methods="4" coveredmethods="4"/>
      <file name="kruskal.js" path="/home/brunolnetto/github/dot-quiver-api/algorithms/kruskal/kruskal.js">
        <metrics statements="18" coveredstatements="18" conditionals="8" coveredconditionals="8" methods="4" coveredmethods="4"/>
        <line num="12" count="3" type="cond" truecount="2" falsecount="0"/>
        <line num="13" count="1" type="stmt"/>
        <line num="17" count="2" type="stmt"/>
        <line num="20" count="2" type="stmt"/>
        <line num="26" count="78" type="cond" truecount="2" falsecount="0"/>
        <line num="27" count="14" type="stmt"/>
        <line num="30" count="64" type="cond" truecount="2" falsecount="0"/>
        <line num="33" count="2" type="stmt"/>
        <line num="36" count="127" type="stmt"/>
        <line num="37" count="2" type="stmt"/>
        <line num="39" count="2" type="stmt"/>
        <line num="40" count="11" type="stmt"/>
        <line num="47" count="2" type="stmt"/>
        <line num="49" count="15" type="stmt"/>
        <line num="52" count="15" type="cond" truecount="2" falsecount="0"/>
        <line num="54" count="9" type="stmt"/>
        <line num="57" count="9" type="stmt"/>
        <line num="61" count="2" type="stmt"/>
      </file>
    </package>
    <package name="algorithms.math.is-power-of-two">
      <metrics statements="11" coveredstatements="11" conditionals="6" coveredconditionals="6" methods="2" coveredmethods="2"/>
      <file name="isPowerOfTwo.js" path="/home/brunolnetto/github/dot-quiver-api/algorithms/math/is-power-of-two/isPowerOfTwo.js">
        <metrics statements="8" coveredstatements="8" conditionals="4" coveredconditionals="4" methods="1" coveredmethods="1"/>
        <line num="7" count="27" type="cond" truecount="2" falsecount="0"/>
        <line num="8" count="2" type="stmt"/>
        <line num="13" count="25" type="stmt"/>
        <line num="14" count="25" type="stmt"/>
        <line num="15" count="56" type="cond" truecount="2" falsecount="0"/>
        <line num="18" count="13" type="stmt"/>
        <line num="21" count="43" type="stmt"/>
        <line num="24" count="12" type="stmt"/>
      </file>
      <file name="isPowerOfTwoBitwise.js" path="/home/brunolnetto/github/dot-quiver-api/algorithms/math/is-power-of-two/isPowerOfTwoBitwise.js">
        <metrics statements="3" coveredstatements="3" conditionals="2" coveredconditionals="2" methods="1" coveredmethods="1"/>
        <line num="7" count="17" type="cond" truecount="2" falsecount="0"/>
        <line num="8" count="2" type="stmt"/>
        <line num="25" count="15" type="stmt"/>
      </file>
    </package>
    <package name="algorithms.prim">
      <metrics statements="23" coveredstatements="23" conditionals="12" coveredconditionals="12" methods="3" coveredmethods="3"/>
      <file name="prim.js" path="/home/brunolnetto/github/dot-quiver-api/algorithms/prim/prim.js">
        <metrics statements="23" coveredstatements="23" conditionals="12" coveredconditionals="12" methods="3" coveredmethods="3"/>
        <line num="11" count="3" type="cond" truecount="2" falsecount="0"/>
        <line num="12" count="1" type="stmt"/>
        <line num="16" count="2" type="stmt"/>
        <line num="21" count="2" type="stmt"/>
        <line num="24" count="2" type="stmt"/>
        <line num="27" count="2" type="stmt"/>
        <line num="30" count="2" type="stmt"/>
        <line num="33" count="2" type="stmt"/>
        <line num="34" count="5" type="stmt"/>
        <line num="38" count="2" type="stmt"/>
        <line num="41" count="15" type="stmt"/>
        <line num="44" count="15" type="stmt"/>
        <line num="45" count="15" type="cond" truecount="2" falsecount="0"/>
        <line num="46" count="2" type="stmt"/>
        <line num="47" count="13" type="cond" truecount="2" falsecount="0"/>
        <line num="48" count="7" type="stmt"/>
        <line num="52" count="15" type="cond" truecount="2" falsecount="0"/>
        <line num="54" count="9" type="stmt"/>
        <line num="57" count="9" type="stmt"/>
        <line num="60" count="9" type="stmt"/>
        <line num="62" count="34" type="cond" truecount="2" falsecount="0"/>
        <line num="66" count="10" type="stmt"/>
        <line num="72" count="2" type="stmt"/>
      </file>
    </package>
    <package name="algorithms.sorting">
      <metrics statements="48" coveredstatements="48" conditionals="14" coveredconditionals="14" methods="11" coveredmethods="11"/>
      <file name="Sort.js" path="/home/brunolnetto/github/dot-quiver-api/algorithms/sorting/Sort.js">
        <metrics statements="8" coveredstatements="8" conditionals="6" coveredconditionals="6" methods="4" coveredmethods="4"/>
        <line num="13" count="73" type="stmt"/>
        <line num="14" count="73" type="stmt"/>
        <line num="22" count="73" type="cond" truecount="2" falsecount="0"/>
        <line num="23" count="73" type="stmt"/>
        <line num="25" count="73" type="cond" truecount="2" falsecount="0"/>
        <line num="26" count="73" type="cond" truecount="2" falsecount="0"/>
        <line num="28" count="73" type="stmt"/>
        <line num="32" count="1" type="stmt"/>
      </file>
      <file name="SortTester.js" path="/home/brunolnetto/github/dot-quiver-api/algorithms/sorting/SortTester.js">
        <metrics statements="40" coveredstatements="40" conditionals="8" coveredconditionals="8" methods="7" coveredmethods="7"/>
        <line num="1" count="10" type="stmt"/>
        <line num="2" count="10" type="stmt"/>
        <line num="3" count="10" type="stmt"/>
        <line num="4" count="10" type="stmt"/>
        <line num="5" count="10" type="stmt"/>
        <line num="6" count="10" type="stmt"/>
        <line num="10" count="10" type="stmt"/>
        <line num="12" count="10" type="stmt"/>
        <line num="13" count="10" type="stmt"/>
        <line num="14" count="10" type="stmt"/>
        <line num="15" count="10" type="stmt"/>
        <line num="16" count="10" type="stmt"/>
        <line num="17" count="10" type="stmt"/>
        <line num="18" count="10" type="stmt"/>
        <line num="19" count="10" type="stmt"/>
        <line num="20" count="10" type="stmt"/>
        <line num="24" count="9" type="stmt"/>
        <line num="25" count="9" type="stmt"/>
        <line num="29" count="8" type="stmt"/>
        <line num="31" count="72" type="cond" truecount="2" falsecount="0"/>
        <line num="32" count="10" type="stmt"/>
        <line num="34" count="62" type="cond" truecount="2" falsecount="0"/>
        <line num="38" count="8" type="stmt"/>
        <line num="40" count="8" type="stmt"/>
        <line num="41" count="8" type="stmt"/>
        <line num="42" count="8" type="stmt"/>
        <line num="43" count="8" type="stmt"/>
        <line num="44" count="8" type="stmt"/>
        <line num="48" count="4" type="stmt"/>
        <line num="50" count="49" type="cond" truecount="2" falsecount="0"/>
        <line num="51" count="10" type="stmt"/>
        <line num="53" count="39" type="cond" truecount="2" falsecount="0"/>
        <line num="57" count="4" type="stmt"/>
        <line num="59" count="4" type="stmt"/>
        <line num="60" count="4" type="stmt"/>
        <line num="64" count="38" type="stmt"/>
        <line num="65" count="38" type="stmt"/>
        <line num="66" count="38" type="stmt"/>
        <line num="68" count="38" type="stmt"/>
        <line num="70" count="38" type="stmt"/>
      </file>
    </package>
    <package name="algorithms.sorting.bubble-sort">
      <metrics statements="13" coveredstatements="13" conditionals="4" coveredconditionals="4" methods="1" coveredmethods="1"/>
      <file name="BubbleSort.js" path="/home/brunolnetto/github/dot-quiver-api/algorithms/sorting/bubble-sort/BubbleSort.js">
        <metrics statements="13" coveredstatements="13" conditionals="4" coveredconditionals="4" methods="1" coveredmethods="1"/>
        <line num="6" count="21" type="stmt"/>
        <line num="8" count="21" type="stmt"/>
        <line num="10" count="21" type="stmt"/>
        <line num="11" count="94" type="stmt"/>
        <line num="14" count="94" type="stmt"/>
        <line num="16" count="94" type="stmt"/>
        <line num="18" count="908" type="stmt"/>
        <line num="21" count="908" type="cond" truecount="2" falsecount="0"/>
        <line num="22" count="594" type="stmt"/>
        <line num="25" count="594" type="stmt"/>
        <line num="31" count="94" type="cond" truecount="2" falsecount="0"/>
        <line num="32" count="12" type="stmt"/>
        <line num="36" count="9" type="stmt"/>
      </file>
    </package>
    <package name="algorithms.sorting.counting-sort">
      <metrics statements="25" coveredstatements="25" conditionals="14" coveredconditionals="14" methods="3" coveredmethods="3"/>
      <file name="CountingSort.js" path="/home/brunolnetto/github/dot-quiver-api/algorithms/sorting/counting-sort/CountingSort.js">
        <metrics statements="25" coveredstatements="25" conditionals="14" coveredconditionals="14" methods="3" coveredmethods="3"/>
        <line num="11" count="15" type="cond" truecount="2" falsecount="0"/>
        <line num="12" count="15" type="cond" truecount="2" falsecount="0"/>
        <line num="14" count="15" type="cond" truecount="4" falsecount="0"/>
        <line num="15" count="14" type="stmt"/>
        <line num="17" count="185" type="stmt"/>
        <line num="20" count="185" type="cond" truecount="2" falsecount="0"/>
        <line num="21" count="58" type="stmt"/>
        <line num="25" count="185" type="cond" truecount="2" falsecount="0"/>
        <line num="26" count="2" type="stmt"/>
        <line num="33" count="15" type="stmt"/>
        <line num="35" count="15" type="stmt"/>
        <line num="37" count="205" type="stmt"/>
        <line num="39" count="205" type="stmt"/>
        <line num="45" count="15" type="stmt"/>
        <line num="46" count="180" type="stmt"/>
        <line num="53" count="15" type="stmt"/>
        <line num="54" count="15" type="stmt"/>
        <line num="57" count="15" type="stmt"/>
        <line num="58" count="15" type="stmt"/>
        <line num="60" count="205" type="stmt"/>
        <line num="63" count="205" type="stmt"/>
        <line num="66" count="205" type="stmt"/>
        <line num="69" count="205" type="stmt"/>
        <line num="72" count="205" type="stmt"/>
        <line num="76" count="15" type="stmt"/>
      </file>
    </package>
    <package name="algorithms.sorting.heap-sort">
      <metrics statements="10" coveredstatements="10" conditionals="0" coveredconditionals="0" methods="2" coveredmethods="2"/>
      <file name="HeapSort.js" path="/home/brunolnetto/github/dot-quiver-api/algorithms/sorting/heap-sort/HeapSort.js">
        <metrics statements="10" coveredstatements="10" conditionals="0" coveredconditionals="0" methods="2" coveredmethods="2"/>
        <line num="6" count="19" type="stmt"/>
        <line num="7" count="19" type="stmt"/>
        <line num="10" count="19" type="stmt"/>
        <line num="12" count="195" type="stmt"/>
        <line num="14" count="195" type="stmt"/>
        <line num="19" count="19" type="stmt"/>
        <line num="20" count="195" type="stmt"/>
        <line num="23" count="195" type="stmt"/>
        <line num="25" count="195" type="stmt"/>
        <line num="28" count="19" type="stmt"/>
      </file>
    </package>
    <package name="algorithms.sorting.insertion-sort">
      <metrics statements="9" coveredstatements="9" conditionals="2" coveredconditionals="2" methods="1" coveredmethods="1"/>
      <file name="InsertionSort.js" path="/home/brunolnetto/github/dot-quiver-api/algorithms/sorting/insertion-sort/InsertionSort.js">
        <metrics statements="9" coveredstatements="9" conditionals="2" coveredconditionals="2" methods="1" coveredmethods="1"/>
        <line num="5" count="21" type="stmt"/>
        <line num="8" count="21" type="stmt"/>
        <line num="9" count="183" type="stmt"/>
        <line num="12" count="183" type="stmt"/>
        <line num="16" count="183" type="stmt"/>
        <line num="21" count="594" type="stmt"/>
        <line num="24" count="594" type="stmt"/>
        <line num="33" count="594" type="stmt"/>
        <line num="37" count="21" type="stmt"/>
      </file>
    </package>
    <package name="algorithms.sorting.merge-sort">
      <metrics statements="22" coveredstatements="22" conditionals="6" coveredconditionals="6" methods="2" coveredmethods="2"/>
      <file name="MergeSort.js" path="/home/brunolnetto/github/dot-quiver-api/algorithms/sorting/merge-sort/MergeSort.js">
        <metrics statements="22" coveredstatements="22" conditionals="6" coveredconditionals="6" methods="2" coveredmethods="2"/>
        <line num="6" count="387" type="stmt"/>
        <line num="9" count="387" type="cond" truecount="2" falsecount="0"/>
        <line num="10" count="204" type="stmt"/>
        <line num="14" count="183" type="stmt"/>
        <line num="15" count="183" type="stmt"/>
        <line num="16" count="183" type="stmt"/>
        <line num="19" count="183" type="stmt"/>
        <line num="20" count="183" type="stmt"/>
        <line num="23" count="183" type="stmt"/>
        <line num="27" count="183" type="stmt"/>
        <line num="30" count="183" type="stmt"/>
        <line num="31" count="183" type="stmt"/>
        <line num="33" count="183" type="cond" truecount="2" falsecount="0"/>
        <line num="34" count="446" type="stmt"/>
        <line num="37" count="446" type="cond" truecount="2" falsecount="0"/>
        <line num="38" count="250" type="stmt"/>
        <line num="40" count="250" type="stmt"/>
        <line num="42" count="196" type="stmt"/>
        <line num="44" count="196" type="stmt"/>
        <line num="48" count="446" type="stmt"/>
        <line num="51" count="446" type="stmt"/>
        <line num="56" count="183" type="stmt"/>
      </file>
    </package>
    <package name="algorithms.sorting.quick-sort">
      <metrics statements="39" coveredstatements="39" conditionals="15" coveredconditionals="15" methods="4" coveredmethods="4"/>
      <file name="QuickSort.js" path="/home/brunolnetto/github/dot-quiver-api/algorithms/sorting/quick-sort/QuickSort.js">
        <metrics statements="18" coveredstatements="18" conditionals="6" coveredconditionals="6" methods="1" coveredmethods="1"/>
        <line num="10" count="293" type="stmt"/>
        <line num="13" count="293" type="cond" truecount="2" falsecount="0"/>
        <line num="14" count="158" type="stmt"/>
        <line num="18" count="135" type="stmt"/>
        <line num="19" count="135" type="stmt"/>
        <line num="22" count="135" type="stmt"/>
        <line num="23" count="135" type="stmt"/>
        <line num="26" count="135" type="stmt"/>
        <line num="27" count="1018" type="stmt"/>
        <line num="30" count="1018" type="stmt"/>
        <line num="32" count="1018" type="cond" truecount="2" falsecount="0"/>
        <line num="33" count="46" type="stmt"/>
        <line num="34" count="972" type="cond" truecount="2" falsecount="0"/>
        <line num="35" count="478" type="stmt"/>
        <line num="37" count="494" type="stmt"/>
        <line num="42" count="135" type="stmt"/>
        <line num="43" count="135" type="stmt"/>
        <line num="46" count="135" type="stmt"/>
      </file>
      <file name="QuickSortInPlace.js" path="/home/brunolnetto/github/dot-quiver-api/algorithms/sorting/quick-sort/QuickSortInPlace.js">
        <metrics statements="21" coveredstatements="21" conditionals="9" coveredconditionals="9" methods="3" coveredmethods="3"/>
        <line num="22" count="331" type="cond" truecount="2" falsecount="0"/>
        <line num="35" count="331" type="stmt"/>
        <line num="41" count="156" type="stmt"/>
        <line num="42" count="855" type="stmt"/>
        <line num="43" count="855" type="stmt"/>
        <line num="44" count="855" type="stmt"/>
        <line num="47" count="156" type="stmt"/>
        <line num="49" count="156" type="stmt"/>
        <line num="51" count="156" type="stmt"/>
        <line num="52" count="156" type="stmt"/>
        <line num="53" count="1350" type="cond" truecount="2" falsecount="0"/>
        <line num="54" count="699" type="stmt"/>
        <line num="55" count="699" type="stmt"/>
        <line num="63" count="156" type="stmt"/>
        <line num="65" count="156" type="stmt"/>
        <line num="69" count="331" type="cond" truecount="2" falsecount="0"/>
        <line num="70" count="156" type="stmt"/>
        <line num="71" count="156" type="stmt"/>
        <line num="72" count="156" type="stmt"/>
        <line num="73" count="156" type="stmt"/>
        <line num="76" count="331" type="stmt"/>
      </file>
    </package>
    <package name="algorithms.sorting.radix-sort">
      <metrics statements="37" coveredstatements="37" conditionals="12" coveredconditionals="12" methods="14" coveredmethods="14"/>
      <file name="RadixSort.js" path="/home/brunolnetto/github/dot-quiver-api/algorithms/sorting/radix-sort/RadixSort.js">
        <metrics statements="37" coveredstatements="37" conditionals="12" coveredconditionals="12" methods="14" coveredmethods="14"/>
        <line num="4" count="1" type="stmt"/>
        <line num="5" count="1" type="stmt"/>
        <line num="6" count="1" type="stmt"/>
        <line num="15" count="11" type="stmt"/>
        <line num="17" count="11" type="stmt"/>
        <line num="18" count="11" type="stmt"/>
        <line num="20" count="11" type="stmt"/>
        <line num="21" count="22" type="cond" truecount="2" falsecount="0"/>
        <line num="26" count="284" type="stmt"/>
        <line num="29" count="11" type="stmt"/>
        <line num="39" count="18" type="stmt"/>
        <line num="40" count="18" type="stmt"/>
        <line num="41" count="18" type="stmt"/>
        <line num="43" count="18" type="stmt"/>
        <line num="44" count="232" type="stmt"/>
        <line num="45" count="232" type="cond" truecount="2" falsecount="0"/>
        <line num="46" count="75" type="stmt"/>
        <line num="53" count="157" type="stmt"/>
        <line num="54" count="157" type="stmt"/>
        <line num="58" count="18" type="stmt"/>
        <line num="68" count="4" type="stmt"/>
        <line num="70" count="4" type="stmt"/>
        <line num="71" count="24" type="stmt"/>
        <line num="72" count="24" type="stmt"/>
        <line num="73" count="24" type="stmt"/>
        <line num="76" count="4" type="stmt"/>
        <line num="87" count="24" type="cond" truecount="2" falsecount="0"/>
        <line num="88" count="9" type="stmt"/>
        <line num="95" count="15" type="cond" truecount="2" falsecount="0"/>
        <line num="97" count="15" type="stmt"/>
        <line num="105" count="11" type="stmt"/>
        <line num="113" count="11" type="cond" truecount="2" falsecount="0"/>
        <line num="114" count="9" type="stmt"/>
        <line num="117" count="6" type="cond" truecount="2" falsecount="0"/>
        <line num="126" count="22" type="stmt"/>
        <line num="138" count="284" type="stmt"/>
        <line num="146" count="22" type="stmt"/>
      </file>
    </package>
    <package name="algorithms.sorting.selection-sort">
      <metrics statements="11" coveredstatements="11" conditionals="4" coveredconditionals="4" methods="1" coveredmethods="1"/>
      <file name="SelectionSort.js" path="/home/brunolnetto/github/dot-quiver-api/algorithms/sorting/selection-sort/SelectionSort.js">
        <metrics statements="11" coveredstatements="11" conditionals="4" coveredconditionals="4" methods="1" coveredmethods="1"/>
        <line num="6" count="19" type="stmt"/>
        <line num="8" count="19" type="stmt"/>
        <line num="9" count="177" type="stmt"/>
        <line num="12" count="177" type="stmt"/>
        <line num="15" count="177" type="stmt"/>
        <line num="17" count="1620" type="stmt"/>
        <line num="19" count="1620" type="cond" truecount="2" falsecount="0"/>
        <line num="20" count="300" type="stmt"/>
        <line num="25" count="177" type="cond" truecount="2" falsecount="0"/>
        <line num="26" count="75" type="stmt"/>
        <line num="30" count="19" type="stmt"/>
      </file>
    </package>
    <package name="algorithms.sorting.shell-sort">
      <metrics statements="16" coveredstatements="16" conditionals="2" coveredconditionals="2" methods="1" coveredmethods="1"/>
      <file name="ShellSort.js" path="/home/brunolnetto/github/dot-quiver-api/algorithms/sorting/shell-sort/ShellSort.js">
        <metrics statements="16" coveredstatements="16" conditionals="2" coveredconditionals="2" methods="1" coveredmethods="1"/>
        <line num="6" count="19" type="stmt"/>
        <line num="9" count="19" type="stmt"/>
        <line num="12" count="19" type="stmt"/>
        <line num="14" count="44" type="stmt"/>
        <line num="15" count="549" type="stmt"/>
        <line num="16" count="549" type="stmt"/>
        <line num="18" count="549" type="stmt"/>
        <line num="20" count="2712" type="stmt"/>
        <line num="23" count="2712" type="cond" truecount="2" falsecount="0"/>
        <line num="24" count="163" type="stmt"/>
        <line num="25" count="163" type="stmt"/>
        <line num="26" count="163" type="stmt"/>
        <line num="29" count="2712" type="stmt"/>
        <line num="30" count="2712" type="stmt"/>
        <line num="35" count="44" type="stmt"/>
        <line num="39" count="19" type="stmt"/>
      </file>
    </package>
    <package name="algorithms.strongly-connected-components">
      <metrics statements="35" coveredstatements="35" conditionals="6" coveredconditionals="6" methods="10" coveredmethods="10"/>
      <file name="stronglyConnectedComponents.js" path="/home/brunolnetto/github/dot-quiver-api/algorithms/strongly-connected-components/stronglyConnectedComponents.js">
        <metrics statements="35" coveredstatements="35" conditionals="6" coveredconditionals="6" methods="10" coveredmethods="10"/>
        <line num="10" count="38" type="stmt"/>
        <line num="16" count="38" type="stmt"/>
        <line num="19" count="38" type="stmt"/>
        <line num="20" count="38" type="stmt"/>
        <line num="21" count="215" type="stmt"/>
        <line num="25" count="38" type="stmt"/>
        <line num="28" count="215" type="stmt"/>
        <line num="31" count="215" type="stmt"/>
        <line num="37" count="215" type="stmt"/>
        <line num="41" count="578" type="stmt"/>
        <line num="45" count="38" type="stmt"/>
        <line num="47" count="66" type="stmt"/>
        <line num="48" count="66" type="stmt"/>
        <line num="49" count="66" type="stmt"/>
        <line num="51" count="66" type="stmt"/>
        <line num="54" count="38" type="stmt"/>
        <line num="64" count="38" type="stmt"/>
        <line num="67" count="38" type="stmt"/>
        <line num="70" count="38" type="stmt"/>
        <line num="73" count="38" type="stmt"/>
        <line num="76" count="215" type="stmt"/>
        <line num="79" count="215" type="stmt"/>
        <line num="87" count="215" type="cond" truecount="2" falsecount="0"/>
        <line num="88" count="72" type="stmt"/>
        <line num="93" count="578" type="stmt"/>
        <line num="96" count="38" type="stmt"/>
        <line num="98" count="215" type="stmt"/>
        <line num="101" count="215" type="stmt"/>
        <line num="104" count="215" type="cond" truecount="2" falsecount="0"/>
        <line num="106" count="72" type="stmt"/>
        <line num="110" count="38" type="stmt"/>
        <line num="126" count="38" type="stmt"/>
        <line num="129" count="38" type="cond" truecount="2" falsecount="0"/>
        <line num="130" count="5" type="stmt"/>
        <line num="134" count="38" type="stmt"/>
      </file>
    </package>
    <package name="algorithms.topological-sorting">
      <metrics statements="15" coveredstatements="15" conditionals="0" coveredconditionals="0" methods="5" coveredmethods="5"/>
      <file name="topologicalSort.js" path="/home/brunolnetto/github/dot-quiver-api/algorithms/topological-sorting/topologicalSort.js">
        <metrics statements="15" coveredstatements="15" conditionals="0" coveredconditionals="0" methods="5" coveredmethods="5"/>
        <line num="9" count="1" type="stmt"/>
        <line num="10" count="1" type="stmt"/>
        <line num="11" count="8" type="stmt"/>
        <line num="15" count="1" type="stmt"/>
        <line num="18" count="1" type="stmt"/>
        <line num="20" count="1" type="stmt"/>
        <line num="23" count="8" type="stmt"/>
        <line num="26" count="8" type="stmt"/>
        <line num="30" count="8" type="stmt"/>
        <line num="32" count="8" type="stmt"/>
        <line num="36" count="1" type="stmt"/>
        <line num="37" count="2" type="stmt"/>
        <line num="38" count="2" type="stmt"/>
        <line num="41" count="2" type="stmt"/>
        <line num="44" count="1" type="stmt"/>
      </file>
    </package>
    <package name="algorithms.travelling-salesman">
      <metrics statements="39" coveredstatements="39" conditionals="8" coveredconditionals="8" methods="6" coveredmethods="6"/>
      <file name="bfTravellingSalesman.js" path="/home/brunolnetto/github/dot-quiver-api/algorithms/travelling-salesman/bfTravellingSalesman.js">
        <metrics statements="39" coveredstatements="39" conditionals="8" coveredconditionals="8" methods="6" coveredmethods="6"/>
        <line num="9" count="16" type="stmt"/>
        <line num="12" count="16" type="stmt"/>
        <line num="15" count="16" type="stmt"/>
        <line num="16" count="49" type="stmt"/>
        <line num="17" count="49" type="stmt"/>
        <line num="19" count="49" type="stmt"/>
        <line num="23" count="48" type="stmt"/>
        <line num="26" count="16" type="cond" truecount="2" falsecount="0"/>
        <line num="27" count="6" type="stmt"/>
        <line num="29" count="6" type="stmt"/>
        <line num="33" count="10" type="stmt"/>
        <line num="34" count="15" type="stmt"/>
        <line num="35" count="15" type="stmt"/>
        <line num="38" count="10" type="stmt"/>
        <line num="48" count="6" type="stmt"/>
        <line num="50" count="6" type="stmt"/>
        <line num="51" count="18" type="stmt"/>
        <line num="52" count="18" type="stmt"/>
        <line num="53" count="18" type="stmt"/>
        <line num="54" count="18" type="stmt"/>
        <line num="55" count="18" type="stmt"/>
        <line num="58" count="6" type="stmt"/>
        <line num="69" count="1" type="stmt"/>
        <line num="73" count="1" type="stmt"/>
        <line num="76" count="1" type="stmt"/>
        <line num="78" count="6" type="stmt"/>
        <line num="79" count="6" type="stmt"/>
        <line num="81" count="6" type="stmt"/>
        <line num="85" count="1" type="stmt"/>
        <line num="86" count="1" type="stmt"/>
        <line num="87" count="1" type="stmt"/>
        <line num="88" count="1" type="stmt"/>
        <line num="89" count="1" type="stmt"/>
        <line num="90" count="6" type="stmt"/>
        <line num="91" count="6" type="stmt"/>
        <line num="94" count="6" type="cond" truecount="4" falsecount="0"/>
        <line num="95" count="1" type="stmt"/>
        <line num="96" count="1" type="stmt"/>
        <line num="101" count="1" type="stmt"/>
      </file>
    </package>
    <package name="data-structures.disjoint-set">
      <metrics statements="53" coveredstatements="53" conditionals="25" coveredconditionals="24" methods="14" coveredmethods="14"/>
      <file name="DisjointSet.js" path="/home/brunolnetto/github/dot-quiver-api/data-structures/disjoint-set/DisjointSet.js">
        <metrics statements="29" coveredstatements="29" conditionals="16" coveredconditionals="15" methods="5" coveredmethods="5"/>
        <line num="8" count="7" type="stmt"/>
        <line num="9" count="7" type="stmt"/>
        <line num="17" count="25" type="stmt"/>
        <line num="19" count="25" type="cond" truecount="1" falsecount="1"/>
        <line num="21" count="25" type="stmt"/>
        <line num="24" count="25" type="stmt"/>
        <line num="34" count="134" type="stmt"/>
        <line num="37" count="134" type="stmt"/>
        <line num="39" count="134" type="cond" truecount="2" falsecount="0"/>
        <line num="40" count="10" type="stmt"/>
        <line num="43" count="124" type="stmt"/>
        <line num="54" count="22" type="stmt"/>
        <line num="55" count="22" type="stmt"/>
        <line num="57" count="22" type="cond" truecount="4" falsecount="0"/>
        <line num="58" count="1" type="stmt"/>
        <line num="61" count="21" type="cond" truecount="2" falsecount="0"/>
        <line num="63" count="1" type="stmt"/>
        <line num="66" count="20" type="stmt"/>
        <line num="67" count="20" type="stmt"/>
        <line num="69" count="20" type="cond" truecount="2" falsecount="0"/>
        <line num="71" count="2" type="stmt"/>
        <line num="73" count="2" type="stmt"/>
        <line num="77" count="18" type="stmt"/>
        <line num="79" count="18" type="stmt"/>
        <line num="88" count="33" type="stmt"/>
        <line num="89" count="33" type="stmt"/>
        <line num="91" count="33" type="cond" truecount="4" falsecount="0"/>
        <line num="92" count="1" type="stmt"/>
        <line num="95" count="32" type="stmt"/>
      </file>
      <file name="DisjointSetItem.js" path="/home/brunolnetto/github/dot-quiver-api/data-structures/disjoint-set/DisjointSetItem.js">
        <metrics statements="24" coveredstatements="24" conditionals="9" coveredconditionals="9" methods="9" coveredmethods="9"/>
        <line num="7" count="167" type="stmt"/>
        <line num="8" count="167" type="stmt"/>
        <line num="10" count="167" type="stmt"/>
        <line num="11" count="167" type="stmt"/>
        <line num="19" count="336" type="cond" truecount="2" falsecount="0"/>
        <line num="20" count="194" type="stmt"/>
        <line num="24" count="142" type="stmt"/>
        <line num="31" count="193" type="cond" truecount="2" falsecount="0"/>
        <line num="38" count="213" type="stmt"/>
        <line num="47" count="99" type="cond" truecount="2" falsecount="0"/>
        <line num="48" count="72" type="stmt"/>
        <line num="51" count="27" type="stmt"/>
        <line num="54" count="27" type="stmt"/>
        <line num="56" count="43" type="stmt"/>
        <line num="59" count="43" type="stmt"/>
        <line num="62" count="27" type="stmt"/>
        <line num="69" count="140" type="stmt"/>
        <line num="78" count="28" type="stmt"/>
        <line num="79" count="28" type="cond" truecount="2" falsecount="0"/>
        <line num="80" count="2" type="stmt"/>
        <line num="83" count="28" type="stmt"/>
        <line num="91" count="26" type="stmt"/>
        <line num="92" count="26" type="stmt"/>
        <line num="94" count="26" type="stmt"/>
      </file>
    </package>
    <package name="data-structures.graph">
      <metrics statements="794" coveredstatements="792" conditionals="216" coveredconditionals="193" methods="215" coveredmethods="214"/>
      <file name="Graph.js" path="/home/brunolnetto/github/dot-quiver-api/data-structures/graph/Graph.js">
        <metrics statements="745" coveredstatements="743" conditionals="198" coveredconditionals="175" methods="188" coveredmethods="187"/>
        <line num="47" count="234" type="stmt"/>
        <line num="48" count="234" type="stmt"/>
        <line num="49" count="234" type="stmt"/>
        <line num="50" count="234" type="stmt"/>
        <line num="51" count="234" type="stmt"/>
        <line num="58" count="1" type="stmt"/>
        <line num="66" count="1" type="stmt"/>
        <line num="67" count="1" type="stmt"/>
        <line num="68" count="1" type="stmt"/>
        <line num="70" count="1" type="stmt"/>
        <line num="72" count="1" type="stmt"/>
        <line num="81" count="1110" type="cond" truecount="2" falsecount="0"/>
        <line num="82" count="1" type="stmt"/>
        <line num="85" count="1109" type="stmt"/>
        <line num="86" count="1109" type="stmt"/>
        <line num="94" count="1" type="stmt"/>
        <line num="102" count="433" type="stmt"/>
        <line num="110" count="5491" type="stmt"/>
        <line num="118" count="58" type="stmt"/>
        <line num="119" count="58" type="stmt"/>
        <line num="127" count="3308" type="stmt"/>
        <line num="134" count="1933" type="stmt"/>
        <line num="141" count="3" type="stmt"/>
        <line num="148" count="832" type="stmt"/>
        <line num="155" count="132" type="stmt"/>
        <line num="162" count="6" type="stmt"/>
        <line num="169" count="8" type="stmt"/>
        <line num="176" count="2" type="stmt"/>
        <line num="177" count="4" type="stmt"/>
        <line num="185" count="1" type="stmt"/>
        <line num="187" count="1" type="stmt"/>
        <line num="188" count="2" type="stmt"/>
        <line num="197" count="10" type="stmt"/>
        <line num="198" count="10" type="stmt"/>
        <line num="200" count="10" type="stmt"/>
        <line num="202" count="10" type="stmt"/>
        <line num="204" count="45" type="cond" truecount="2" falsecount="0"/>
        <line num="205" count="41" type="cond" truecount="2" falsecount="0"/>
        <line num="207" count="4" type="cond" truecount="1" falsecount="1"/>
        <line num="210" count="45" type="cond" truecount="2" falsecount="0"/>
        <line num="214" count="24" type="stmt"/>
        <line num="216" count="21" type="stmt"/>
        <line num="218" count="45" type="stmt"/>
        <line num="226" count="3" type="stmt"/>
        <line num="227" count="4" type="stmt"/>
        <line num="236" count="5" type="stmt"/>
        <line num="238" count="5" type="stmt"/>
        <line num="240" count="16" type="stmt"/>
        <line num="251" count="51" type="stmt"/>
        <line num="252" count="51" type="stmt"/>
        <line num="254" count="51" type="stmt"/>
        <line num="255" count="70" type="stmt"/>
        <line num="258" count="51" type="stmt"/>
        <line num="266" count="29" type="stmt"/>
        <line num="267" count="29" type="stmt"/>
        <line num="269" count="29" type="stmt"/>
        <line num="270" count="136" type="stmt"/>
        <line num="273" count="29" type="stmt"/>
        <line num="281" count="4" type="stmt"/>
        <line num="283" count="4" type="stmt"/>
        <line num="294" count="3" type="stmt"/>
        <line num="302" count="25" type="stmt"/>
        <line num="303" count="124" type="stmt"/>
        <line num="312" count="25" type="stmt"/>
        <line num="325" count="475" type="stmt"/>
        <line num="326" count="475" type="stmt"/>
        <line num="327" count="475" type="stmt"/>
        <line num="328" count="475" type="stmt"/>
        <line num="329" count="475" type="stmt"/>
        <line num="332" count="475" type="stmt"/>
        <line num="333" count="2529" type="stmt"/>
        <line num="337" count="475" type="cond" truecount="2" falsecount="0"/>
        <line num="339" count="432" type="stmt"/>
        <line num="340" count="2311" type="stmt"/>
        <line num="341" count="2311" type="stmt"/>
        <line num="343" count="2311" type="stmt"/>
        <line num="344" count="2311" type="stmt"/>
        <line num="346" count="2633" type="cond" truecount="2" falsecount="2"/>
        <line num="348" count="2633" type="stmt"/>
        <line num="353" count="2311" type="stmt"/>
        <line num="357" count="43" type="stmt"/>
        <line num="359" count="43" type="stmt"/>
        <line num="360" count="43" type="stmt"/>
        <line num="361" count="43" type="stmt"/>
        <line num="363" count="43" type="stmt"/>
        <line num="364" count="218" type="stmt"/>
        <line num="365" count="218" type="stmt"/>
        <line num="367" count="218" type="stmt"/>
        <line num="368" count="260" type="stmt"/>
        <line num="370" count="260" type="stmt"/>
        <line num="375" count="475" type="stmt"/>
        <line num="386" count="4" type="stmt"/>
        <line num="388" count="24" type="stmt"/>
        <line num="396" count="2" type="stmt"/>
        <line num="397" count="2" type="stmt"/>
        <line num="398" count="2" type="stmt"/>
        <line num="400" count="2" type="stmt"/>
        <line num="401" count="9" type="cond" truecount="2" falsecount="0"/>
        <line num="402" count="2" type="stmt"/>
        <line num="406" count="2" type="stmt"/>
        <line num="414" count="2" type="stmt"/>
        <line num="415" count="2" type="stmt"/>
        <line num="416" count="2" type="stmt"/>
        <line num="418" count="2" type="stmt"/>
        <line num="419" count="7" type="cond" truecount="2" falsecount="0"/>
        <line num="420" count="3" type="stmt"/>
        <line num="424" count="2" type="stmt"/>
        <line num="428" count="1" type="stmt"/>
        <line num="429" count="1" type="stmt"/>
        <line num="430" count="1" type="stmt"/>
        <line num="432" count="1" type="stmt"/>
        <line num="433" count="1" type="stmt"/>
        <line num="441" count="1" type="stmt"/>
        <line num="450" count="1152" type="cond" truecount="2" falsecount="0"/>
        <line num="451" count="1" type="stmt"/>
        <line num="452" count="1" type="stmt"/>
        <line num="455" count="1151" type="stmt"/>
        <line num="457" count="1151" type="stmt"/>
        <line num="459" count="1151" type="cond" truecount="2" falsecount="0"/>
        <line num="461" count="2" type="cond" truecount="1" falsecount="1"/>
        <line num="462" count="2" type="stmt"/>
        <line num="465" count="1149" type="stmt"/>
        <line num="468" count="1149" type="cond" truecount="2" falsecount="0"/>
        <line num="469" count="157" type="stmt"/>
        <line num="473" count="1149" type="cond" truecount="2" falsecount="0"/>
        <line num="474" count="505" type="stmt"/>
        <line num="479" count="1151" type="cond" truecount="2" falsecount="0"/>
        <line num="481" count="442" type="stmt"/>
        <line num="484" count="709" type="stmt"/>
        <line num="485" count="709" type="stmt"/>
        <line num="494" count="1" type="stmt"/>
        <line num="502" count="205" type="stmt"/>
        <line num="503" count="1073" type="stmt"/>
        <line num="512" count="108" type="cond" truecount="2" falsecount="0"/>
        <line num="513" count="107" type="stmt"/>
        <line num="515" count="1" type="stmt"/>
        <line num="519" count="108" type="stmt"/>
        <line num="520" count="108" type="stmt"/>
        <line num="522" count="108" type="stmt"/>
        <line num="523" count="108" type="stmt"/>
        <line num="530" count="21" type="stmt"/>
        <line num="531" count="25" type="stmt"/>
        <line num="541" count="559" type="stmt"/>
        <line num="543" count="559" type="cond" truecount="2" falsecount="0"/>
        <line num="544" count="2" type="stmt"/>
        <line num="547" count="557" type="stmt"/>
        <line num="556" count="26" type="stmt"/>
        <line num="558" count="26" type="cond" truecount="2" falsecount="0"/>
        <line num="559" count="2" type="stmt"/>
        <line num="562" count="24" type="stmt"/>
        <line num="571" count="22" type="stmt"/>
        <line num="572" count="24" type="stmt"/>
        <line num="583" count="56" type="stmt"/>
        <line num="587" count="1" type="stmt"/>
        <line num="589" count="1" type="stmt"/>
        <line num="591" count="6" type="stmt"/>
        <line num="595" count="1" type="stmt"/>
        <line num="597" count="1" type="stmt"/>
        <line num="599" count="6" type="stmt"/>
        <line num="606" count="787" type="stmt"/>
        <line num="607" count="787" type="stmt"/>
        <line num="608" count="4129" type="stmt"/>
        <line num="611" count="787" type="stmt"/>
        <line num="618" count="117" type="stmt"/>
        <line num="619" count="117" type="stmt"/>
        <line num="620" count="117" type="stmt"/>
        <line num="621" count="117" type="stmt"/>
        <line num="623" count="117" type="stmt"/>
        <line num="625" count="117" type="stmt"/>
        <line num="626" count="608" type="stmt"/>
        <line num="629" count="117" type="stmt"/>
        <line num="636" count="6" type="stmt"/>
        <line num="637" count="6" type="stmt"/>
        <line num="644" count="11" type="stmt"/>
        <line num="645" count="11" type="stmt"/>
        <line num="649" count="11" type="stmt"/>
        <line num="650" count="49" type="stmt"/>
        <line num="654" count="11" type="stmt"/>
        <line num="655" count="49" type="stmt"/>
        <line num="656" count="124" type="stmt"/>
        <line num="658" count="124" type="stmt"/>
        <line num="662" count="11" type="stmt"/>
        <line num="670" count="8" type="stmt"/>
        <line num="671" count="8" type="stmt"/>
        <line num="672" count="50" type="stmt"/>
        <line num="675" count="8" type="cond" truecount="2" falsecount="0"/>
        <line num="677" count="7" type="stmt"/>
        <line num="678" count="49" type="stmt"/>
        <line num="680" count="49" type="cond" truecount="2" falsecount="0"/>
        <line num="682" count="48" type="stmt"/>
        <line num="685" count="48" type="stmt"/>
        <line num="687" count="48" type="stmt"/>
        <line num="689" count="48" type="cond" truecount="2" falsecount="0"/>
        <line num="690" count="1" type="stmt"/>
        <line num="693" count="1" type="stmt"/>
        <line num="696" count="1" type="stmt"/>
        <line num="699" count="1" type="stmt"/>
        <line num="701" count="1" type="stmt"/>
        <line num="705" count="48" type="stmt"/>
        <line num="707" count="48" type="stmt"/>
        <line num="711" count="1" type="stmt"/>
        <line num="714" count="8" type="stmt"/>
        <line num="722" count="19" type="stmt"/>
        <line num="729" count="65" type="stmt"/>
        <line num="731" count="65" type="stmt"/>
        <line num="733" count="65" type="stmt"/>
        <line num="735" count="359" type="stmt"/>
        <line num="743" count="65" type="stmt"/>
        <line num="751" count="113" type="stmt"/>
        <line num="754" count="113" type="cond" truecount="2" falsecount="0"/>
        <line num="756" count="100" type="cond" truecount="2" falsecount="0"/>
        <line num="758" count="80" type="stmt"/>
        <line num="759" count="80" type="stmt"/>
        <line num="761" count="80" type="stmt"/>
        <line num="763" count="80" type="stmt"/>
        <line num="764" count="75" type="cond" truecount="2" falsecount="0"/>
        <line num="765" count="45" type="stmt"/>
        <line num="769" count="35" type="stmt"/>
        <line num="771" count="35" type="stmt"/>
        <line num="781" count="20" type="stmt"/>
        <line num="782" count="20" type="stmt"/>
        <line num="783" count="20" type="stmt"/>
        <line num="785" count="20" type="stmt"/>
        <line num="786" count="95" type="stmt"/>
        <line num="787" count="95" type="stmt"/>
        <line num="792" count="20" type="stmt"/>
        <line num="793" count="38" type="cond" truecount="2" falsecount="0"/>
        <line num="794" count="13" type="stmt"/>
        <line num="798" count="7" type="stmt"/>
        <line num="808" count="13" type="stmt"/>
        <line num="811" count="13" type="stmt"/>
        <line num="814" count="13" type="stmt"/>
        <line num="815" count="14" type="stmt"/>
        <line num="816" count="14" type="cond" truecount="2" falsecount="0"/>
        <line num="825" count="4" type="stmt"/>
        <line num="826" count="4" type="stmt"/>
        <line num="828" count="4" type="stmt"/>
        <line num="830" count="4" type="stmt"/>
        <line num="831" count="12" type="stmt"/>
        <line num="832" count="12" type="stmt"/>
        <line num="835" count="4" type="cond" truecount="2" falsecount="0"/>
        <line num="836" count="2" type="stmt"/>
        <line num="839" count="4" type="stmt"/>
        <line num="847" count="4" type="stmt"/>
        <line num="848" count="24" type="stmt"/>
        <line num="857" count="2" type="stmt"/>
        <line num="859" count="2" type="stmt"/>
        <line num="860" count="1" type="cond" truecount="1" falsecount="1"/>
        <line num="861" count="1" type="stmt"/>
        <line num="862" count="1" type="stmt"/>
        <line num="866" count="2" type="stmt"/>
        <line num="875" count="36" type="stmt"/>
        <line num="877" count="36" type="stmt"/>
        <line num="879" count="36" type="stmt"/>
        <line num="880" count="36" type="stmt"/>
        <line num="882" count="36" type="stmt"/>
        <line num="883" count="66" type="stmt"/>
        <line num="885" count="66" type="stmt"/>
        <line num="886" count="66" type="stmt"/>
        <line num="887" count="200" type="stmt"/>
        <line num="889" count="200" type="stmt"/>
        <line num="892" count="66" type="stmt"/>
        <line num="895" count="36" type="stmt"/>
        <line num="903" count="20" type="stmt"/>
        <line num="905" count="20" type="stmt"/>
        <line num="907" count="40" type="stmt"/>
        <line num="912" count="1" type="stmt"/>
        <line num="913" count="1" type="stmt"/>
        <line num="915" count="1" type="stmt"/>
        <line num="917" count="6" type="stmt"/>
        <line num="920" count="1" type="stmt"/>
        <line num="928" count="15" type="stmt"/>
        <line num="936" count="1" type="stmt"/>
        <line num="940" count="1" type="stmt"/>
        <line num="941" count="5" type="stmt"/>
        <line num="944" count="1" type="stmt"/>
        <line num="947" count="1" type="stmt"/>
        <line num="948" count="5" type="cond" truecount="1" falsecount="1"/>
        <line num="952" count="1" type="stmt"/>
        <line num="954" count="1" type="cond" truecount="1" falsecount="1"/>
        <line num="955" count="1" type="stmt"/>
        <line num="959" count="5" type="stmt"/>
        <line num="963" count="1" type="stmt"/>
        <line num="967" count="1" type="stmt"/>
        <line num="968" count="5" type="cond" truecount="1" falsecount="1"/>
        <line num="971" count="1" type="stmt"/>
        <line num="986" count="16" type="stmt"/>
        <line num="987" count="16" type="stmt"/>
        <line num="988" count="16" type="stmt"/>
        <line num="991" count="16" type="cond" truecount="2" falsecount="0"/>
        <line num="993" count="7" type="stmt"/>
        <line num="994" count="10" type="cond" truecount="2" falsecount="0"/>
        <line num="995" count="6" type="stmt"/>
        <line num="999" count="1" type="stmt"/>
        <line num="1003" count="9" type="cond" truecount="2" falsecount="0"/>
        <line num="1006" count="8" type="stmt"/>
        <line num="1007" count="8" type="stmt"/>
        <line num="1008" count="47" type="cond" truecount="2" falsecount="0"/>
        <line num="1009" count="16" type="stmt"/>
        <line num="1014" count="8" type="cond" truecount="2" falsecount="0"/>
        <line num="1015" count="2" type="stmt"/>
        <line num="1021" count="6" type="cond" truecount="2" falsecount="0"/>
        <line num="1029" count="2" type="stmt"/>
        <line num="1030" count="2" type="stmt"/>
        <line num="1031" count="2" type="stmt"/>
        <line num="1034" count="2" type="stmt"/>
        <line num="1035" count="5" type="cond" truecount="2" falsecount="0"/>
        <line num="1036" count="1" type="stmt"/>
        <line num="1040" count="1" type="stmt"/>
        <line num="1048" count="2" type="stmt"/>
        <line num="1049" count="2" type="stmt"/>
        <line num="1053" count="2" type="stmt"/>
        <line num="1054" count="12" type="stmt"/>
        <line num="1057" count="2" type="stmt"/>
        <line num="1060" count="2" type="stmt"/>
        <line num="1062" count="7" type="cond" truecount="2" falsecount="0"/>
        <line num="1064" count="2" type="stmt"/>
        <line num="1065" count="2" type="stmt"/>
        <line num="1067" count="2" type="stmt"/>
        <line num="1068" count="8" type="stmt"/>
        <line num="1069" count="8" type="stmt"/>
        <line num="1072" count="8" type="stmt"/>
        <line num="1075" count="8" type="stmt"/>
        <line num="1078" count="8" type="stmt"/>
        <line num="1081" count="22" type="cond" truecount="2" falsecount="0"/>
        <line num="1082" count="1" type="stmt"/>
        <line num="1086" count="21" type="cond" truecount="2" falsecount="0"/>
        <line num="1088" count="7" type="cond" truecount="2" falsecount="0"/>
        <line num="1089" count="7" type="stmt"/>
        <line num="1098" count="1" type="stmt"/>
        <line num="1106" count="33" type="cond" truecount="2" falsecount="0"/>
        <line num="1107" count="33" type="stmt"/>
        <line num="1109" count="33" type="stmt"/>
        <line num="1110" count="37" type="stmt"/>
        <line num="1122" count="7" type="stmt"/>
        <line num="1123" count="7" type="stmt"/>
        <line num="1125" count="7" type="stmt"/>
        <line num="1126" count="7" type="stmt"/>
        <line num="1127" count="7" type="stmt"/>
        <line num="1129" count="7" type="stmt"/>
        <line num="1133" count="7" type="stmt"/>
        <line num="1136" count="15" type="stmt"/>
        <line num="1137" count="18" type="stmt"/>
        <line num="1138" count="32" type="stmt"/>
        <line num="1141" count="15" type="stmt"/>
        <line num="1142" count="16" type="stmt"/>
        <line num="1143" count="16" type="stmt"/>
        <line num="1146" count="15" type="stmt"/>
        <line num="1157" count="18" type="stmt"/>
        <line num="1159" count="18" type="stmt"/>
        <line num="1160" count="18" type="stmt"/>
        <line num="1161" count="18" type="stmt"/>
        <line num="1164" count="18" type="stmt"/>
        <line num="1167" count="18" type="stmt"/>
        <line num="1169" count="18" type="stmt"/>
        <line num="1171" count="36" type="stmt"/>
        <line num="1173" count="104" type="stmt"/>
        <line num="1176" count="104" type="stmt"/>
        <line num="1187" count="4" type="stmt"/>
        <line num="1190" count="8" type="stmt"/>
        <line num="1195" count="8" type="stmt"/>
        <line num="1206" count="9" type="stmt"/>
        <line num="1208" count="18" type="stmt"/>
        <line num="1217" count="4" type="stmt"/>
        <line num="1220" count="8" type="stmt"/>
        <line num="1222" count="8" type="stmt"/>
        <line num="1226" count="8" type="stmt"/>
        <line num="1237" count="2" type="stmt"/>
        <line num="1239" count="4" type="stmt"/>
        <line num="1242" count="2" type="stmt"/>
        <line num="1250" count="2" type="stmt"/>
        <line num="1252" count="2" type="stmt"/>
        <line num="1255" count="4" type="stmt"/>
        <line num="1258" count="4" type="cond" truecount="2" falsecount="0"/>
        <line num="1259" count="2" type="stmt"/>
        <line num="1262" count="4" type="cond" truecount="2" falsecount="0"/>
        <line num="1263" count="2" type="stmt"/>
        <line num="1266" count="4" type="stmt"/>
        <line num="1271" count="4" type="stmt"/>
        <line num="1282" count="4" type="stmt"/>
        <line num="1283" count="4" type="stmt"/>
        <line num="1285" count="4" type="stmt"/>
        <line num="1286" count="4" type="stmt"/>
        <line num="1288" count="4" type="stmt"/>
        <line num="1289" count="4" type="stmt"/>
        <line num="1291" count="4" type="stmt"/>
        <line num="1293" count="4" type="stmt"/>
        <line num="1296" count="8" type="stmt"/>
        <line num="1298" count="8" type="stmt"/>
        <line num="1300" count="8" type="stmt"/>
        <line num="1306" count="8" type="stmt"/>
        <line num="1312" count="8" type="stmt"/>
        <line num="1316" count="8" type="stmt"/>
        <line num="1327" count="2" type="stmt"/>
        <line num="1328" count="2" type="stmt"/>
        <line num="1330" count="2" type="stmt"/>
        <line num="1333" count="4" type="cond" truecount="2" falsecount="0"/>
        <line num="1334" count="2" type="stmt"/>
        <line num="1336" count="2" type="stmt"/>
        <line num="1337" count="2" type="stmt"/>
        <line num="1339" count="2" type="stmt"/>
        <line num="1342" count="6" type="stmt"/>
        <line num="1343" count="6" type="stmt"/>
        <line num="1349" count="4" type="stmt"/>
        <line num="1360" count="1" type="stmt"/>
        <line num="1362" count="1" type="stmt"/>
        <line num="1365" count="2" type="stmt"/>
        <line num="1368" count="1" type="stmt"/>
        <line num="1373" count="1" type="stmt"/>
        <line num="1378" count="2" type="stmt"/>
        <line num="1389" count="1" type="stmt"/>
        <line num="1391" count="2" type="stmt"/>
        <line num="1400" count="2" type="stmt"/>
        <line num="1402" count="2" type="stmt"/>
        <line num="1404" count="4" type="stmt"/>
        <line num="1405" count="2" type="stmt"/>
        <line num="1415" count="1" type="stmt"/>
        <line num="1417" count="1" type="stmt"/>
        <line num="1419" count="2" type="stmt"/>
        <line num="1420" count="1" type="stmt"/>
        <line num="1421" count="1" type="stmt"/>
        <line num="1431" count="1" type="stmt"/>
        <line num="1432" count="1" type="stmt"/>
        <line num="1434" count="1" type="stmt"/>
        <line num="1439" count="2" type="stmt"/>
        <line num="1441" count="1" type="stmt"/>
        <line num="1448" count="2" type="stmt"/>
        <line num="1455" count="1" type="stmt"/>
        <line num="1463" count="1" type="stmt"/>
        <line num="1471" count="1" type="stmt"/>
        <line num="1481" count="1" type="stmt"/>
        <line num="1490" count="10" type="stmt"/>
        <line num="1493" count="10" type="stmt"/>
        <line num="1496" count="10" type="stmt"/>
        <line num="1499" count="10" type="stmt"/>
        <line num="1502" count="10" type="stmt"/>
        <line num="1504" count="10" type="stmt"/>
        <line num="1511" count="58" type="stmt"/>
        <line num="1514" count="58" type="stmt"/>
        <line num="1519" count="58" type="cond" truecount="2" falsecount="0"/>
        <line num="1521" count="48" type="stmt"/>
        <line num="1529" count="58" type="cond" truecount="2" falsecount="0"/>
        <line num="1531" count="10" type="stmt"/>
        <line num="1537" count="48" type="stmt"/>
        <line num="1538" count="96" type="stmt"/>
        <line num="1545" count="55" type="stmt"/>
        <line num="1546" count="55" type="cond" truecount="2" falsecount="0"/>
        <line num="1555" count="48" type="cond" truecount="2" falsecount="0"/>
        <line num="1557" count="11" type="cond" truecount="2" falsecount="0"/>
        <line num="1558" count="1" type="stmt"/>
        <line num="1560" count="1" type="stmt"/>
        <line num="1564" count="37" type="stmt"/>
        <line num="1569" count="37" type="stmt"/>
        <line num="1570" count="37" type="cond" truecount="2" falsecount="0"/>
        <line num="1571" count="20" type="stmt"/>
        <line num="1573" count="20" type="stmt"/>
        <line num="1577" count="113" type="stmt"/>
        <line num="1581" count="10" type="stmt"/>
        <line num="1583" count="20" type="stmt"/>
        <line num="1594" count="145" type="stmt"/>
        <line num="1595" count="145" type="stmt"/>
        <line num="1597" count="145" type="stmt"/>
        <line num="1598" count="145" type="stmt"/>
        <line num="1599" count="145" type="stmt"/>
        <line num="1602" count="145" type="stmt"/>
        <line num="1603" count="865" type="stmt"/>
        <line num="1605" count="865" type="cond" truecount="2" falsecount="0"/>
        <line num="1606" count="32" type="stmt"/>
        <line num="1609" count="833" type="cond" truecount="2" falsecount="0"/>
        <line num="1610" count="17" type="stmt"/>
        <line num="1614" count="17" type="cond" truecount="2" falsecount="0"/>
        <line num="1615" count="9" type="stmt"/>
        <line num="1616" count="8" type="cond" truecount="1" falsecount="1"/>
        <line num="1618" count="17" type="stmt"/>
        <line num="1621" count="816" type="cond" truecount="2" falsecount="0"/>
        <line num="1622" count="96" type="stmt"/>
        <line num="1636" count="145" type="stmt"/>
        <line num="1637" count="145" type="cond" truecount="2" falsecount="0"/>
        <line num="1639" count="17" type="stmt"/>
        <line num="1641" count="17" type="stmt"/>
        <line num="1642" count="0" type="stmt"/>
        <line num="1643" count="0" type="stmt"/>
        <line num="1646" count="17" type="stmt"/>
        <line num="1649" count="145" type="stmt"/>
        <line num="1658" count="10" type="cond" truecount="2" falsecount="0"/>
        <line num="1659" count="1" type="stmt"/>
        <line num="1662" count="9" type="stmt"/>
        <line num="1663" count="9" type="stmt"/>
        <line num="1664" count="9" type="stmt"/>
        <line num="1665" count="9" type="stmt"/>
        <line num="1667" count="9" type="stmt"/>
        <line num="1668" count="49" type="stmt"/>
        <line num="1671" count="9" type="stmt"/>
        <line num="1672" count="49" type="stmt"/>
        <line num="1673" count="49" type="stmt"/>
        <line num="1675" count="49" type="stmt"/>
        <line num="1676" count="128" type="stmt"/>
        <line num="1677" count="128" type="stmt"/>
        <line num="1681" count="9" type="stmt"/>
        <line num="1686" count="49" type="cond" truecount="2" falsecount="0"/>
        <line num="1687" count="1" type="stmt"/>
        <line num="1690" count="49" type="stmt"/>
        <line num="1697" count="9" type="stmt"/>
        <line num="1706" count="2" type="stmt"/>
        <line num="1718" count="2" type="stmt"/>
        <line num="1720" count="2" type="stmt"/>
        <line num="1721" count="12" type="stmt"/>
        <line num="1732" count="2" type="stmt"/>
        <line num="1733" count="2" type="stmt"/>
        <line num="1735" count="2" type="cond" truecount="2" falsecount="2"/>
        <line num="1736" count="2" type="stmt"/>
        <line num="1739" count="2" type="stmt"/>
        <line num="1741" count="2" type="stmt"/>
        <line num="1742" count="4" type="stmt"/>
        <line num="1745" count="2" type="stmt"/>
        <line num="1754" count="1" type="stmt"/>
        <line num="1765" count="5" type="stmt"/>
        <line num="1767" count="5" type="stmt"/>
        <line num="1768" count="5" type="stmt"/>
        <line num="1769" count="17" type="stmt"/>
        <line num="1770" count="17" type="stmt"/>
        <line num="1771" count="17" type="stmt"/>
        <line num="1773" count="17" type="cond" truecount="2" falsecount="0"/>
        <line num="1774" count="5" type="stmt"/>
        <line num="1777" count="17" type="cond" truecount="2" falsecount="0"/>
        <line num="1778" count="11" type="stmt"/>
        <line num="1782" count="5" type="stmt"/>
        <line num="1783" count="17" type="stmt"/>
        <line num="1784" count="17" type="stmt"/>
        <line num="1786" count="17" type="stmt"/>
        <line num="1793" count="5" type="stmt"/>
        <line num="1795" count="5" type="stmt"/>
        <line num="1797" count="5" type="stmt"/>
        <line num="1808" count="1" type="stmt"/>
        <line num="1809" count="1" type="stmt"/>
        <line num="1810" count="1" type="stmt"/>
        <line num="1813" count="1" type="stmt"/>
        <line num="1815" count="4" type="stmt"/>
        <line num="1819" count="1" type="stmt"/>
        <line num="1822" count="1" type="stmt"/>
        <line num="1823" count="1" type="stmt"/>
        <line num="1824" count="4" type="cond" truecount="2" falsecount="0"/>
        <line num="1827" count="1" type="stmt"/>
        <line num="1838" count="29" type="stmt"/>
        <line num="1843" count="29" type="stmt"/>
        <line num="1845" count="29" type="stmt"/>
        <line num="1848" count="29" type="stmt"/>
        <line num="1852" count="29" type="stmt"/>
        <line num="1854" count="29" type="stmt"/>
        <line num="1856" count="72" type="stmt"/>
        <line num="1858" count="72" type="cond" truecount="5" falsecount="0"/>
        <line num="1859" count="43" type="stmt"/>
        <line num="1864" count="72" type="stmt"/>
        <line num="1866" count="53" type="cond" truecount="2" falsecount="0"/>
        <line num="1867" count="43" type="stmt"/>
        <line num="1868" count="43" type="stmt"/>
        <line num="1873" count="29" type="stmt"/>
        <line num="1883" count="29" type="stmt"/>
        <line num="1884" count="29" type="stmt"/>
        <line num="1886" count="29" type="stmt"/>
        <line num="1887" count="29" type="stmt"/>
        <line num="1889" count="29" type="stmt"/>
        <line num="1890" count="136" type="stmt"/>
        <line num="1895" count="29" type="stmt"/>
        <line num="1906" count="6" type="stmt"/>
        <line num="1907" count="6" type="stmt"/>
        <line num="1908" count="6" type="stmt"/>
        <line num="1910" count="6" type="stmt"/>
        <line num="1911" count="26" type="stmt"/>
        <line num="1916" count="6" type="cond" truecount="2" falsecount="0"/>
        <line num="1917" count="5" type="stmt"/>
        <line num="1920" count="1" type="stmt"/>
        <line num="1921" count="4" type="stmt"/>
[...]
        <line num="223" count="3" type="cond" truecount="2" falsecount="0"/>
        <line num="224" count="1" type="stmt"/>
        <line num="226" count="2" type="stmt"/>
        <line num="230" count="1" type="stmt"/>
        <line num="234" count="4" type="stmt"/>
        <line num="237" count="4" type="stmt"/>
        <line num="247" count="1" type="stmt"/>
        <line num="248" count="1" type="stmt"/>
        <line num="253" count="1" type="stmt"/>
        <line num="256" count="1" type="stmt"/>
        <line num="259" count="1" type="stmt"/>
        <line num="262" count="1" type="stmt"/>
        <line num="265" count="1" type="stmt"/>
        <line num="273" count="61" type="stmt"/>
        <line num="275" count="61" type="stmt"/>
        <line num="283" count="44" type="stmt"/>
        <line num="285" count="44" type="stmt"/>
        <line num="293" count="65" type="stmt"/>
        <line num="301" count="120" type="stmt"/>
        <line num="309" count="1" type="cond" truecount="2" falsecount="0"/>
        <line num="317" count="9" type="stmt"/>
        <line num="318" count="9" type="stmt"/>
        <line num="320" count="9" type="stmt"/>
        <line num="321" count="9" type="stmt"/>
      </file>
    </package>
    <package name="data-structures.tree.segment-tree">
      <metrics statements="38" coveredstatements="38" conditionals="12" coveredconditionals="12" methods="8" coveredmethods="8"/>
      <file name="SegmentTree.js" path="/home/brunolnetto/github/dot-quiver-api/data-structures/tree/segment-tree/SegmentTree.js">
        <metrics statements="38" coveredstatements="38" conditionals="12" coveredconditionals="12" methods="8" coveredmethods="8"/>
        <line num="10" count="10" type="stmt"/>
        <line num="11" count="10" type="stmt"/>
        <line num="12" count="10" type="stmt"/>
        <line num="15" count="10" type="stmt"/>
        <line num="17" count="10" type="stmt"/>
        <line num="26" count="10" type="stmt"/>
        <line num="28" count="10" type="cond" truecount="2" falsecount="0"/>
        <line num="30" count="5" type="stmt"/>
        <line num="36" count="5" type="stmt"/>
        <line num="37" count="5" type="stmt"/>
        <line num="38" count="5" type="stmt"/>
        <line num="39" count="5" type="stmt"/>
        <line num="42" count="10" type="stmt"/>
        <line num="49" count="10" type="stmt"/>
        <line num="50" count="10" type="stmt"/>
        <line num="51" count="10" type="stmt"/>
        <line num="52" count="10" type="stmt"/>
        <line num="67" count="80" type="cond" truecount="2" falsecount="0"/>
        <line num="68" count="45" type="stmt"/>
        <line num="69" count="45" type="stmt"/>
        <line num="73" count="35" type="stmt"/>
        <line num="75" count="35" type="stmt"/>
        <line num="77" count="35" type="stmt"/>
        <line num="81" count="35" type="stmt"/>
        <line num="95" count="24" type="stmt"/>
        <line num="96" count="24" type="stmt"/>
        <line num="97" count="24" type="stmt"/>
        <line num="99" count="24" type="stmt"/>
        <line num="119" count="134" type="cond" truecount="4" falsecount="0"/>
        <line num="121" count="38" type="stmt"/>
        <line num="124" count="96" type="cond" truecount="4" falsecount="0"/>
        <line num="126" count="41" type="stmt"/>
        <line num="130" count="55" type="stmt"/>
        <line num="132" count="55" type="stmt"/>
        <line num="140" count="55" type="stmt"/>
        <line num="148" count="55" type="stmt"/>
        <line num="157" count="125" type="stmt"/>
        <line num="166" count="125" type="stmt"/>
      </file>
    </package>
    <package name="utils.arrays">
      <metrics statements="150" coveredstatements="150" conditionals="58" coveredconditionals="56" methods="44" coveredmethods="44"/>
      <file name="arrays.js" path="/home/brunolnetto/github/dot-quiver-api/utils/arrays/arrays.js">
        <metrics statements="150" coveredstatements="150" conditionals="58" coveredconditionals="56" methods="44" coveredmethods="44"/>
        <line num="15" count="22" type="stmt"/>
        <line num="24" count="22" type="stmt"/>
        <line num="25" count="11" type="stmt"/>
        <line num="28" count="11" type="stmt"/>
        <line num="29" count="52" type="cond" truecount="2" falsecount="0"/>
        <line num="30" count="12" type="stmt"/>
        <line num="34" count="11" type="stmt"/>
        <line num="43" count="22" type="stmt"/>
        <line num="44" count="4" type="stmt"/>
        <line num="46" count="4" type="stmt"/>
        <line num="47" count="26" type="cond" truecount="2" falsecount="0"/>
        <line num="50" count="4" type="stmt"/>
        <line num="60" count="22" type="stmt"/>
        <line num="61" count="15" type="cond" truecount="2" falsecount="0"/>
        <line num="62" count="1" type="stmt"/>
        <line num="63" count="1" type="stmt"/>
        <line num="64" count="1" type="stmt"/>
        <line num="66" count="1" type="stmt"/>
        <line num="69" count="15" type="stmt"/>
        <line num="70" count="15" type="stmt"/>
        <line num="72" count="15" type="stmt"/>
        <line num="83" count="22" type="stmt"/>
        <line num="84" count="7" type="cond" truecount="2" falsecount="0"/>
        <line num="85" count="1" type="stmt"/>
        <line num="88" count="6" type="stmt"/>
        <line num="89" count="13" type="cond" truecount="2" falsecount="0"/>
        <line num="90" count="5" type="stmt"/>
        <line num="94" count="1" type="stmt"/>
        <line num="106" count="22" type="cond" truecount="1" falsecount="0"/>
        <line num="107" count="87" type="stmt"/>
        <line num="109" count="87" type="cond" truecount="2" falsecount="0"/>
        <line num="110" count="1" type="stmt"/>
        <line num="111" count="86" type="cond" truecount="2" falsecount="0"/>
        <line num="114" count="1" type="stmt"/>
        <line num="117" count="86" type="stmt"/>
        <line num="127" count="22" type="stmt"/>
        <line num="128" count="24" type="stmt"/>
        <line num="129" count="56" type="cond" truecount="2" falsecount="0"/>
        <line num="130" count="2" type="stmt"/>
        <line num="134" count="22" type="stmt"/>
        <line num="144" count="22" type="stmt"/>
        <line num="145" count="1" type="stmt"/>
        <line num="147" count="7" type="stmt"/>
        <line num="151" count="1" type="stmt"/>
        <line num="162" count="22" type="stmt"/>
        <line num="163" count="6" type="stmt"/>
        <line num="165" count="6" type="cond" truecount="2" falsecount="0"/>
        <line num="174" count="22" type="stmt"/>
        <line num="175" count="11" type="stmt"/>
        <line num="177" count="11" type="stmt"/>
        <line num="178" count="23" type="stmt"/>
        <line num="180" count="23" type="stmt"/>
        <line num="181" count="14" type="cond" truecount="2" falsecount="0"/>
        <line num="184" count="23" type="cond" truecount="2" falsecount="0"/>
        <line num="185" count="20" type="stmt"/>
        <line num="189" count="11" type="stmt"/>
        <line num="193" count="8" type="cond" truecount="2" falsecount="0"/>
        <line num="194" count="1" type="stmt"/>
        <line num="197" count="7" type="stmt"/>
        <line num="199" count="7" type="stmt"/>
        <line num="200" count="12" type="stmt"/>
        <line num="202" count="12" type="cond" truecount="2" falsecount="0"/>
        <line num="203" count="6" type="stmt"/>
        <line num="205" count="6" type="stmt"/>
        <line num="208" count="6" type="stmt"/>
        <line num="220" count="22" type="stmt"/>
        <line num="229" count="6" type="stmt"/>
        <line num="230" count="12" type="cond" truecount="2" falsecount="0"/>
        <line num="231" count="8" type="stmt"/>
        <line num="233" count="4" type="stmt"/>
        <line num="234" count="8" type="stmt"/>
        <line num="247" count="6" type="stmt"/>
        <line num="248" count="10" type="cond" truecount="2" falsecount="0"/>
        <line num="249" count="6" type="stmt"/>
        <line num="251" count="4" type="stmt"/>
        <line num="252" count="6" type="stmt"/>
        <line num="265" count="6" type="cond" truecount="4" falsecount="0"/>
        <line num="266" count="2" type="stmt"/>
        <line num="269" count="4" type="stmt"/>
        <line num="270" count="14" type="stmt"/>
        <line num="281" count="1" type="stmt"/>
        <line num="291" count="1" type="stmt"/>
        <line num="302" count="8" type="cond" truecount="2" falsecount="0"/>
        <line num="303" count="8" type="cond" truecount="2" falsecount="0"/>
        <line num="305" count="12" type="stmt"/>
        <line num="307" count="13" type="stmt"/>
        <line num="309" count="27" type="stmt"/>
        <line num="311" count="7" type="stmt"/>
        <line num="312" count="7" type="stmt"/>
        <line num="313" count="7" type="stmt"/>
        <line num="314" count="7" type="stmt"/>
        <line num="315" count="7" type="stmt"/>
        <line num="316" count="7" type="stmt"/>
        <line num="318" count="7" type="stmt"/>
        <line num="321" count="7" type="stmt"/>
        <line num="322" count="12" type="stmt"/>
        <line num="323" count="10" type="stmt"/>
        <line num="324" count="10" type="stmt"/>
        <line num="326" count="12" type="cond" truecount="4" falsecount="0"/>
        <line num="327" count="4" type="stmt"/>
        <line num="331" count="5" type="stmt"/>
        <line num="332" count="5" type="stmt"/>
        <line num="338" count="6" type="stmt"/>
        <line num="339" count="6" type="stmt"/>
        <line num="341" count="6" type="stmt"/>
        <line num="342" count="6" type="cond" truecount="2" falsecount="0"/>
        <line num="344" count="5" type="stmt"/>
        <line num="346" count="5" type="stmt"/>
        <line num="348" count="5" type="stmt"/>
        <line num="352" count="5" type="stmt"/>
        <line num="355" count="6" type="stmt"/>
        <line num="356" count="6" type="cond" truecount="2" falsecount="0"/>
        <line num="358" count="4" type="stmt"/>
        <line num="360" count="4" type="stmt"/>
        <line num="362" count="4" type="stmt"/>
        <line num="364" count="5" type="stmt"/>
        <line num="368" count="4" type="stmt"/>
        <line num="371" count="6" type="stmt"/>
        <line num="374" count="4" type="cond" truecount="1" falsecount="1"/>
        <line num="375" count="4" type="stmt"/>
        <line num="389" count="16" type="stmt"/>
        <line num="390" count="40" type="stmt"/>
        <line num="392" count="40" type="stmt"/>
        <line num="395" count="3" type="stmt"/>
        <line num="396" count="3" type="stmt"/>
        <line num="398" count="3" type="stmt"/>
        <line num="399" count="3" type="stmt"/>
        <line num="400" count="3" type="stmt"/>
        <line num="401" count="3" type="stmt"/>
        <line num="403" count="3" type="stmt"/>
        <line num="406" count="3" type="stmt"/>
        <line num="407" count="7" type="stmt"/>
        <line num="409" count="20" type="cond" truecount="1" falsecount="1"/>
        <line num="412" count="20" type="stmt"/>
        <line num="414" count="13" type="stmt"/>
        <line num="415" count="13" type="stmt"/>
        <line num="418" count="13" type="stmt"/>
        <line num="419" count="13" type="stmt"/>
        <line num="421" count="13" type="cond" truecount="2" falsecount="0"/>
        <line num="422" count="9" type="stmt"/>
        <line num="426" count="13" type="stmt"/>
        <line num="428" count="13" type="stmt"/>
        <line num="431" count="33" type="stmt"/>
        <line num="432" count="33" type="stmt"/>
        <line num="437" count="13" type="stmt"/>
        <line num="439" count="13" type="stmt"/>
        <line num="445" count="13" type="cond" truecount="4" falsecount="0"/>
        <line num="446" count="3" type="stmt"/>
        <line num="452" count="22" type="stmt"/>
        <line num="454" count="22" type="stmt"/>
      </file>
    </package>
    <package name="utils.combinatorics">
      <metrics statements="28" coveredstatements="28" conditionals="10" coveredconditionals="10" methods="5" coveredmethods="5"/>
      <file name="partition.js" path="/home/brunolnetto/github/dot-quiver-api/utils/combinatorics/partition.js">
        <metrics statements="28" coveredstatements="28" conditionals="10" coveredconditionals="10" methods="5" coveredmethods="5"/>
        <line num="21" count="1" type="stmt"/>
        <line num="22" count="3" type="cond" truecount="4" falsecount="0"/>
        <line num="23" count="2" type="stmt"/>
        <line num="26" count="1" type="stmt"/>
        <line num="27" count="3" type="stmt"/>
        <line num="30" count="1" type="stmt"/>
        <line num="31" count="7" type="cond" truecount="2" falsecount="0"/>
        <line num="32" count="3" type="stmt"/>
        <line num="35" count="7" type="stmt"/>
        <line num="36" count="6" type="stmt"/>
        <line num="37" count="6" type="stmt"/>
        <line num="41" count="1" type="stmt"/>
        <line num="42" count="1" type="stmt"/>
        <line num="52" count="1" type="stmt"/>
        <line num="53" count="5" type="stmt"/>
        <line num="54" count="5" type="stmt"/>
        <line num="55" count="5" type="stmt"/>
        <line num="56" count="5" type="stmt"/>
        <line num="58" count="5" type="cond" truecount="2" falsecount="0"/>
        <line num="59" count="1" type="stmt"/>
        <line num="62" count="4" type="cond" truecount="2" falsecount="0"/>
        <line num="63" count="3" type="stmt"/>
        <line num="66" count="1" type="stmt"/>
        <line num="67" count="3" type="stmt"/>
        <line num="69" count="3" type="stmt"/>
        <line num="71" count="3" type="stmt"/>
        <line num="72" count="3" type="stmt"/>
        <line num="75" count="1" type="stmt"/>
      </file>
    </package>
    <package name="utils.comparator">
      <metrics statements="11" coveredstatements="11" conditionals="10" coveredconditionals="10" methods="9" coveredmethods="9"/>
      <file name="Comparator.js" path="/home/brunolnetto/github/dot-quiver-api/utils/comparator/Comparator.js">
        <metrics statements="11" coveredstatements="11" conditionals="10" coveredconditionals="10" methods="9" coveredmethods="9"/>
        <line num="8" count="10873" type="cond" truecount="2" falsecount="0"/>
        <line num="18" count="14262" type="cond" truecount="2" falsecount="0"/>
        <line num="19" count="2383" type="stmt"/>
        <line num="22" count="11879" type="cond" truecount="2" falsecount="0"/>
        <line num="32" count="4145" type="stmt"/>
        <line num="42" count="10576" type="stmt"/>
        <line num="52" count="589" type="stmt"/>
        <line num="62" count="1559" type="cond" truecount="2" falsecount="0"/>
        <line num="72" count="84" type="cond" truecount="2" falsecount="0"/>
        <line num="79" count="1" type="stmt"/>
        <line num="80" count="8" type="stmt"/>
      </file>
    </package>
    <package name="utils.distances">
      <metrics statements="10" coveredstatements="9" conditionals="4" coveredconditionals="3" methods="4" coveredmethods="4"/>
      <file name="distance.js" path="/home/brunolnetto/github/dot-quiver-api/utils/distances/distance.js">
        <metrics statements="10" coveredstatements="9" conditionals="4" coveredconditionals="3" methods="4" coveredmethods="4"/>
        <line num="13" count="6" type="stmt"/>
        <line num="14" count="18" type="stmt"/>
        <line num="26" count="2" type="stmt"/>
        <line num="27" count="3" type="cond" truecount="1" falsecount="1"/>
        <line num="28" count="0" type="stmt"/>
        <line num="31" count="3" type="stmt"/>
        <line num="32" count="6" type="stmt"/>
        <line num="35" count="3" type="cond" truecount="2" falsecount="0"/>
        <line num="36" count="1" type="stmt"/>
        <line num="39" count="2" type="stmt"/>
      </file>
    </package>
    <package name="utils.math">
      <metrics statements="13" coveredstatements="13" conditionals="4" coveredconditionals="4" methods="7" coveredmethods="7"/>
      <file name="math.js" path="/home/brunolnetto/github/dot-quiver-api/utils/math/math.js">
        <metrics statements="13" coveredstatements="13" conditionals="4" coveredconditionals="4" methods="7" coveredmethods="7"/>
        <line num="7" count="10" type="stmt"/>
        <line num="16" count="4" type="stmt"/>
        <line num="17" count="5" type="cond" truecount="4" falsecount="0"/>
        <line num="18" count="1" type="stmt"/>
        <line num="21" count="4" type="stmt"/>
        <line num="32" count="4" type="stmt"/>
        <line num="33" count="9" type="stmt"/>
        <line num="35" count="3" type="stmt"/>
        <line num="36" count="6" type="stmt"/>
        <line num="38" count="6" type="stmt"/>
        <line num="41" count="3" type="stmt"/>
        <line num="43" count="3" type="stmt"/>
        <line num="45" count="6" type="stmt"/>
      </file>
    </package>
    <package name="utils.numbers">
      <metrics statements="11" coveredstatements="11" conditionals="6" coveredconditionals="6" methods="1" coveredmethods="1"/>
      <file name="numbers.js" path="/home/brunolnetto/github/dot-quiver-api/utils/numbers/numbers.js">
        <metrics statements="11" coveredstatements="11" conditionals="6" coveredconditionals="6" methods="1" coveredmethods="1"/>
        <line num="9" count="1" type="stmt"/>
        <line num="10" count="5" type="cond" truecount="4" falsecount="0"/>
        <line num="11" count="2" type="stmt"/>
        <line num="14" count="3" type="stmt"/>
        <line num="15" count="3" type="stmt"/>
        <line num="17" count="3" type="stmt"/>
        <line num="18" count="27" type="cond" truecount="2" falsecount="0"/>
        <line num="19" count="18" type="stmt"/>
        <line num="20" count="18" type="stmt"/>
        <line num="22" count="9" type="stmt"/>
        <line num="26" count="3" type="stmt"/>
      </file>
    </package>
    <package name="utils.objects">
      <metrics statements="28" coveredstatements="28" conditionals="4" coveredconditionals="4" methods="16" coveredmethods="16"/>
      <file name="objects.js" path="/home/brunolnetto/github/dot-quiver-api/utils/objects/objects.js">
        <metrics statements="28" coveredstatements="28" conditionals="4" coveredconditionals="4" methods="16" coveredmethods="16"/>
        <line num="10" count="23" type="stmt"/>
        <line num="11" count="41" type="stmt"/>
        <line num="12" count="41" type="stmt"/>
        <line num="14" count="113" type="stmt"/>
        <line num="16" count="41" type="stmt"/>
        <line num="28" count="71" type="stmt"/>
        <line num="29" count="161" type="stmt"/>
        <line num="30" count="161" type="stmt"/>
        <line num="40" count="63" type="stmt"/>
        <line num="43" count="156" type="stmt"/>
        <line num="52" count="23" type="stmt"/>
        <line num="53" count="9" type="stmt"/>
        <line num="55" count="9" type="stmt"/>
        <line num="57" count="21" type="cond" truecount="2" falsecount="0"/>
        <line num="58" count="10" type="stmt"/>
        <line num="63" count="9" type="stmt"/>
        <line num="73" count="23" type="stmt"/>
        <line num="81" count="23" type="stmt"/>
        <line num="82" count="2" type="stmt"/>
        <line num="93" count="23" type="stmt"/>
        <line num="95" count="2" type="stmt"/>
        <line num="97" count="3" type="stmt"/>
        <line num="115" count="23" type="stmt"/>
        <line num="118" count="2" type="stmt"/>
        <line num="121" count="4" type="cond" truecount="2" falsecount="0"/>
        <line num="127" count="1" type="stmt"/>
        <line num="145" count="2" type="stmt"/>
        <line num="158" count="23" type="stmt"/>
      </file>
    </package>
  </project>
</coverage>
