TN:
SF:algorithms/bellman-ford/bellmanFord.js
FN:6,bellmanFord
FN:13,(anonymous_1)
FN:23,(anonymous_2)
FN:27,(anonymous_3)
FNF:4
FNH:4
FNDA:2,bellmanFord
FNDA:15,(anonymous_1)
FNDA:98,(anonymous_2)
FNDA:216,(anonymous_3)
DA:7,2
DA:8,2
DA:12,2
DA:13,2
DA:14,15
DA:15,15
DA:16,13
DA:21,2
DA:23,13
DA:24,98
DA:27,98
DA:28,216
DA:31,216
DA:32,216
DA:33,216
DA:34,15
DA:35,15
DA:41,2
LF:18
LH:18
BRDA:15,0,0,13
BRDA:15,0,1,2
BRDA:33,1,0,15
BRDA:33,1,1,201
BRF:4
BRH:4
end_of_record
TN:
SF:algorithms/breadth-first-search/breadthFirstSearch.js
FN:19,initCallbacks
FN:22,(anonymous_1)
FN:25,(anonymous_2)
FN:27,(anonymous_3)
FN:49,breadthFirstSearch
FN:64,(anonymous_5)
FNF:6
FNH:6
FNDA:3,initCallbacks
FNDA:16,(anonymous_1)
FNDA:3,(anonymous_2)
FNDA:18,(anonymous_3)
FNDA:3,breadthFirstSearch
FNDA:25,(anonymous_5)
DA:20,3
DA:22,3
DA:24,3
DA:26,3
DA:27,3
DA:28,18
DA:29,14
DA:30,14
DA:32,4
DA:37,3
DA:38,3
DA:39,3
DA:41,3
DA:50,3
DA:51,3
DA:54,3
DA:56,3
DA:59,3
DA:60,23
DA:61,23
DA:64,23
DA:65,25
DA:66,20
DA:70,23
DA:73,23
LF:25
LH:25
BRDA:19,0,0,1
BRDA:28,1,0,14
BRDA:28,1,1,4
BRDA:37,2,0,3
BRDA:37,2,1,2
BRDA:38,3,0,3
BRDA:38,3,1,1
BRDA:39,4,0,3
BRDA:39,4,1,1
BRDA:65,5,0,20
BRDA:65,5,1,5
BRF:11
BRH:11
end_of_record
TN:
SF:algorithms/bridges/graphBridges.js
FN:7,(anonymous_0)
FN:17,graphBridges
FN:34,(anonymous_2)
FN:48,(anonymous_3)
FN:56,(anonymous_4)
FN:62,(anonymous_5)
FN:86,(anonymous_6)
FNF:7
FNH:7
FNDA:318,(anonymous_0)
FNDA:68,graphBridges
FNDA:318,(anonymous_2)
FNDA:318,(anonymous_3)
FNDA:694,(anonymous_4)
FNDA:420,(anonymous_5)
FNDA:853,(anonymous_6)
DA:8,318
DA:9,318
DA:19,68
DA:22,68
DA:25,68
DA:28,68
DA:30,68
DA:36,318
DA:39,318
DA:49,318
DA:51,68
DA:55,250
DA:56,694
DA:63,420
DA:64,420
DA:71,250
DA:72,250
DA:73,250
DA:74,88
DA:80,250
DA:81,250
DA:82,82
DA:83,82
DA:86,853
DA:90,68
DA:92,68
LF:26
LH:26
BRDA:49,0,0,68
BRDA:49,0,1,250
BRDA:64,1,0,81
BRDA:64,1,1,339
BRDA:73,2,0,88
BRDA:73,2,1,162
BRDA:81,3,0,82
BRDA:81,3,1,168
BRF:8
BRH:8
end_of_record
TN:
SF:algorithms/depth-first-search/depthFirstSearch.js
FN:17,initCallbacks
FN:20,(anonymous_1)
FN:23,(anonymous_2)
FN:25,(anonymous_3)
FN:48,depthFirstSearchRecursive
FN:51,(anonymous_5)
FN:65,depthFirstSearch
FNF:7
FNH:7
FNDA:227,initCallbacks
FNDA:27,(anonymous_1)
FNDA:227,(anonymous_2)
FNDA:16,(anonymous_3)
FNDA:861,depthFirstSearchRecursive
FNDA:2193,(anonymous_5)
FNDA:227,depthFirstSearch
DA:18,227
DA:20,227
DA:22,227
DA:24,227
DA:25,227
DA:26,16
DA:27,12
DA:28,12
DA:30,4
DA:35,227
DA:36,227
DA:37,227
DA:39,227
DA:49,861
DA:51,861
DA:52,2193
DA:53,634
DA:57,861
DA:66,227
DA:67,227
LF:20
LH:20
BRDA:17,0,0,1
BRDA:26,1,0,12
BRDA:26,1,1,4
BRDA:35,2,0,227
BRDA:35,2,1,2
BRDA:36,3,0,227
BRDA:36,3,1,1
BRDA:37,4,0,227
BRDA:37,4,1,3
BRDA:52,5,0,634
BRDA:52,5,1,1559
BRF:11
BRH:11
end_of_record
TN:
SF:algorithms/detect-cycle/detectDirectedCycle.js
FN:8,detectDirectedCycle
FN:32,(anonymous_1)
FN:38,(anonymous_2)
FN:66,(anonymous_3)
FN:72,(anonymous_4)
FNF:5
FNH:5
FNDA:2,detectDirectedCycle
FNDA:12,(anonymous_1)
FNDA:13,(anonymous_2)
FNDA:13,(anonymous_3)
FNDA:15,(anonymous_4)
DA:9,2
DA:13,2
DA:16,2
DA:20,2
DA:24,2
DA:32,2
DA:33,12
DA:37,2
DA:39,13
DA:42,1
DA:44,1
DA:45,1
DA:47,1
DA:48,2
DA:49,2
DA:51,2
DA:52,2
DA:53,2
DA:56,1
DA:59,12
DA:60,12
DA:63,12
DA:69,13
DA:70,13
DA:75,15
DA:76,2
DA:81,13
DA:86,2
DA:88,4
DA:89,4
DA:92,4
DA:95,2
LF:32
LH:32
BRDA:39,0,0,1
BRDA:39,0,1,12
BRDA:75,1,0,2
BRDA:75,1,1,13
BRF:4
BRH:4
end_of_record
TN:
SF:algorithms/detect-cycle/detectUndirectedCycle.js
FN:8,detectUndirectedCycle
FN:19,(anonymous_1)
FN:31,(anonymous_2)
FNF:3
FNH:3
FNDA:2,detectUndirectedCycle
FNDA:25,(anonymous_1)
FNDA:13,(anonymous_2)
DA:9,2
DA:12,2
DA:15,2
DA:18,2
DA:21,25
DA:22,6
DA:26,19
DA:27,19
DA:29,19
DA:32,13
DA:34,1
DA:36,1
DA:37,1
DA:39,1
DA:40,3
DA:41,3
DA:42,3
DA:45,1
DA:48,12
DA:49,12
DA:55,2
DA:56,2
DA:58,2
LF:23
LH:23
BRDA:21,0,0,6
BRDA:21,0,1,19
BRDA:27,1,0,15
BRDA:27,1,1,4
BRDA:32,2,0,1
BRDA:32,2,1,12
BRF:6
BRH:6
end_of_record
TN:
SF:algorithms/dijkstra/dijkstra.js
FN:15,dijkstra
FN:24,(anonymous_1)
FN:41,(anonymous_2)
FNF:3
FNH:3
FNDA:2,dijkstra
FNDA:15,(anonymous_1)
FNDA:32,(anonymous_2)
DA:17,2
DA:18,2
DA:19,2
DA:20,2
DA:24,2
DA:25,15
DA:26,15
DA:30,2
DA:33,2
DA:36,2
DA:38,13
DA:41,13
DA:43,32
DA:45,19
DA:47,19
DA:48,19
DA:51,19
DA:52,14
DA:55,14
DA:56,3
DA:60,14
DA:64,19
DA:65,11
DA:71,13
DA:76,2
LF:25
LH:25
BRDA:43,0,0,19
BRDA:43,0,1,13
BRDA:51,1,0,14
BRDA:51,1,1,5
BRDA:55,2,0,3
BRDA:55,2,1,11
BRDA:64,3,0,11
BRDA:64,3,1,8
BRF:8
BRH:8
end_of_record
TN:
SF:algorithms/eulerian-path/eulerianPath.js
FN:9,eulerianPath
FN:24,(anonymous_1)
FN:30,(anonymous_2)
FN:78,(anonymous_3)
FNF:4
FNH:4
FNDA:6,eulerianPath
FNDA:29,(anonymous_1)
FNDA:27,(anonymous_2)
FNDA:17,(anonymous_3)
DA:10,6
DA:11,2
DA:14,4
DA:17,4
DA:20,4
DA:23,4
DA:24,4
DA:25,29
DA:30,4
DA:31,27
DA:32,6
DA:34,21
DA:42,4
DA:45,4
DA:47,4
DA:50,1
DA:51,1
DA:54,3
DA:55,3
DA:59,4
DA:60,4
DA:62,29
DA:67,29
DA:70,29
DA:72,29
DA:73,29
DA:75,23
DA:78,17
DA:82,29
DA:83,23
DA:85,6
DA:89,29
DA:92,29
DA:93,4
DA:97,29
DA:100,4
LF:36
LH:36
BRDA:10,0,0,2
BRDA:10,0,1,4
BRDA:31,1,0,6
BRDA:31,1,1,21
BRDA:47,2,0,1
BRDA:47,2,1,3
BRDA:73,3,0,23
BRDA:73,3,1,6
BRDA:82,4,0,23
BRDA:82,4,1,6
BRDA:92,5,0,4
BRDA:92,5,1,25
BRF:12
BRH:12
end_of_record
TN:
SF:algorithms/floyd-warshall/floydWarshall.js
FN:5,floydWarshall
FN:11,(anonymous_1)
FN:15,(anonymous_2)
FN:19,(anonymous_3)
FN:20,(anonymous_4)
FN:45,(anonymous_5)
FN:47,(anonymous_6)
FN:49,(anonymous_7)
FNF:8
FNH:8
FNDA:3,floydWarshall
FNDA:19,(anonymous_1)
FNDA:19,(anonymous_2)
FNDA:19,(anonymous_3)
FNDA:129,(anonymous_4)
FNDA:19,(anonymous_5)
FNDA:129,(anonymous_6)
FNDA:919,(anonymous_7)
DA:7,3
DA:11,19
DA:15,19
DA:19,3
DA:20,19
DA:21,129
DA:23,19
DA:26,110
DA:28,110
DA:31,39
DA:32,39
DA:34,71
DA:45,3
DA:47,19
DA:49,129
DA:54,919
DA:56,919
DA:58,61
DA:59,61
DA:67,3
LF:20
LH:20
BRDA:21,0,0,19
BRDA:21,0,1,110
BRDA:28,1,0,39
BRDA:28,1,1,71
BRDA:56,2,0,61
BRDA:56,2,1,858
BRF:6
BRH:6
end_of_record
TN:
SF:algorithms/hamiltonian-cycle/hamiltonianCycle.js
FN:10,isSafe
FN:23,(anonymous_1)
FN:34,isCycle
FN:56,hamiltonianCycleRecursive
FN:63,(anonymous_4)
FN:108,hamiltonianCycle
FNF:6
FNH:6
FNDA:547,isSafe
FNDA:784,(anonymous_1)
FNDA:44,isCycle
FNDA:156,hamiltonianCycleRecursive
FNDA:575,(anonymous_4)
FNDA:8,hamiltonianCycle
DA:11,547
DA:14,547
DA:15,547
DA:18,547
DA:19,209
DA:23,784
DA:25,338
DA:38,44
DA:39,44
DA:42,44
DA:43,44
DA:46,44
DA:63,575
DA:65,156
DA:68,44
DA:70,33
DA:72,43
DA:75,112
DA:77,547
DA:80,547
DA:82,148
DA:85,148
DA:94,132
DA:99,144
DA:111,8
DA:112,8
DA:113,8
DA:118,8
DA:121,8
DA:124,8
DA:127,8
DA:135,33
LF:32
LH:32
BRDA:18,0,0,209
BRDA:18,0,1,338
BRDA:65,1,0,44
BRDA:65,1,1,112
BRDA:68,2,0,33
BRDA:68,2,1,11
BRDA:80,3,0,148
BRDA:80,3,1,399
BRF:8
BRH:8
end_of_record
TN:
SF:algorithms/kruskal/kruskal.js
FN:9,kruskal
FN:25,(anonymous_1)
FN:36,(anonymous_2)
FN:39,(anonymous_3)
FNF:4
FNH:4
FNDA:3,kruskal
FNDA:78,(anonymous_1)
FNDA:127,(anonymous_2)
FNDA:11,(anonymous_3)
DA:12,3
DA:13,1
DA:17,2
DA:20,2
DA:26,78
DA:27,14
DA:30,64
DA:33,2
DA:36,127
DA:37,2
DA:39,2
DA:40,11
DA:47,2
DA:49,15
DA:52,15
DA:54,9
DA:57,9
DA:61,2
LF:18
LH:18
BRDA:12,0,0,1
BRDA:12,0,1,2
BRDA:26,1,0,14
BRDA:26,1,1,64
BRDA:30,2,0,10
BRDA:30,2,1,54
BRDA:52,3,0,9
BRDA:52,3,1,6
BRF:8
BRH:8
end_of_record
TN:
SF:algorithms/math/is-power-of-two/isPowerOfTwo.js
FN:5,isPowerOfTwo
FNF:1
FNH:1
FNDA:27,isPowerOfTwo
DA:7,27
DA:8,2
DA:13,25
DA:14,25
DA:15,56
DA:18,13
DA:21,43
DA:24,12
LF:8
LH:8
BRDA:7,0,0,2
BRDA:7,0,1,25
BRDA:15,1,0,13
BRDA:15,1,1,43
BRF:4
BRH:4
end_of_record
TN:
SF:algorithms/math/is-power-of-two/isPowerOfTwoBitwise.js
FN:5,isPowerOfTwoBitwise
FNF:1
FNH:1
FNDA:17,isPowerOfTwoBitwise
DA:7,17
DA:8,2
DA:25,15
LF:3
LH:3
BRDA:7,0,0,2
BRDA:7,0,1,15
BRF:2
BRH:2
end_of_record
TN:
SF:algorithms/prim/prim.js
FN:8,prim
FN:33,(anonymous_1)
FN:60,(anonymous_2)
FNF:3
FNH:3
FNDA:3,prim
FNDA:5,(anonymous_1)
FNDA:34,(anonymous_2)
DA:11,3
DA:12,1
DA:16,2
DA:21,2
DA:24,2
DA:27,2
DA:30,2
DA:33,2
DA:34,5
DA:38,2
DA:41,15
DA:44,15
DA:45,15
DA:46,2
DA:47,13
DA:48,7
DA:52,15
DA:54,9
DA:57,9
DA:60,9
DA:62,34
DA:66,10
DA:72,2
LF:23
LH:23
BRDA:11,0,0,1
BRDA:11,0,1,2
BRDA:45,1,0,2
BRDA:45,1,1,13
BRDA:47,2,0,7
BRDA:47,2,1,6
BRDA:52,3,0,9
BRDA:52,3,1,6
BRDA:62,4,0,10
BRDA:62,4,1,24
BRDA:63,5,0,34
BRDA:63,5,1,32
BRF:12
BRH:12
end_of_record
TN:
SF:algorithms/sorting/Sort.js
FN:12,(anonymous_0)
FN:21,(anonymous_1)
FN:23,(anonymous_2)
FN:31,(anonymous_3)
FNF:4
FNH:4
FNDA:73,(anonymous_0)
FNDA:73,(anonymous_1)
FNDA:5217,(anonymous_2)
FNDA:1,(anonymous_3)
DA:13,73
DA:14,73
DA:22,73
DA:23,73
DA:25,73
DA:26,73
DA:28,73
DA:32,1
LF:8
LH:8
BRDA:22,0,0,73
BRDA:22,0,1,20
BRDA:25,1,0,73
BRDA:25,1,1,59
BRDA:26,2,0,73
BRDA:26,2,1,34
BRF:6
BRH:6
end_of_record
TN:
SF:algorithms/sorting/SortTester.js
FN:9,(anonymous_0)
FN:23,(anonymous_1)
FN:28,(anonymous_2)
FN:30,(anonymous_3)
FN:47,(anonymous_4)
FN:49,(anonymous_5)
FN:63,(anonymous_6)
FNF:7
FNH:7
FNDA:10,(anonymous_0)
FNDA:9,(anonymous_1)
FNDA:8,(anonymous_2)
FNDA:72,(anonymous_3)
FNDA:4,(anonymous_4)
FNDA:49,(anonymous_5)
FNDA:38,(anonymous_6)
DA:1,10
DA:2,10
DA:3,10
DA:4,10
DA:5,10
DA:6,10
DA:10,10
DA:12,10
DA:13,10
DA:14,10
DA:15,10
DA:16,10
DA:17,10
DA:18,10
DA:19,10
DA:20,10
DA:24,9
DA:25,9
DA:29,8
DA:31,72
DA:32,10
DA:34,62
DA:38,8
DA:40,8
DA:41,8
DA:42,8
DA:43,8
DA:44,8
DA:48,4
DA:50,49
DA:51,10
DA:53,39
DA:57,4
DA:59,4
DA:60,4
DA:64,38
DA:65,38
DA:66,38
DA:68,38
DA:70,38
LF:40
LH:40
BRDA:31,0,0,10
BRDA:31,0,1,62
BRDA:34,1,0,24
BRDA:34,1,1,38
BRDA:50,2,0,10
BRDA:50,2,1,39
BRDA:53,3,0,20
BRDA:53,3,1,19
BRF:8
BRH:8
end_of_record
TN:
SF:algorithms/sorting/bubble-sort/BubbleSort.js
FN:4,(anonymous_0)
FNF:1
FNH:1
FNDA:21,(anonymous_0)
DA:6,21
DA:8,21
DA:10,21
DA:11,94
DA:14,94
DA:16,94
DA:18,908
DA:21,908
DA:22,594
DA:25,594
DA:31,94
DA:32,12
DA:36,9
LF:13
LH:13
BRDA:21,0,0,594
BRDA:21,0,1,314
BRDA:31,1,0,12
BRDA:31,1,1,82
BRF:4
BRH:4
end_of_record
TN:
SF:algorithms/sorting/counting-sort/CountingSort.js
FN:9,(anonymous_0)
FN:15,(anonymous_1)
FN:35,(anonymous_2)
FNF:3
FNH:3
FNDA:15,(anonymous_0)
FNDA:185,(anonymous_1)
FNDA:205,(anonymous_2)
DA:11,15
DA:12,15
DA:14,15
DA:15,14
DA:17,185
DA:20,185
DA:21,58
DA:25,185
DA:26,2
DA:33,15
DA:35,15
DA:37,205
DA:39,205
DA:45,15
DA:46,180
DA:53,15
DA:54,15
DA:57,15
DA:58,15
DA:60,205
DA:63,205
DA:66,205
DA:69,205
DA:72,205
DA:76,15
LF:25
LH:25
BRDA:9,0,0,14
BRDA:9,1,0,14
BRDA:11,2,0,15
BRDA:11,2,1,14
BRDA:12,3,0,15
BRDA:12,3,1,14
BRDA:14,4,0,14
BRDA:14,4,1,1
BRDA:14,5,0,15
BRDA:14,5,1,1
BRDA:20,6,0,58
BRDA:20,6,1,127
BRDA:25,7,0,2
BRDA:25,7,1,183
BRF:14
BRH:14
end_of_record
TN:
SF:algorithms/sorting/heap-sort/HeapSort.js
FN:5,(anonymous_0)
FN:10,(anonymous_1)
FNF:2
FNH:2
FNDA:19,(anonymous_0)
FNDA:195,(anonymous_1)
DA:6,19
DA:7,19
DA:10,19
DA:12,195
DA:14,195
DA:19,19
DA:20,195
DA:23,195
DA:25,195
DA:28,19
LF:10
LH:10
BRF:0
BRH:0
end_of_record
TN:
SF:algorithms/sorting/insertion-sort/InsertionSort.js
FN:4,(anonymous_0)
FNF:1
FNH:1
FNDA:21,(anonymous_0)
DA:5,21
DA:8,21
DA:9,183
DA:12,183
DA:16,183
DA:21,594
DA:24,594
DA:33,594
DA:37,21
LF:9
LH:9
BRDA:17,0,0,777
BRDA:17,0,1,724
BRF:2
BRH:2
end_of_record
TN:
SF:algorithms/sorting/merge-sort/MergeSort.js
FN:4,(anonymous_0)
FN:26,(anonymous_1)
FNF:2
FNH:2
FNDA:387,(anonymous_0)
FNDA:183,(anonymous_1)
DA:6,387
DA:9,387
DA:10,204
DA:14,183
DA:15,183
DA:16,183
DA:19,183
DA:20,183
DA:23,183
DA:27,183
DA:30,183
DA:31,183
DA:33,183
DA:34,446
DA:37,446
DA:38,250
DA:40,250
DA:42,196
DA:44,196
DA:48,446
DA:51,446
DA:56,183
LF:22
LH:22
BRDA:9,0,0,204
BRDA:9,0,1,183
BRDA:33,1,0,629
BRDA:33,1,1,518
BRDA:37,2,0,250
BRDA:37,2,1,196
BRF:6
BRH:6
end_of_record
TN:
SF:algorithms/sorting/quick-sort/QuickSort.js
FN:8,(anonymous_0)
FNF:1
FNH:1
FNDA:293,(anonymous_0)
DA:10,293
DA:13,293
DA:14,158
DA:18,135
DA:19,135
DA:22,135
DA:23,135
DA:26,135
DA:27,1018
DA:30,1018
DA:32,1018
DA:33,46
DA:34,972
DA:35,478
DA:37,494
DA:42,135
DA:43,135
DA:46,135
LF:18
LH:18
BRDA:13,0,0,158
BRDA:13,0,1,135
BRDA:32,1,0,46
BRDA:32,1,1,972
BRDA:34,2,0,478
BRDA:34,2,1,494
BRF:6
BRH:6
end_of_record
TN:
SF:algorithms/sorting/quick-sort/QuickSortInPlace.js
FN:15,(anonymous_0)
FN:35,(anonymous_1)
FN:41,(anonymous_2)
FNF:3
FNH:3
FNDA:331,(anonymous_0)
FNDA:156,(anonymous_1)
FNDA:855,(anonymous_2)
DA:22,331
DA:35,331
DA:41,156
DA:42,855
DA:43,855
DA:44,855
DA:47,156
DA:49,156
DA:51,156
DA:52,156
DA:53,1350
DA:54,699
DA:55,699
DA:63,156
DA:65,156
DA:69,331
DA:70,156
DA:71,156
DA:72,156
DA:73,156
DA:76,331
LF:21
LH:21
BRDA:17,0,0,19
BRDA:18,1,0,19
BRDA:19,2,0,19
BRDA:22,3,0,312
BRDA:22,3,1,19
BRDA:53,4,0,699
BRDA:53,4,1,651
BRDA:69,5,0,156
BRDA:69,5,1,175
BRF:9
BRH:9
end_of_record
TN:
SF:algorithms/sorting/radix-sort/RadixSort.js
FN:13,(anonymous_0)
FN:26,(anonymous_1)
FN:37,(anonymous_2)
FN:43,(anonymous_3)
FN:67,(anonymous_4)
FN:70,(anonymous_5)
FN:85,(anonymous_6)
FN:104,(anonymous_7)
FN:112,(anonymous_8)
FN:117,(anonymous_9)
FN:124,(anonymous_10)
FN:133,(anonymous_11)
FN:138,(anonymous_12)
FN:145,(anonymous_13)
FNF:14
FNH:14
FNDA:11,(anonymous_0)
FNDA:284,(anonymous_1)
FNDA:18,(anonymous_2)
FNDA:232,(anonymous_3)
FNDA:4,(anonymous_4)
FNDA:24,(anonymous_5)
FNDA:24,(anonymous_6)
FNDA:11,(anonymous_7)
FNDA:11,(anonymous_8)
FNDA:6,(anonymous_9)
FNDA:22,(anonymous_10)
FNDA:22,(anonymous_11)
FNDA:284,(anonymous_12)
FNDA:22,(anonymous_13)
DA:4,1
DA:5,1
DA:6,1
DA:15,11
DA:17,11
DA:18,11
DA:20,11
DA:21,22
DA:26,284
DA:29,11
DA:39,18
DA:40,18
DA:41,18
DA:43,18
DA:44,232
DA:45,232
DA:46,75
DA:53,157
DA:54,157
DA:58,18
DA:68,4
DA:70,4
DA:71,24
DA:72,24
DA:73,24
DA:76,4
DA:87,24
DA:88,9
DA:95,15
DA:97,15
DA:105,11
DA:113,11
DA:114,9
DA:117,6
DA:126,22
DA:138,284
DA:146,22
LF:37
LH:37
BRDA:21,0,0,18
BRDA:21,0,1,4
BRDA:45,1,0,75
BRDA:45,1,1,157
BRDA:87,2,0,9
BRDA:87,2,1,15
BRDA:95,3,0,7
BRDA:95,3,1,8
BRDA:113,4,0,9
BRDA:113,4,1,2
BRDA:117,5,0,2
BRDA:117,5,1,4
BRF:12
BRH:12
end_of_record
TN:
SF:algorithms/sorting/selection-sort/SelectionSort.js
FN:4,(anonymous_0)
FNF:1
FNH:1
FNDA:19,(anonymous_0)
DA:6,19
DA:8,19
DA:9,177
DA:12,177
DA:15,177
DA:17,1620
DA:19,1620
DA:20,300
DA:25,177
DA:26,75
DA:30,19
LF:11
LH:11
BRDA:19,0,0,300
BRDA:19,0,1,1320
BRDA:25,1,0,75
BRDA:25,1,1,102
BRF:4
BRH:4
end_of_record
TN:
SF:algorithms/sorting/shell-sort/ShellSort.js
FN:4,(anonymous_0)
FNF:1
FNH:1
FNDA:19,(anonymous_0)
DA:6,19
DA:9,19
DA:12,19
DA:14,44
DA:15,549
DA:16,549
DA:18,549
DA:20,2712
DA:23,2712
DA:24,163
DA:25,163
DA:26,163
DA:29,2712
DA:30,2712
DA:35,44
DA:39,19
LF:16
LH:16
BRDA:23,0,0,163
BRDA:23,0,1,2549
BRF:2
BRH:2
end_of_record
TN:
SF:algorithms/strongly-connected-components/stronglyConnectedComponents.js
FN:8,getVerticesSortedByDfsFinishTime
FN:20,(anonymous_1)
FN:26,(anonymous_2)
FN:36,(anonymous_3)
FN:41,(anonymous_4)
FN:62,getSCCSets
FN:74,(anonymous_6)
FN:86,(anonymous_7)
FN:93,(anonymous_8)
FN:119,stronglyConnectedComponents
FNF:10
FNH:10
FNDA:38,getVerticesSortedByDfsFinishTime
FNDA:215,(anonymous_1)
FNDA:215,(anonymous_2)
FNDA:215,(anonymous_3)
FNDA:578,(anonymous_4)
FNDA:38,getSCCSets
FNDA:215,(anonymous_6)
FNDA:215,(anonymous_7)
FNDA:578,(anonymous_8)
FNDA:38,stronglyConnectedComponents
DA:10,38
DA:16,38
DA:19,38
DA:20,38
DA:21,215
DA:25,38
DA:28,215
DA:31,215
DA:37,215
DA:41,578
DA:45,38
DA:47,66
DA:48,66
DA:49,66
DA:51,66
DA:54,38
DA:64,38
DA:67,38
DA:70,38
DA:73,38
DA:76,215
DA:79,215
DA:87,215
DA:88,72
DA:93,578
DA:96,38
DA:98,215
DA:101,215
DA:104,215
DA:106,72
DA:110,38
DA:126,38
DA:129,38
DA:130,5
DA:134,38
LF:35
LH:35
BRDA:87,0,0,72
BRDA:87,0,1,143
BRDA:104,1,0,72
BRDA:104,1,1,143
BRDA:129,2,0,5
BRDA:129,2,1,33
BRF:6
BRH:6
end_of_record
TN:
SF:algorithms/topological-sorting/topologicalSort.js
FN:7,topologicalSort
FN:10,(anonymous_1)
FN:21,(anonymous_2)
FN:28,(anonymous_3)
FN:32,(anonymous_4)
FNF:5
FNH:5
FNDA:1,topologicalSort
FNDA:8,(anonymous_1)
FNDA:8,(anonymous_2)
FNDA:8,(anonymous_3)
FNDA:8,(anonymous_4)
DA:9,1
DA:10,1
DA:11,8
DA:15,1
DA:18,1
DA:20,1
DA:23,8
DA:26,8
DA:30,8
DA:32,8
DA:36,1
DA:37,2
DA:38,2
DA:41,2
DA:44,1
LF:15
LH:15
BRF:0
BRH:0
end_of_record
TN:
SF:algorithms/travelling-salesman/bfTravellingSalesman.js
FN:7,findAllPaths
FN:15,(anonymous_1)
FN:23,(anonymous_2)
FN:47,getCycleWeight
FN:67,bfTravellingSalesman
FN:76,(anonymous_5)
FNF:6
FNH:6
FNDA:16,findAllPaths
FNDA:49,(anonymous_1)
FNDA:48,(anonymous_2)
FNDA:6,getCycleWeight
FNDA:1,bfTravellingSalesman
FNDA:6,(anonymous_5)
DA:9,16
DA:12,16
DA:15,16
DA:16,49
DA:17,49
DA:19,49
DA:23,48
DA:26,16
DA:27,6
DA:29,6
DA:33,10
DA:34,15
DA:35,15
DA:38,10
DA:48,6
DA:50,6
DA:51,18
DA:52,18
DA:53,18
DA:54,18
DA:55,18
DA:58,6
DA:69,1
DA:73,1
DA:76,1
DA:78,6
DA:79,6
DA:81,6
DA:85,1
DA:86,1
DA:87,1
DA:88,1
DA:89,1
DA:90,6
DA:91,6
DA:94,6
DA:95,1
DA:96,1
DA:101,1
LF:39
LH:39
BRDA:7,0,0,1
BRDA:7,1,0,1
BRDA:26,2,0,6
BRDA:26,2,1,10
BRDA:94,3,0,1
BRDA:94,3,1,5
BRDA:94,4,0,6
BRDA:94,4,1,5
BRF:8
BRH:8
end_of_record
TN:
SF:data-structures/disjoint-set/DisjointSet.js
FN:7,(anonymous_0)
FN:16,(anonymous_1)
FN:33,(anonymous_2)
FN:53,(anonymous_3)
FN:87,(anonymous_4)
FNF:5
FNH:5
FNDA:7,(anonymous_0)
FNDA:25,(anonymous_1)
FNDA:134,(anonymous_2)
FNDA:22,(anonymous_3)
FNDA:33,(anonymous_4)
DA:8,7
DA:9,7
DA:17,25
DA:19,25
DA:21,25
DA:24,25
DA:34,134
DA:37,134
DA:39,134
DA:40,10
DA:43,124
DA:54,22
DA:55,22
DA:57,22
DA:58,1
DA:61,21
DA:63,1
DA:66,20
DA:67,20
DA:69,20
DA:71,2
DA:73,2
DA:77,18
DA:79,18
DA:88,33
DA:89,33
DA:91,33
DA:92,1
DA:95,32
LF:29
LH:29
BRDA:19,0,0,25
BRDA:19,0,1,0
BRDA:39,1,0,10
BRDA:39,1,1,124
BRDA:57,2,0,1
BRDA:57,2,1,21
BRDA:57,3,0,22
BRDA:57,3,1,21
BRDA:61,4,0,1
BRDA:61,4,1,20
BRDA:69,5,0,2
BRDA:69,5,1,18
BRDA:91,6,0,1
BRDA:91,6,1,32
BRDA:91,7,0,33
BRDA:91,7,1,32
BRF:16
BRH:15
end_of_record
TN:
SF:data-structures/disjoint-set/DisjointSetItem.js
FN:6,(anonymous_0)
FN:17,(anonymous_1)
FN:30,(anonymous_2)
FN:37,(anonymous_3)
FN:46,(anonymous_4)
FN:54,(anonymous_5)
FN:68,(anonymous_6)
FN:77,(anonymous_7)
FN:90,(anonymous_8)
FNF:9
FNH:9
FNDA:167,(anonymous_0)
FNDA:336,(anonymous_1)
FNDA:193,(anonymous_2)
FNDA:213,(anonymous_3)
FNDA:99,(anonymous_4)
FNDA:43,(anonymous_5)
FNDA:140,(anonymous_6)
FNDA:28,(anonymous_7)
FNDA:26,(anonymous_8)
DA:7,167
DA:8,167
DA:10,167
DA:11,167
DA:19,336
DA:20,194
DA:24,142
DA:31,193
DA:38,213
DA:47,99
DA:48,72
DA:51,27
DA:54,27
DA:56,43
DA:59,43
DA:62,27
DA:69,140
DA:78,28
DA:79,28
DA:80,2
DA:83,28
DA:91,26
DA:92,26
DA:94,26
LF:24
LH:24
BRDA:19,0,0,194
BRDA:19,0,1,142
BRDA:31,1,0,134
BRDA:31,1,1,59
BRDA:47,2,0,72
BRDA:47,2,1,27
BRDA:77,3,0,2
BRDA:79,4,0,2
BRDA:79,4,1,26
BRF:9
BRH:9
end_of_record
TN:
SF:data-structures/graph/Graph.js
FN:46,(anonymous_0)
FN:57,(anonymous_1)
FN:65,(anonymous_2)
FN:79,(anonymous_3)
FN:93,(anonymous_4)
FN:101,(anonymous_5)
FN:102,(anonymous_6)
FN:109,(anonymous_7)
FN:117,(anonymous_8)
FN:126,(anonymous_9)
FN:133,(anonymous_10)
FN:140,(anonymous_11)
FN:147,(anonymous_12)
FN:154,(anonymous_13)
FN:161,(anonymous_14)
FN:168,(anonymous_15)
FN:175,(anonymous_16)
FN:177,(anonymous_17)
FN:184,(anonymous_18)
FN:188,(anonymous_19)
FN:196,(anonymous_20)
FN:200,(anonymous_21)
FN:203,(anonymous_22)
FN:205,(anonymous_23)
FN:207,(anonymous_24)
FN:218,(anonymous_25)
FN:225,(anonymous_26)
FN:227,(anonymous_27)
FN:235,(anonymous_28)
FN:240,(anonymous_29)
FN:250,(anonymous_30)
FN:254,(anonymous_31)
FN:265,(anonymous_32)
FN:269,(anonymous_33)
FN:280,(anonymous_34)
FN:293,(anonymous_35)
FN:294,(anonymous_36)
FN:301,(anonymous_37)
FN:303,(anonymous_38)
FN:311,(anonymous_39)
FN:324,(anonymous_40)
FN:345,(anonymous_41)
FN:385,(anonymous_42)
FN:388,(anonymous_43)
FN:395,(anonymous_44)
FN:413,(anonymous_45)
FN:427,(anonymous_46)
FN:432,(anonymous_47)
FN:448,(anonymous_48)
FN:493,(anonymous_49)
FN:501,(anonymous_50)
FN:502,(anonymous_51)
FN:510,(anonymous_52)
FN:529,(anonymous_53)
FN:530,(anonymous_54)
FN:540,(anonymous_55)
FN:555,(anonymous_56)
FN:570,(anonymous_57)
FN:572,(anonymous_58)
FN:582,(anonymous_59)
FN:583,(anonymous_60)
FN:586,(anonymous_61)
FN:591,(anonymous_62)
FN:594,(anonymous_63)
FN:599,(anonymous_64)
FN:605,(anonymous_65)
FN:607,(anonymous_66)
FN:617,(anonymous_67)
FN:635,(anonymous_68)
FN:643,(anonymous_69)
FN:650,(anonymous_70)
FN:654,(anonymous_71)
FN:655,(anonymous_72)
FN:669,(anonymous_73)
FN:677,(anonymous_74)
FN:721,(anonymous_75)
FN:728,(anonymous_76)
FN:735,(anonymous_77)
FN:778,(anonymous_78)
FN:807,(anonymous_79)
FN:824,(anonymous_80)
FN:846,(anonymous_81)
FN:856,(anonymous_82)
FN:874,(anonymous_83)
FN:902,(anonymous_84)
FN:907,(anonymous_85)
FN:911,(anonymous_86)
FN:917,(anonymous_87)
FN:917,(anonymous_88)
FN:927,(anonymous_89)
FN:935,(anonymous_90)
FN:985,(anonymous_91)
FN:1028,(anonymous_92)
FN:1047,(anonymous_93)
FN:1105,(anonymous_94)
FN:1110,(anonymous_95)
FN:1121,(anonymous_96)
FN:1129,(anonymous_97)
FN:1135,(anonymous_98)
FN:1137,(anonymous_99)
FN:1138,(anonymous_100)
FN:1142,(anonymous_101)
FN:1143,(anonymous_102)
FN:1156,(anonymous_103)
FN:1171,(anonymous_104)
FN:1173,(anonymous_105)
FN:1176,(anonymous_106)
FN:1186,(anonymous_107)
FN:1189,(anonymous_108)
FN:1205,(anonymous_109)
FN:1208,(anonymous_110)
FN:1216,(anonymous_111)
FN:1219,(anonymous_112)
FN:1221,(anonymous_113)
FN:1236,(anonymous_114)
FN:1239,(anonymous_115)
FN:1249,(anonymous_116)
FN:1254,(anonymous_117)
FN:1257,(anonymous_118)
FN:1281,(anonymous_119)
FN:1295,(anonymous_120)
FN:1299,(anonymous_121)
FN:1326,(anonymous_122)
FN:1332,(anonymous_123)
FN:1341,(anonymous_124)
FN:1359,(anonymous_125)
FN:1364,(anonymous_126)
FN:1367,(anonymous_127)
FN:1388,(anonymous_128)
FN:1391,(anonymous_129)
FN:1399,(anonymous_130)
FN:1404,(anonymous_131)
FN:1405,(anonymous_132)
FN:1414,(anonymous_133)
FN:1419,(anonymous_134)
FN:1420,(anonymous_135)
FN:1421,(anonymous_136)
FN:1430,(anonymous_137)
FN:1438,(anonymous_138)
FN:1440,(anonymous_139)
FN:1462,(anonymous_140)
FN:1470,(anonymous_141)
FN:1480,(anonymous_142)
FN:1489,(anonymous_143)
FN:1509,(anonymous_144)
FN:1528,(anonymous_145)
FN:1538,(anonymous_146)
FN:1544,(anonymous_147)
FN:1577,(anonymous_148)
FN:1583,(anonymous_149)
FN:1657,(anonymous_150)
FN:1685,(anonymous_151)
FN:1705,(anonymous_152)
FN:1706,(anonymous_153)
FN:1717,(anonymous_154)
FN:1721,(anonymous_155)
FN:1731,(anonymous_156)
FN:1753,(anonymous_157)
FN:1763,(anonymous_158)
FN:1768,(anonymous_159)
FN:1782,(anonymous_160)
FN:1807,(anonymous_161)
FN:1882,(anonymous_162)
FN:1905,(anonymous_163)
FN:1910,(anonymous_164)
FN:1938,(anonymous_165)
FN:1953,(anonymous_166)
FN:2023,(anonymous_167)
FN:2096,(anonymous_168)
FN:2107,(anonymous_169)
FN:2173,(anonymous_170)
FN:2192,(anonymous_171)
FN:2219,(anonymous_172)
FN:2223,(anonymous_173)
FN:2248,(anonymous_174)
FN:2260,(anonymous_175)
FN:2270,(anonymous_176)
FN:2286,(anonymous_177)
FN:2320,(anonymous_178)
FN:2324,(anonymous_179)
FN:2330,(anonymous_180)
FN:2344,(anonymous_181)
FN:2353,(anonymous_182)
FN:2361,(anonymous_183)
FN:2366,(anonymous_184)
FN:2380,(anonymous_185)
FN:2389,(anonymous_186)
FN:2413,(anonymous_187)
FNF:188
FNH:187
FNDA:234,(anonymous_0)
FNDA:1,(anonymous_1)
FNDA:1,(anonymous_2)
FNDA:1110,(anonymous_3)
FNDA:1,(anonymous_4)
FNDA:88,(anonymous_5)
FNDA:433,(anonymous_6)
FNDA:5491,(anonymous_7)
FNDA:58,(anonymous_8)
FNDA:3308,(anonymous_9)
FNDA:1933,(anonymous_10)
FNDA:3,(anonymous_11)
FNDA:832,(anonymous_12)
FNDA:132,(anonymous_13)
FNDA:6,(anonymous_14)
FNDA:8,(anonymous_15)
FNDA:2,(anonymous_16)
FNDA:4,(anonymous_17)
FNDA:1,(anonymous_18)
FNDA:2,(anonymous_19)
FNDA:10,(anonymous_20)
FNDA:0,(anonymous_21)
FNDA:45,(anonymous_22)
FNDA:41,(anonymous_23)
FNDA:4,(anonymous_24)
FNDA:45,(anonymous_25)
FNDA:3,(anonymous_26)
FNDA:4,(anonymous_27)
FNDA:5,(anonymous_28)
FNDA:16,(anonymous_29)
FNDA:51,(anonymous_30)
FNDA:70,(anonymous_31)
FNDA:29,(anonymous_32)
FNDA:136,(anonymous_33)
FNDA:4,(anonymous_34)
FNDA:1,(anonymous_35)
FNDA:3,(anonymous_36)
FNDA:25,(anonymous_37)
FNDA:124,(anonymous_38)
FNDA:25,(anonymous_39)
FNDA:475,(anonymous_40)
FNDA:2633,(anonymous_41)
FNDA:4,(anonymous_42)
FNDA:24,(anonymous_43)
FNDA:2,(anonymous_44)
FNDA:2,(anonymous_45)
FNDA:1,(anonymous_46)
FNDA:1,(anonymous_47)
FNDA:1152,(anonymous_48)
FNDA:1,(anonymous_49)
FNDA:205,(anonymous_50)
FNDA:1073,(anonymous_51)
FNDA:108,(anonymous_52)
FNDA:21,(anonymous_53)
FNDA:25,(anonymous_54)
FNDA:559,(anonymous_55)
FNDA:26,(anonymous_56)
FNDA:22,(anonymous_57)
FNDA:24,(anonymous_58)
FNDA:10,(anonymous_59)
FNDA:56,(anonymous_60)
FNDA:1,(anonymous_61)
FNDA:6,(anonymous_62)
FNDA:1,(anonymous_63)
FNDA:6,(anonymous_64)
FNDA:787,(anonymous_65)
FNDA:4129,(anonymous_66)
FNDA:117,(anonymous_67)
FNDA:6,(anonymous_68)
FNDA:11,(anonymous_69)
FNDA:49,(anonymous_70)
FNDA:49,(anonymous_71)
FNDA:124,(anonymous_72)
FNDA:8,(anonymous_73)
FNDA:49,(anonymous_74)
FNDA:19,(anonymous_75)
FNDA:65,(anonymous_76)
FNDA:359,(anonymous_77)
FNDA:20,(anonymous_78)
FNDA:13,(anonymous_79)
FNDA:4,(anonymous_80)
FNDA:4,(anonymous_81)
FNDA:2,(anonymous_82)
FNDA:36,(anonymous_83)
FNDA:20,(anonymous_84)
FNDA:40,(anonymous_85)
FNDA:1,(anonymous_86)
FNDA:2,(anonymous_87)
FNDA:6,(anonymous_88)
FNDA:15,(anonymous_89)
FNDA:1,(anonymous_90)
FNDA:16,(anonymous_91)
FNDA:2,(anonymous_92)
FNDA:2,(anonymous_93)
FNDA:33,(anonymous_94)
FNDA:37,(anonymous_95)
FNDA:7,(anonymous_96)
FNDA:15,(anonymous_97)
FNDA:15,(anonymous_98)
FNDA:18,(anonymous_99)
FNDA:32,(anonymous_100)
FNDA:16,(anonymous_101)
FNDA:16,(anonymous_102)
FNDA:18,(anonymous_103)
FNDA:36,(anonymous_104)
FNDA:104,(anonymous_105)
FNDA:104,(anonymous_106)
FNDA:4,(anonymous_107)
FNDA:8,(anonymous_108)
FNDA:9,(anonymous_109)
FNDA:18,(anonymous_110)
FNDA:4,(anonymous_111)
FNDA:8,(anonymous_112)
FNDA:8,(anonymous_113)
FNDA:2,(anonymous_114)
FNDA:4,(anonymous_115)
FNDA:2,(anonymous_116)
FNDA:4,(anonymous_117)
FNDA:4,(anonymous_118)
FNDA:4,(anonymous_119)
FNDA:8,(anonymous_120)
FNDA:8,(anonymous_121)
FNDA:2,(anonymous_122)
FNDA:4,(anonymous_123)
FNDA:6,(anonymous_124)
FNDA:1,(anonymous_125)
FNDA:2,(anonymous_126)
FNDA:1,(anonymous_127)
FNDA:1,(anonymous_128)
FNDA:2,(anonymous_129)
FNDA:2,(anonymous_130)
FNDA:4,(anonymous_131)
FNDA:2,(anonymous_132)
FNDA:1,(anonymous_133)
FNDA:2,(anonymous_134)
FNDA:1,(anonymous_135)
FNDA:1,(anonymous_136)
FNDA:1,(anonymous_137)
FNDA:2,(anonymous_138)
FNDA:1,(anonymous_139)
FNDA:1,(anonymous_140)
FNDA:1,(anonymous_141)
FNDA:1,(anonymous_142)
FNDA:10,(anonymous_143)
FNDA:58,(anonymous_144)
FNDA:58,(anonymous_145)
FNDA:96,(anonymous_146)
FNDA:55,(anonymous_147)
FNDA:113,(anonymous_148)
FNDA:20,(anonymous_149)
FNDA:10,(anonymous_150)
FNDA:49,(anonymous_151)
FNDA:1,(anonymous_152)
FNDA:2,(anonymous_153)
FNDA:2,(anonymous_154)
FNDA:12,(anonymous_155)
FNDA:2,(anonymous_156)
FNDA:1,(anonymous_157)
FNDA:5,(anonymous_158)
FNDA:17,(anonymous_159)
FNDA:17,(anonymous_160)
FNDA:1,(anonymous_161)
FNDA:29,(anonymous_162)
FNDA:6,(anonymous_163)
FNDA:26,(anonymous_164)
FNDA:2,(anonymous_165)
FNDA:4,(anonymous_166)
FNDA:6,(anonymous_167)
FNDA:7,(anonymous_168)
FNDA:7,(anonymous_169)
FNDA:7,(anonymous_170)
FNDA:8,(anonymous_171)
FNDA:4,(anonymous_172)
FNDA:4,(anonymous_173)
FNDA:2,(anonymous_174)
FNDA:2,(anonymous_175)
FNDA:2,(anonymous_176)
FNDA:1,(anonymous_177)
FNDA:3,(anonymous_178)
FNDA:10,(anonymous_179)
FNDA:7,(anonymous_180)
FNDA:3,(anonymous_181)
FNDA:7,(anonymous_182)
FNDA:7,(anonymous_183)
FNDA:5,(anonymous_184)
FNDA:5,(anonymous_185)
FNDA:1,(anonymous_186)
FNDA:13,(anonymous_187)
DA:47,234
DA:48,234
DA:49,234
DA:50,234
DA:51,234
DA:58,1
DA:66,1
DA:67,1
DA:68,1
DA:70,1
DA:72,1
DA:81,1110
DA:82,1
DA:85,1109
DA:86,1109
DA:94,1
DA:102,433
DA:110,5491
DA:118,58
DA:119,58
DA:127,3308
DA:134,1933
DA:141,3
DA:148,832
DA:155,132
DA:162,6
DA:169,8
DA:176,2
DA:177,4
DA:185,1
DA:187,1
DA:188,2
DA:197,10
DA:198,10
DA:200,10
DA:202,10
DA:204,45
DA:205,41
DA:207,4
DA:210,45
DA:214,24
DA:216,21
DA:218,45
DA:226,3
DA:227,4
DA:236,5
DA:238,5
DA:240,16
DA:251,51
DA:252,51
DA:254,51
DA:255,70
DA:258,51
DA:266,29
DA:267,29
DA:269,29
DA:270,136
DA:273,29
DA:281,4
DA:283,4
DA:294,3
DA:302,25
DA:303,124
DA:312,25
DA:325,475
DA:326,475
DA:327,475
DA:328,475
DA:329,475
DA:332,475
DA:333,2529
DA:337,475
DA:339,432
DA:340,2311
DA:341,2311
DA:343,2311
DA:344,2311
DA:346,2633
DA:348,2633
DA:353,2311
DA:357,43
DA:359,43
DA:360,43
DA:361,43
DA:363,43
DA:364,218
DA:365,218
DA:367,218
DA:368,260
DA:370,260
DA:375,475
DA:386,4
DA:388,24
DA:396,2
DA:397,2
DA:398,2
DA:400,2
DA:401,9
DA:402,2
DA:406,2
DA:414,2
DA:415,2
DA:416,2
DA:418,2
DA:419,7
DA:420,3
DA:424,2
DA:428,1
DA:429,1
DA:430,1
DA:432,1
DA:433,1
DA:441,1
DA:450,1152
DA:451,1
DA:452,1
DA:455,1151
DA:457,1151
DA:459,1151
DA:461,2
DA:462,2
DA:465,1149
DA:468,1149
DA:469,157
DA:473,1149
DA:474,505
DA:479,1151
DA:481,442
DA:484,709
DA:485,709
DA:494,1
DA:502,205
DA:503,1073
DA:512,108
DA:513,107
DA:515,1
DA:519,108
DA:520,108
DA:522,108
DA:523,108
DA:530,21
DA:531,25
DA:541,559
DA:543,559
DA:544,2
DA:547,557
DA:556,26
DA:558,26
DA:559,2
DA:562,24
DA:571,22
DA:572,24
DA:583,56
DA:587,1
DA:589,1
DA:591,6
DA:595,1
DA:597,1
DA:599,6
DA:606,787
DA:607,787
DA:608,4129
DA:611,787
DA:618,117
DA:619,117
DA:620,117
DA:621,117
DA:623,117
DA:625,117
DA:626,608
DA:629,117
DA:636,6
DA:637,6
DA:644,11
DA:645,11
DA:649,11
DA:650,49
DA:654,11
DA:655,49
DA:656,124
DA:658,124
DA:662,11
DA:670,8
DA:671,8
DA:672,50
DA:675,8
DA:677,7
DA:678,49
DA:680,49
DA:682,48
DA:685,48
DA:687,48
DA:689,48
DA:690,1
DA:693,1
DA:696,1
DA:699,1
DA:701,1
DA:705,48
DA:707,48
DA:711,1
DA:714,8
DA:722,19
DA:729,65
DA:731,65
DA:733,65
DA:735,359
DA:743,65
DA:751,113
DA:754,113
DA:756,100
DA:758,80
DA:759,80
DA:761,80
DA:763,80
DA:764,75
DA:765,45
DA:769,35
DA:771,35
DA:781,20
DA:782,20
DA:783,20
DA:785,20
DA:786,95
DA:787,95
DA:792,20
DA:793,38
DA:794,13
DA:798,7
DA:808,13
DA:811,13
DA:814,13
DA:815,14
DA:816,14
DA:825,4
DA:826,4
DA:828,4
DA:830,4
DA:831,12
DA:832,12
DA:835,4
DA:836,2
DA:839,4
DA:847,4
DA:848,24
DA:857,2
DA:859,2
DA:860,1
DA:861,1
DA:862,1
DA:866,2
DA:875,36
DA:877,36
DA:879,36
DA:880,36
DA:882,36
DA:883,66
DA:885,66
DA:886,66
DA:887,200
DA:889,200
DA:892,66
DA:895,36
DA:903,20
DA:905,20
DA:907,40
DA:912,1
DA:913,1
DA:915,1
DA:917,6
DA:920,1
DA:928,15
DA:936,1
DA:940,1
DA:941,5
DA:944,1
DA:947,1
DA:948,5
DA:952,1
DA:954,1
DA:955,1
DA:959,5
DA:963,1
DA:967,1
DA:968,5
DA:971,1
DA:986,16
DA:987,16
DA:988,16
DA:991,16
DA:993,7
DA:994,10
DA:995,6
DA:999,1
DA:1003,9
DA:1006,8
DA:1007,8
DA:1008,47
DA:1009,16
DA:1014,8
DA:1015,2
DA:1021,6
DA:1029,2
DA:1030,2
DA:1031,2
DA:1034,2
DA:1035,5
DA:1036,1
DA:1040,1
DA:1048,2
DA:1049,2
DA:1053,2
DA:1054,12
DA:1057,2
DA:1060,2
DA:1062,7
DA:1064,2
DA:1065,2
DA:1067,2
DA:1068,8
DA:1069,8
DA:1072,8
DA:1075,8
DA:1078,8
DA:1081,22
DA:1082,1
DA:1086,21
DA:1088,7
DA:1089,7
DA:1098,1
DA:1106,33
DA:1107,33
DA:1109,33
DA:1110,37
DA:1122,7
DA:1123,7
DA:1125,7
DA:1126,7
DA:1127,7
DA:1129,7
DA:1133,7
DA:1136,15
DA:1137,18
DA:1138,32
DA:1141,15
DA:1142,16
DA:1143,16
DA:1146,15
DA:1157,18
DA:1159,18
DA:1160,18
DA:1161,18
DA:1164,18
DA:1167,18
DA:1169,18
DA:1171,36
DA:1173,104
DA:1176,104
DA:1187,4
DA:1190,8
DA:1195,8
DA:1206,9
DA:1208,18
DA:1217,4
DA:1220,8
DA:1222,8
DA:1226,8
DA:1237,2
DA:1239,4
DA:1242,2
DA:1250,2
DA:1252,2
DA:1255,4
DA:1258,4
DA:1259,2
DA:1262,4
DA:1263,2
DA:1266,4
DA:1271,4
DA:1282,4
DA:1283,4
DA:1285,4
DA:1286,4
DA:1288,4
DA:1289,4
DA:1291,4
DA:1293,4
DA:1296,8
DA:1298,8
DA:1300,8
DA:1306,8
DA:1312,8
DA:1316,8
DA:1327,2
DA:1328,2
DA:1330,2
DA:1333,4
DA:1334,2
DA:1336,2
DA:1337,2
DA:1339,2
DA:1342,6
DA:1343,6
DA:1349,4
DA:1360,1
DA:1362,1
DA:1365,2
DA:1368,1
DA:1373,1
DA:1378,2
DA:1389,1
DA:1391,2
DA:1400,2
DA:1402,2
DA:1404,4
DA:1405,2
DA:1415,1
DA:1417,1
DA:1419,2
DA:1420,1
DA:1421,1
DA:1431,1
DA:1432,1
DA:1434,1
DA:1439,2
DA:1441,1
DA:1448,2
DA:1455,1
DA:1463,1
DA:1471,1
DA:1481,1
DA:1490,10
DA:1493,10
DA:1496,10
DA:1499,10
DA:1502,10
DA:1504,10
DA:1511,58
DA:1514,58
DA:1519,58
DA:1521,48
DA:1529,58
DA:1531,10
DA:1537,48
DA:1538,96
DA:1545,55
DA:1546,55
DA:1555,48
DA:1557,11
DA:1558,1
DA:1560,1
DA:1564,37
DA:1569,37
DA:1570,37
DA:1571,20
DA:1573,20
DA:1577,113
DA:1581,10
DA:1583,20
DA:1594,145
DA:1595,145
DA:1597,145
DA:1598,145
DA:1599,145
DA:1602,145
DA:1603,865
DA:1605,865
DA:1606,32
DA:1609,833
DA:1610,17
DA:1614,17
DA:1615,9
DA:1616,8
DA:1618,17
DA:1621,816
DA:1622,96
DA:1636,145
DA:1637,145
DA:1639,17
DA:1641,17
DA:1642,0
DA:1643,0
DA:1646,17
DA:1649,145
DA:1658,10
DA:1659,1
DA:1662,9
DA:1663,9
DA:1664,9
DA:1665,9
DA:1667,9
DA:1668,49
DA:1671,9
DA:1672,49
DA:1673,49
DA:1675,49
DA:1676,128
DA:1677,128
DA:1681,9
DA:1686,49
DA:1687,1
DA:1690,49
DA:1697,9
DA:1706,2
DA:1718,2
DA:1720,2
DA:1721,12
DA:1732,2
DA:1733,2
DA:1735,2
DA:1736,2
DA:1739,2
DA:1741,2
DA:1742,4
DA:1745,2
DA:1754,1
DA:1765,5
DA:1767,5
DA:1768,5
DA:1769,17
DA:1770,17
DA:1771,17
DA:1773,17
DA:1774,5
DA:1777,17
DA:1778,11
DA:1782,5
DA:1783,17
DA:1784,17
DA:1786,17
DA:1793,5
DA:1795,5
DA:1797,5
DA:1808,1
DA:1809,1
DA:1810,1
DA:1813,1
DA:1815,4
DA:1819,1
DA:1822,1
DA:1823,1
DA:1824,4
DA:1827,1
DA:1838,29
DA:1843,29
DA:1845,29
DA:1848,29
DA:1852,29
DA:1854,29
DA:1856,72
DA:1858,72
DA:1859,43
DA:1864,72
DA:1866,53
DA:1867,43
DA:1868,43
DA:1873,29
DA:1883,29
DA:1884,29
DA:1886,29
DA:1887,29
DA:1889,29
DA:1890,136
DA:1895,29
DA:1906,6
DA:1907,6
DA:1908,6
DA:1910,6
DA:1911,26
DA:1916,6
DA:1917,5
DA:1920,1
DA:1921,4
DA:1922,2
DA:1923,2
DA:1928,1
DA:1939,2
DA:1940,2
DA:1941,2
DA:1943,2
DA:1954,4
DA:1956,4
DA:1957,4
DA:1959,4
DA:1961,4
DA:1974,31
DA:1976,31
DA:1978,31
DA:1980,8
DA:1983,8
DA:1987,23
DA:1990,23
DA:1991,28
DA:1992,28
DA:1994,28
DA:1996,25
DA:1998,25
DA:2007,25
DA:2008,25
DA:2013,23
DA:2024,6
DA:2026,6
DA:2027,6
DA:2029,6
DA:2031,6
DA:2032,6
DA:2033,28
DA:2036,6
DA:2037,6
DA:2040,6
DA:2043,6
DA:2045,6
DA:2056,3
DA:2059,3
DA:2062,3
DA:2063,3
DA:2066,3
DA:2067,3
DA:2070,3
DA:2073,3
DA:2075,3
DA:2076,3
DA:2077,12
DA:2078,3
DA:2081,9
DA:2085,3
DA:2086,6
DA:2093,6
DA:2095,6
DA:2096,7
DA:2098,6
DA:2100,6
DA:2101,3
DA:2104,6
DA:2106,6
DA:2107,7
DA:2109,6
DA:2112,6
DA:2113,3
DA:2118,3
DA:2120,3
DA:2122,3
DA:2123,11
DA:2124,3
DA:2129,3
DA:2130,3
DA:2131,3
DA:2132,3
DA:2134,3
DA:2135,3
DA:2137,3
DA:2138,4
DA:2141,4
DA:2142,4
DA:2144,4
DA:2145,4
DA:2146,4
DA:2148,4
DA:2150,4
DA:2151,4
DA:2153,4
DA:2158,4
DA:2163,3
DA:2174,7
DA:2175,4
DA:2178,3
DA:2180,3
DA:2181,3
DA:2182,2
DA:2184,2
DA:2185,8
DA:2188,2
DA:2189,1
DA:2192,1
DA:2193,8
DA:2195,8
DA:2197,8
DA:2202,1
DA:2204,1
DA:2205,1
DA:2207,1
DA:2208,1
DA:2209,1
DA:2210,1
DA:2212,1
DA:2215,1
DA:2216,1
DA:2218,1
DA:2219,4
DA:2221,3
DA:2222,3
DA:2223,4
DA:2226,3
DA:2228,3
DA:2230,3
DA:2231,3
DA:2232,3
DA:2237,1
DA:2240,1
DA:2249,2
DA:2251,2
DA:2261,2
DA:2271,2
DA:2272,2
DA:2274,2
DA:2275,6
DA:2278,2
DA:2287,1
DA:2288,1
DA:2289,1
DA:2291,1
DA:2292,6
DA:2295,1
DA:2296,1
DA:2297,2
DA:2300,1
DA:2302,1
DA:2303,4
DA:2305,4
DA:2306,8
DA:2307,6
DA:2312,1
DA:2321,3
DA:2324,10
DA:2330,7
DA:2345,3
DA:2346,1
DA:2349,2
DA:2351,2
DA:2354,7
DA:2356,7
DA:2357,3
DA:2359,4
DA:2361,7
DA:2364,2
DA:2367,5
DA:2371,5
DA:2372,3
DA:2378,2
DA:2380,5
DA:2383,2
DA:2390,1
DA:2391,1
DA:2393,1
DA:2414,13
LF:745
LH:743
BRDA:46,0,0,74
BRDA:81,1,0,1
BRDA:81,1,1,1109
BRDA:196,2,0,0
BRDA:204,3,0,41
BRDA:204,3,1,4
BRDA:205,4,0,41
BRDA:205,4,1,29
BRDA:207,5,0,4
BRDA:207,5,1,0
BRDA:210,6,0,24
BRDA:210,6,1,21
BRDA:225,7,0,0
BRDA:235,8,0,0
BRDA:324,9,0,358
BRDA:337,10,0,432
BRDA:337,10,1,43
BRDA:346,11,0,2633
BRDA:346,11,1,0
BRDA:346,12,0,2633
BRDA:346,12,1,0
BRDA:385,13,0,0
BRDA:401,14,0,2
BRDA:401,14,1,7
BRDA:419,15,0,3
BRDA:419,15,1,4
BRDA:450,16,0,1
BRDA:450,16,1,1151
BRDA:459,17,0,2
BRDA:459,17,1,1149
BRDA:461,18,0,2
BRDA:461,18,1,0
BRDA:468,19,0,157
BRDA:468,19,1,992
BRDA:473,20,0,505
BRDA:473,20,1,644
BRDA:479,21,0,442
BRDA:479,21,1,709
BRDA:512,22,0,107
BRDA:512,22,1,1
BRDA:543,23,0,2
BRDA:543,23,1,557
BRDA:558,24,0,2
BRDA:558,24,1,24
BRDA:675,25,0,7
BRDA:675,25,1,1
BRDA:680,26,0,48
BRDA:680,26,1,1
BRDA:689,27,0,1
BRDA:689,27,1,47
BRDA:754,28,0,13
BRDA:754,28,1,100
BRDA:756,29,0,20
BRDA:756,29,1,80
BRDA:764,30,0,45
BRDA:764,30,1,30
BRDA:793,31,0,13
BRDA:793,31,1,25
BRDA:816,32,0,10
BRDA:816,32,1,4
BRDA:835,33,0,2
BRDA:835,33,1,2
BRDA:860,34,0,1
BRDA:860,34,1,0
BRDA:948,35,0,0
BRDA:948,35,1,5
BRDA:954,36,0,1
BRDA:954,36,1,0
BRDA:968,37,0,0
BRDA:968,37,1,5
BRDA:991,38,0,7
BRDA:991,38,1,9
BRDA:994,39,0,6
BRDA:994,39,1,4
BRDA:1003,40,0,1
BRDA:1003,40,1,8
BRDA:1008,41,0,16
BRDA:1008,41,1,31
BRDA:1014,42,0,2
BRDA:1014,42,1,6
BRDA:1021,43,0,4
BRDA:1021,43,1,2
BRDA:1035,44,0,1
BRDA:1035,44,1,4
BRDA:1062,45,0,2
BRDA:1062,45,1,5
BRDA:1081,46,0,1
BRDA:1081,46,1,21
BRDA:1086,47,0,7
BRDA:1086,47,1,14
BRDA:1088,48,0,2
BRDA:1088,48,1,5
BRDA:1105,49,0,3
BRDA:1106,50,0,30
BRDA:1106,50,1,3
BRDA:1258,51,0,2
BRDA:1258,51,1,2
BRDA:1262,52,0,2
BRDA:1262,52,1,2
BRDA:1333,53,0,2
BRDA:1333,53,1,2
BRDA:1519,54,0,48
BRDA:1519,54,1,10
BRDA:1529,55,0,10
BRDA:1529,55,1,48
BRDA:1546,56,0,30
BRDA:1546,56,1,25
BRDA:1555,57,0,11
BRDA:1555,57,1,37
BRDA:1557,58,0,1
BRDA:1557,58,1,10
BRDA:1570,59,0,20
BRDA:1570,59,1,17
BRDA:1605,60,0,32
BRDA:1605,60,1,833
BRDA:1609,61,0,17
BRDA:1609,61,1,816
BRDA:1614,62,0,9
BRDA:1614,62,1,8
BRDA:1616,63,0,8
BRDA:1616,63,1,0
BRDA:1621,64,0,96
BRDA:1621,64,1,720
BRDA:1637,65,0,17
BRDA:1637,65,1,128
BRDA:1658,66,0,1
BRDA:1658,66,1,9
BRDA:1686,67,0,1
BRDA:1686,67,1,48
BRDA:1717,68,0,0
BRDA:1731,69,0,2
BRDA:1735,70,0,2
BRDA:1735,70,1,0
BRDA:1735,71,0,2
BRDA:1735,71,1,0
BRDA:1773,72,0,5
BRDA:1773,72,1,12
BRDA:1777,73,0,11
BRDA:1777,73,1,6
BRDA:1824,74,0,1
BRDA:1824,74,1,3
BRDA:1858,75,0,43
BRDA:1858,75,1,29
BRDA:1858,76,0,72
BRDA:1858,76,1,29
BRDA:1858,76,2,29
BRDA:1866,77,0,43
BRDA:1866,77,1,10
BRDA:1905,78,0,3
BRDA:1916,79,0,5
BRDA:1916,79,1,1
BRDA:1922,80,0,2
BRDA:1922,80,1,0
BRDA:1978,81,0,8
BRDA:1978,81,1,23
BRDA:1994,82,0,25
BRDA:1994,82,1,3
BRDA:2077,83,0,3
BRDA:2077,83,1,9
BRDA:2100,84,0,3
BRDA:2100,84,1,3
BRDA:2100,85,0,6
BRDA:2100,85,1,6
BRDA:2112,86,0,3
BRDA:2112,86,1,3
BRDA:2112,87,0,6
BRDA:2112,87,1,6
BRDA:2123,88,0,3
BRDA:2123,88,1,8
BRDA:2144,89,0,0
BRDA:2144,89,1,4
BRDA:2148,90,0,4
BRDA:2148,90,1,4
BRDA:2150,91,0,4
BRDA:2150,91,1,0
BRDA:2173,92,0,2
BRDA:2174,93,0,4
BRDA:2174,93,1,3
BRDA:2181,94,0,2
BRDA:2181,94,1,1
BRDA:2188,95,0,1
BRDA:2188,95,1,1
BRDA:2207,96,0,1
BRDA:2207,96,1,0
BRDA:2230,97,0,3
BRDA:2230,97,1,0
BRDA:2306,98,0,6
BRDA:2306,98,1,2
BRDA:2345,99,0,1
BRDA:2345,99,1,2
BRDA:2356,100,0,3
BRDA:2356,100,1,4
BRDA:2371,101,0,3
BRDA:2371,101,1,2
BRDA:2403,102,0,1
BRDA:2403,102,1,0
BRDA:2405,103,0,1
BRDA:2405,103,1,0
BRF:198
BRH:175
end_of_record
TN:
SF:data-structures/graph/GraphEdge.js
FN:7,(anonymous_0)
FN:16,(anonymous_1)
FN:26,(anonymous_2)
FN:37,(anonymous_3)
FNF:4
FNH:4
FNDA:1100,(anonymous_0)
FNDA:4572,(anonymous_1)
FNDA:50,(anonymous_2)
FNDA:7,(anonymous_3)
DA:8,1100
DA:9,1100
DA:10,1100
DA:17,4572
DA:18,4572
DA:20,4572
DA:27,50
DA:28,50
DA:29,50
DA:31,50
DA:38,7
LF:11
LH:11
BRDA:7,0,0,600
BRF:1
BRH:1
end_of_record
TN:
SF:data-structures/graph/GraphVertex.js
FN:7,(anonymous_0)
FN:16,(anonymous_1)
FN:35,(anonymous_2)
FN:45,(anonymous_3)
FN:46,(anonymous_4)
FN:56,(anonymous_5)
FN:63,(anonymous_6)
FN:64,(anonymous_7)
FN:72,(anonymous_8)
FN:76,(anonymous_9)
FN:86,(anonymous_10)
FN:87,(anonymous_11)
FN:93,(anonymous_12)
FN:101,(anonymous_13)
FN:103,(anonymous_14)
FN:113,(anonymous_15)
FN:115,(anonymous_16)
FN:125,(anonymous_17)
FN:126,(anonymous_18)
FN:136,(anonymous_19)
FN:143,(anonymous_20)
FN:152,(anonymous_21)
FNF:22
FNH:22
FNDA:1363,(anonymous_0)
FNDA:531,(anonymous_1)
FNDA:1866,(anonymous_2)
FNDA:4,(anonymous_3)
FNDA:8,(anonymous_4)
FNDA:217,(anonymous_5)
FNDA:1,(anonymous_6)
FNDA:2,(anonymous_7)
FNDA:3704,(anonymous_8)
FNDA:6108,(anonymous_9)
FNDA:52,(anonymous_10)
FNDA:95,(anonymous_11)
FNDA:31,(anonymous_12)
FNDA:18,(anonymous_13)
FNDA:9,(anonymous_14)
FNDA:2,(anonymous_15)
FNDA:2,(anonymous_16)
FNDA:583,(anonymous_17)
FNDA:1098,(anonymous_18)
FNDA:36730,(anonymous_19)
FNDA:1,(anonymous_20)
FNDA:68,(anonymous_21)
DA:8,1363
DA:9,2
DA:16,1361
DA:17,531
DA:18,219
DA:21,312
DA:26,1361
DA:27,1361
DA:28,1361
DA:36,1866
DA:38,1866
DA:46,4
DA:47,8
DA:50,4
DA:57,217
DA:64,1
DA:65,2
DA:73,3704
DA:76,6108
DA:80,3704
DA:87,95
DA:94,31
DA:102,18
DA:103,9
DA:106,18
DA:114,2
DA:115,2
DA:118,2
DA:126,1098
DA:128,583
DA:130,583
DA:137,36730
DA:144,1
DA:145,1
DA:153,68
LF:35
LH:35
BRDA:7,0,0,1360
BRDA:8,1,0,2
BRDA:8,1,1,1361
BRDA:17,2,0,219
BRDA:17,2,1,312
BRDA:21,3,0,82
BRDA:21,3,1,230
BRDA:76,4,0,4631
BRDA:76,4,1,1477
BRDA:115,5,0,2
BRDA:115,5,1,2
BRDA:126,6,0,1098
BRDA:126,6,1,940
BRDA:130,7,0,507
BRDA:130,7,1,76
BRDA:153,8,0,1
BRDA:153,8,1,67
BRF:17
BRH:17
end_of_record
TN:
SF:data-structures/graph/VisitMetadata.js
FN:5,(anonymous_0)
FNF:1
FNH:1
FNDA:58,(anonymous_0)
DA:6,58
DA:7,58
DA:10,58
LF:3
LH:3
BRF:0
BRH:0
end_of_record
TN:
SF:data-structures/graph/utils/graph.js
FN:13,(anonymous_0)
FN:16,(anonymous_1)
FN:24,(anonymous_2)
FN:27,(anonymous_3)
FN:35,(anonymous_4)
FN:41,(anonymous_5)
FN:46,(anonymous_6)
FN:54,(anonymous_7)
FNF:8
FNH:8
FNDA:45,(anonymous_0)
FNDA:147,(anonymous_1)
FNDA:33,(anonymous_2)
FNDA:123,(anonymous_3)
FNDA:5,(anonymous_4)
FNDA:14,(anonymous_5)
FNDA:10,(anonymous_6)
FNDA:1,(anonymous_7)
DA:13,19
DA:14,45
DA:16,45
DA:17,147
DA:18,147
DA:21,45
DA:24,19
DA:25,33
DA:27,33
DA:28,123
DA:29,123
DA:32,33
DA:35,19
DA:36,5
DA:41,14
DA:44,5
DA:46,10
DA:54,19
DA:55,1
DA:57,1
DA:59,1
LF:21
LH:21
BRF:0
BRH:0
end_of_record
TN:
SF:data-structures/hash-table/HashTable.js
FN:13,(anonymous_0)
FN:15,(anonymous_1)
FN:27,(anonymous_2)
FN:39,(anonymous_3)
FN:51,(anonymous_4)
FN:55,(anonymous_5)
FN:70,(anonymous_6)
FN:74,(anonymous_7)
FN:87,(anonymous_8)
FN:89,(anonymous_9)
FN:98,(anonymous_10)
FN:105,(anonymous_11)
FN:114,(anonymous_12)
FN:115,(anonymous_13)
FN:117,(anonymous_14)
FNF:15
FNH:15
FNDA:276,(anonymous_0)
FNDA:8748,(anonymous_1)
FNDA:371,(anonymous_2)
FNDA:1747,(anonymous_3)
FNDA:146,(anonymous_4)
FNDA:63,(anonymous_5)
FNDA:3,(anonymous_6)
FNDA:3,(anonymous_7)
FNDA:215,(anonymous_8)
FNDA:216,(anonymous_9)
FNDA:8,(anonymous_10)
FNDA:1,(anonymous_11)
FNDA:3,(anonymous_12)
FNDA:38,(anonymous_13)
FNDA:6,(anonymous_14)
DA:7,6
DA:15,8748
DA:18,276
DA:38,371
DA:39,1747
DA:44,371
DA:52,146
DA:53,146
DA:54,146
DA:55,146
DA:57,146
DA:59,86
DA:62,60
DA:71,3
DA:72,3
DA:73,3
DA:74,3
DA:76,3
DA:77,2
DA:80,1
DA:88,215
DA:89,216
DA:91,215
DA:99,8
DA:106,1
DA:115,3
DA:116,38
DA:117,6
DA:118,38
LF:29
LH:29
BRDA:13,0,0,271
BRDA:57,1,0,86
BRDA:57,1,1,60
BRDA:76,2,0,2
BRDA:76,2,1,1
BRDA:91,3,0,213
BRDA:91,3,1,2
BRF:7
BRH:7
end_of_record
TN:
SF:data-structures/heap/Heap.js
FN:11,(anonymous_0)
FN:25,(anonymous_1)
FN:33,(anonymous_2)
FN:41,(anonymous_3)
FN:49,(anonymous_4)
FN:57,(anonymous_5)
FN:65,(anonymous_6)
FN:73,(anonymous_7)
FN:81,(anonymous_8)
FN:89,(anonymous_9)
FN:97,(anonymous_10)
FN:106,(anonymous_11)
FN:117,(anonymous_12)
FN:139,(anonymous_13)
FN:150,(anonymous_14)
FN:192,(anonymous_15)
FN:207,(anonymous_16)
FN:214,(anonymous_17)
FN:221,(anonymous_18)
FN:239,(anonymous_19)
FNF:20
FNH:20
FNDA:49,(anonymous_0)
FNDA:1131,(anonymous_1)
FNDA:858,(anonymous_2)
FNDA:1516,(anonymous_3)
FNDA:588,(anonymous_4)
FNDA:569,(anonymous_5)
FNDA:385,(anonymous_6)
FNDA:325,(anonymous_7)
FNDA:325,(anonymous_8)
FNDA:484,(anonymous_9)
FNDA:525,(anonymous_10)
FNDA:24,(anonymous_11)
FNDA:260,(anonymous_12)
FNDA:345,(anonymous_13)
FNDA:39,(anonymous_14)
FNDA:120,(anonymous_15)
FNDA:250,(anonymous_16)
FNDA:71,(anonymous_17)
FNDA:366,(anonymous_18)
FNDA:236,(anonymous_19)
DA:12,49
DA:13,1
DA:17,48
DA:18,48
DA:26,1131
DA:34,858
DA:42,1516
DA:50,588
DA:58,569
DA:66,385
DA:74,325
DA:82,325
DA:90,484
DA:98,525
DA:99,525
DA:100,525
DA:107,24
DA:108,2
DA:111,22
DA:118,260
DA:119,2
DA:122,258
DA:123,31
DA:126,227
DA:129,227
DA:130,227
DA:132,227
DA:140,345
DA:141,345
DA:142,345
DA:152,39
DA:154,39
DA:157,40
DA:161,40
DA:162,10
DA:165,30
DA:168,30
DA:172,30
DA:173,30
DA:174,30
DA:176,30
DA:177,9
DA:179,21
DA:184,39
DA:193,120
DA:195,120
DA:196,447
DA:197,102
DA:201,120
DA:208,250
DA:215,71
DA:225,366
DA:227,366
DA:231,222
DA:232,222
DA:243,236
DA:244,236
DA:246,236
DA:247,385
DA:251,148
DA:253,237
DA:256,385
DA:260,82
DA:263,303
DA:264,303
LF:65
LH:65
BRDA:12,0,0,1
BRDA:12,0,1,48
BRDA:107,1,0,2
BRDA:107,1,1,22
BRDA:118,2,0,2
BRDA:118,2,1,258
BRDA:122,3,0,31
BRDA:122,3,1,227
BRDA:150,4,0,28
BRDA:161,5,0,10
BRDA:161,5,1,30
BRDA:173,6,0,30
BRDA:173,6,1,21
BRDA:176,7,0,9
BRDA:176,7,1,21
BRDA:176,8,0,30
BRDA:176,8,1,29
BRDA:192,9,0,6
BRDA:196,10,0,102
BRDA:196,10,1,345
BRDA:225,11,0,366
BRDA:225,11,1,347
BRDA:228,12,0,588
BRDA:228,12,1,454
BRDA:239,13,0,227
BRDA:247,14,0,148
BRDA:247,14,1,237
BRDA:248,15,0,385
BRDA:248,15,1,325
BRDA:256,16,0,82
BRDA:256,16,1,303
BRF:31
BRH:31
end_of_record
TN:
SF:data-structures/heap/MaxHeap.js
FN:13,(anonymous_0)
FNF:1
FNH:1
FNDA:75,(anonymous_0)
DA:14,75
LF:1
LH:1
BRF:0
BRH:0
end_of_record
TN:
SF:data-structures/heap/MinHeap.js
FN:13,(anonymous_0)
FNF:1
FNH:1
FNDA:1110,(anonymous_0)
DA:14,1110
LF:1
LH:1
BRF:0
BRH:0
end_of_record
TN:
SF:data-structures/linked-list/LinkedList.js
FN:11,(anonymous_0)
FN:24,(anonymous_1)
FN:32,(anonymous_2)
FN:49,(anonymous_3)
FN:71,(anonymous_4)
FN:113,(anonymous_5)
FN:140,(anonymous_6)
FN:171,(anonymous_7)
FN:192,(anonymous_8)
FN:193,(anonymous_9)
FN:201,(anonymous_10)
FN:217,(anonymous_11)
FN:218,(anonymous_12)
FN:225,(anonymous_13)
FNF:14
FNH:14
FNDA:10207,(anonymous_0)
FNDA:673,(anonymous_1)
FNDA:238,(anonymous_2)
FNDA:2109,(anonymous_3)
FNDA:228,(anonymous_4)
FNDA:977,(anonymous_5)
FNDA:3,(anonymous_6)
FNDA:323,(anonymous_7)
FNDA:2,(anonymous_8)
FNDA:13,(anonymous_9)
FNDA:4528,(anonymous_10)
FNDA:27,(anonymous_11)
FNDA:56,(anonymous_12)
FNDA:2,(anonymous_13)
DA:13,10207
DA:16,10207
DA:19,10207
DA:21,10207
DA:25,673
DA:34,238
DA:35,238
DA:38,238
DA:39,46
DA:42,238
DA:50,2109
DA:53,2109
DA:54,860
DA:55,860
DA:57,860
DA:61,1249
DA:62,1249
DA:64,1249
DA:72,228
DA:73,15
DA:76,213
DA:80,213
DA:81,143
DA:82,143
DA:85,213
DA:87,213
DA:89,143
DA:90,68
DA:91,12
DA:92,12
DA:94,56
DA:100,213
DA:101,77
DA:104,213
DA:114,977
DA:115,109
DA:118,868
DA:120,868
DA:122,1412
DA:123,791
DA:127,621
DA:128,4
DA:131,617
DA:134,73
DA:141,3
DA:143,3
DA:145,1
DA:146,1
DA:148,1
DA:154,2
DA:155,2
DA:156,3
DA:157,2
DA:159,1
DA:163,2
DA:165,2
DA:172,323
DA:173,3
DA:176,320
DA:178,320
DA:179,215
DA:181,105
DA:182,105
DA:185,320
DA:193,13
DA:195,2
DA:202,4528
DA:204,4528
DA:205,4528
DA:206,7088
DA:207,7088
DA:210,4528
DA:218,56
DA:226,2
DA:227,2
DA:228,2
DA:230,2
DA:232,6
DA:235,6
DA:238,6
DA:239,6
DA:243,2
DA:244,2
DA:246,2
LF:84
LH:84
BRDA:38,0,0,46
BRDA:38,0,1,192
BRDA:53,1,0,860
BRDA:53,1,1,1249
BRDA:72,2,0,15
BRDA:72,2,1,213
BRDA:80,3,0,356
BRDA:80,3,1,286
BRDA:87,4,0,143
BRDA:87,4,1,70
BRDA:90,5,0,12
BRDA:90,5,1,56
BRDA:100,6,0,77
BRDA:100,6,1,136
BRDA:113,7,0,970
BRDA:113,8,0,7
BRDA:114,9,0,109
BRDA:114,9,1,868
BRDA:122,10,0,791
BRDA:122,10,1,621
BRDA:122,11,0,1412
BRDA:122,11,1,1397
BRDA:127,12,0,4
BRDA:127,12,1,617
BRDA:127,13,0,621
BRDA:127,13,1,15
BRDA:143,14,0,1
BRDA:143,14,1,2
BRDA:156,15,0,2
BRDA:156,15,1,1
BRDA:172,16,0,3
BRDA:172,16,1,320
BRDA:178,17,0,215
BRDA:178,17,1,105
BRF:34
BRH:34
end_of_record
TN:
SF:data-structures/linked-list/LinkedListNode.js
FN:2,(anonymous_0)
FN:7,(anonymous_1)
FNF:2
FNH:2
FNDA:2353,(anonymous_0)
FNDA:82,(anonymous_1)
DA:3,2353
DA:4,2353
DA:8,82
LF:3
LH:3
BRDA:2,0,0,2114
BRDA:8,1,0,11
BRDA:8,1,1,71
BRF:3
BRH:3
end_of_record
TN:
SF:data-structures/mesh/Mesh.js
FN:10,(anonymous_0)
FN:29,(anonymous_1)
FN:43,(anonymous_2)
FN:47,(anonymous_3)
FN:52,(anonymous_4)
FNF:5
FNH:5
FNDA:4,(anonymous_0)
FNDA:5,(anonymous_1)
FNDA:4,(anonymous_2)
FNDA:1,(anonymous_3)
FNDA:3,(anonymous_4)
DA:11,4
DA:13,4
DA:15,4
DA:16,3
DA:17,2
DA:19,1
DA:20,1
DA:21,1
DA:22,1
DA:24,1
DA:32,5
DA:33,5
DA:34,5
DA:36,5
DA:37,5
DA:38,5
DA:40,5
DA:44,4
DA:48,1
DA:49,1
DA:51,1
DA:53,3
DA:54,2
DA:62,1
LF:24
LH:24
BRDA:10,0,0,3
BRDA:10,1,0,4
BRDA:15,2,0,3
BRDA:15,2,1,1
BRDA:16,3,0,2
BRDA:16,3,1,1
BRDA:40,4,0,5
BRDA:40,4,1,5
BRDA:40,4,2,5
BRDA:53,5,0,2
BRDA:53,5,1,1
BRF:11
BRH:11
end_of_record
TN:
SF:data-structures/mesh/MeshVertex.js
FN:7,(anonymous_0)
FN:16,(anonymous_1)
FN:23,(anonymous_2)
FN:32,(anonymous_3)
FN:38,(anonymous_4)
FN:38,(anonymous_5)
FNF:6
FNH:3
FNDA:22,(anonymous_0)
FNDA:4,(anonymous_1)
FNDA:1,(anonymous_2)
FNDA:0,(anonymous_3)
FNDA:0,(anonymous_4)
FNDA:0,(anonymous_5)
DA:8,22
DA:10,21
DA:17,4
DA:24,1
DA:32,2
DA:38,2
LF:6
LH:6
BRF:0
BRH:0
end_of_record
TN:
SF:data-structures/priority-queue/PriorityQueue.js
FN:7,(anonymous_0)
FN:25,(anonymous_1)
FN:37,(anonymous_2)
FN:49,(anonymous_3)
FN:60,(anonymous_4)
FN:69,(anonymous_5)
FN:79,(anonymous_6)
FN:92,(anonymous_7)
FNF:8
FNH:8
FNDA:12,(anonymous_0)
FNDA:65,(anonymous_1)
FNDA:9,(anonymous_2)
FNDA:9,(anonymous_3)
FNDA:35,(anonymous_4)
FNDA:35,(anonymous_5)
FNDA:155,(anonymous_6)
FNDA:101,(anonymous_7)
DA:9,12
DA:12,12
DA:16,12
DA:26,65
DA:27,65
DA:28,65
DA:38,9
DA:39,9
DA:40,9
DA:50,9
DA:51,9
DA:52,9
DA:61,35
DA:70,35
DA:80,155
DA:81,20
DA:83,135
DA:93,101
DA:94,30
DA:96,71
LF:20
LH:20
BRDA:25,0,0,0
BRDA:80,1,0,20
BRDA:80,1,1,135
BRDA:83,2,0,47
BRDA:83,2,1,88
BRDA:93,3,0,30
BRDA:93,3,1,71
BRDA:96,4,0,31
BRDA:96,4,1,40
BRF:9
BRH:8
end_of_record
TN:
SF:data-structures/queue/Queue.js
FN:6,(anonymous_0)
FN:15,(anonymous_1)
FN:22,(anonymous_2)
FN:30,(anonymous_3)
FN:43,(anonymous_4)
FN:52,(anonymous_5)
FN:61,(anonymous_6)
FNF:7
FNH:7
FNDA:38,(anonymous_0)
FNDA:101,(anonymous_1)
FNDA:29,(anonymous_2)
FNDA:3,(anonymous_3)
FNDA:104,(anonymous_4)
FNDA:100,(anonymous_5)
FNDA:2,(anonymous_6)
DA:11,38
DA:12,38
DA:16,101
DA:23,29
DA:31,3
DA:32,1
DA:35,2
DA:44,104
DA:53,100
DA:54,100
DA:63,2
LF:11
LH:11
BRDA:31,0,0,1
BRDA:31,0,1,2
BRDA:54,1,0,99
BRDA:54,1,1,1
BRF:4
BRH:4
end_of_record
TN:
SF:data-structures/stack/Stack.js
FN:4,(anonymous_0)
FN:14,(anonymous_1)
FN:22,(anonymous_2)
FN:35,(anonymous_3)
FN:44,(anonymous_4)
FN:54,(anonymous_5)
FN:57,(anonymous_6)
FN:64,(anonymous_7)
FNF:8
FNH:8
FNDA:46,(anonymous_0)
FNDA:260,(anonymous_1)
FNDA:4,(anonymous_2)
FNDA:235,(anonymous_3)
FNDA:220,(anonymous_4)
FNDA:2,(anonymous_5)
FNDA:11,(anonymous_6)
FNDA:2,(anonymous_7)
DA:8,46
DA:16,260
DA:23,4
DA:25,2
DA:29,2
DA:38,235
DA:47,220
DA:48,220
DA:55,2
DA:57,11
DA:65,2
LF:11
LH:11
BRDA:23,0,0,2
BRDA:23,0,1,2
BRDA:48,1,0,219
BRDA:48,1,1,1
BRF:4
BRH:4
end_of_record
TN:
SF:data-structures/tree/BinaryTreeNode.js
FN:8,(anonymous_0)
FN:24,(anonymous_1)
FN:35,(anonymous_2)
FN:46,(anonymous_3)
FN:53,(anonymous_4)
FN:61,(anonymous_5)
FN:92,(anonymous_6)
FN:102,(anonymous_7)
FN:123,(anonymous_8)
FN:144,(anonymous_9)
FN:163,(anonymous_10)
FN:185,(anonymous_11)
FN:194,(anonymous_12)
FN:216,(anonymous_13)
FNF:14
FNH:14
FNDA:267,(anonymous_0)
FNDA:1793,(anonymous_1)
FNDA:1793,(anonymous_2)
FNDA:1268,(anonymous_3)
FNDA:525,(anonymous_4)
FNDA:83,(anonymous_5)
FNDA:9,(anonymous_6)
FNDA:159,(anonymous_7)
FNDA:183,(anonymous_8)
FNDA:14,(anonymous_9)
FNDA:7,(anonymous_10)
FNDA:3,(anonymous_11)
FNDA:1353,(anonymous_12)
FNDA:411,(anonymous_13)
DA:9,267
DA:10,267
DA:11,267
DA:12,267
DA:15,267
DA:18,267
DA:25,1793
DA:26,1209
DA:29,584
DA:36,1793
DA:37,1170
DA:40,623
DA:47,1268
DA:54,525
DA:63,83
DA:64,6
DA:68,77
DA:69,4
DA:73,73
DA:74,16
DA:79,57
DA:81,40
DA:85,17
DA:93,9
DA:95,9
DA:104,159
DA:105,39
DA:109,159
DA:112,159
DA:113,135
DA:116,159
DA:125,183
DA:126,50
DA:130,183
DA:133,183
DA:134,151
DA:137,183
DA:145,14
DA:146,9
DA:147,9
DA:150,5
DA:151,4
DA:152,4
DA:155,1
DA:164,7
DA:165,1
DA:168,6
DA:169,2
DA:170,2
DA:173,4
DA:174,3
DA:175,3
DA:178,1
DA:186,3
DA:187,3
DA:188,3
DA:195,1353
DA:198,1353
DA:199,459
DA:203,1353
DA:206,1353
DA:207,472
DA:210,1353
DA:217,411
LF:64
LH:64
BRDA:8,0,0,3
BRDA:25,1,0,1209
BRDA:25,1,1,584
BRDA:36,2,0,1170
BRDA:36,2,1,623
BRDA:63,3,0,6
BRDA:63,3,1,77
BRDA:68,4,0,4
BRDA:68,4,1,73
BRDA:73,5,0,16
BRDA:73,5,1,57
BRDA:73,6,0,73
BRDA:73,6,1,64
BRDA:79,7,0,40
BRDA:79,7,1,17
BRDA:104,8,0,39
BRDA:104,8,1,120
BRDA:112,9,0,135
BRDA:112,9,1,24
BRDA:125,10,0,50
BRDA:125,10,1,133
BRDA:133,11,0,151
BRDA:133,11,1,32
BRDA:145,12,0,9
BRDA:145,12,1,5
BRDA:145,13,0,14
BRDA:145,13,1,10
BRDA:150,14,0,4
BRDA:150,14,1,1
BRDA:150,15,0,5
BRDA:150,15,1,4
BRDA:164,16,0,1
BRDA:164,16,1,6
BRDA:164,17,0,7
BRDA:164,17,1,7
BRDA:168,18,0,2
BRDA:168,18,1,4
BRDA:168,19,0,6
BRDA:168,19,1,6
BRDA:173,20,0,3
BRDA:173,20,1,1
BRDA:173,21,0,4
BRDA:173,21,1,4
BRDA:198,22,0,459
BRDA:198,22,1,894
BRDA:206,23,0,472
BRDA:206,23,1,881
BRF:47
BRH:47
end_of_record
TN:
SF:data-structures/tree/avl-tree/AvlTree.js
FN:7,(anonymous_0)
FN:23,(anonymous_1)
FN:34,(anonymous_2)
FN:60,(anonymous_3)
FN:86,(anonymous_4)
FN:114,(anonymous_5)
FN:141,(anonymous_6)
FNF:7
FNH:7
FNDA:80,(anonymous_0)
FNDA:4,(anonymous_1)
FNDA:247,(anonymous_2)
FNDA:10,(anonymous_3)
FNDA:4,(anonymous_4)
FNDA:2,(anonymous_5)
FNDA:15,(anonymous_6)
DA:9,80
DA:12,80
DA:13,80
DA:14,243
DA:15,243
DA:25,4
DA:28,4
DA:36,247
DA:38,10
DA:40,6
DA:41,4
DA:43,4
DA:45,237
DA:47,15
DA:49,13
DA:50,2
DA:52,2
DA:62,10
DA:63,10
DA:66,10
DA:67,4
DA:68,6
DA:70,6
DA:75,10
DA:76,2
DA:80,10
DA:88,4
DA:89,4
DA:92,4
DA:93,4
DA:96,4
DA:97,1
DA:98,1
DA:102,4
DA:105,4
DA:108,4
DA:116,2
DA:117,2
DA:120,2
DA:121,2
DA:123,2
DA:124,1
DA:125,1
DA:129,2
DA:132,2
DA:135,2
DA:143,15
DA:144,15
DA:147,15
DA:148,6
DA:149,9
DA:151,9
DA:156,15
DA:157,2
DA:161,15
LF:55
LH:55
BRDA:36,0,0,10
BRDA:36,0,1,237
BRDA:38,1,0,6
BRDA:38,1,1,4
BRDA:41,2,0,4
BRDA:41,2,1,0
BRDA:45,3,0,15
BRDA:45,3,1,222
BRDA:47,4,0,13
BRDA:47,4,1,2
BRDA:50,5,0,2
BRDA:50,5,1,0
BRDA:66,6,0,4
BRDA:66,6,1,6
BRDA:68,7,0,6
BRDA:68,7,1,0
BRDA:75,8,0,2
BRDA:75,8,1,8
BRDA:96,9,0,1
BRDA:96,9,1,3
BRDA:123,10,0,1
BRDA:123,10,1,1
BRDA:147,11,0,6
BRDA:147,11,1,9
BRDA:149,12,0,9
BRDA:149,12,1,0
BRDA:156,13,0,2
BRDA:156,13,1,13
BRF:28
BRH:24
end_of_record
TN:
SF:data-structures/tree/binary-search-tree/BinarySearchTree.js
FN:7,(anonymous_0)
FN:18,(anonymous_1)
FN:26,(anonymous_2)
FN:34,(anonymous_3)
FN:41,(anonymous_4)
FNF:5
FNH:5
FNDA:31,(anonymous_0)
FNDA:165,(anonymous_1)
FNDA:4,(anonymous_2)
FNDA:6,(anonymous_3)
FNDA:56,(anonymous_4)
DA:8,31
DA:11,31
DA:19,165
DA:27,4
DA:35,6
DA:42,56
LF:6
LH:6
BRF:0
BRH:0
end_of_record
TN:
SF:data-structures/tree/binary-search-tree/BinarySearchTreeNode.js
FN:9,(anonymous_0)
FN:21,(anonymous_1)
FN:59,(anonymous_2)
FN:82,(anonymous_3)
FN:90,(anonymous_4)
FN:144,(anonymous_5)
FNF:6
FNH:6
FNDA:218,(anonymous_0)
FNDA:364,(anonymous_1)
FNDA:325,(anonymous_2)
FNDA:21,(anonymous_3)
FNDA:20,(anonymous_4)
FNDA:22,(anonymous_5)
DA:10,218
DA:13,218
DA:14,218
DA:22,364
DA:23,35
DA:25,35
DA:28,329
DA:30,143
DA:31,68
DA:34,75
DA:35,75
DA:37,75
DA:40,186
DA:42,185
DA:43,87
DA:46,98
DA:47,98
DA:49,98
DA:52,1
DA:61,325
DA:62,115
DA:65,210
DA:67,78
DA:70,132
DA:72,119
DA:75,13
DA:83,21
DA:91,20
DA:93,20
DA:94,1
DA:97,19
DA:99,19
DA:101,11
DA:103,10
DA:106,1
DA:108,8
DA:112,4
DA:113,4
DA:114,1
DA:115,1
DA:119,3
DA:120,3
DA:126,4
DA:128,4
DA:129,2
DA:131,2
DA:136,19
DA:138,19
DA:145,22
DA:146,10
DA:149,12
LF:51
LH:51
BRDA:9,0,0,6
BRDA:9,1,0,212
BRDA:22,2,0,35
BRDA:22,2,1,329
BRDA:28,3,0,143
BRDA:28,3,1,186
BRDA:30,4,0,68
BRDA:30,4,1,75
BRDA:40,5,0,185
BRDA:40,5,1,1
BRDA:42,6,0,87
BRDA:42,6,1,98
BRDA:61,7,0,115
BRDA:61,7,1,210
BRDA:65,8,0,78
BRDA:65,8,1,132
BRDA:65,9,0,210
BRDA:65,9,1,78
BRDA:70,10,0,119
BRDA:70,10,1,13
BRDA:70,11,0,132
BRDA:70,11,1,132
BRDA:93,12,0,1
BRDA:93,12,1,19
BRDA:99,13,0,11
BRDA:99,13,1,8
BRDA:99,14,0,19
BRDA:99,14,1,13
BRDA:101,15,0,10
BRDA:101,15,1,1
BRDA:108,16,0,4
BRDA:108,16,1,4
BRDA:108,17,0,8
BRDA:108,17,1,6
BRDA:113,18,0,1
BRDA:113,18,1,3
BRDA:126,19,0,4
BRDA:126,19,1,2
BRDA:128,20,0,2
BRDA:128,20,1,2
BRDA:145,21,0,10
BRDA:145,21,1,12
BRF:42
BRH:42
end_of_record
TN:
SF:data-structures/tree/fenwick-tree/FenwickTree.js
FN:8,(anonymous_0)
FN:22,(anonymous_1)
FN:40,(anonymous_2)
FN:61,(anonymous_3)
FNF:4
FNH:4
FNDA:5,(anonymous_0)
FNDA:18,(anonymous_1)
FNDA:45,(anonymous_2)
FNDA:12,(anonymous_3)
DA:9,5
DA:12,5
DA:23,18
DA:24,2
DA:27,16
DA:28,37
DA:31,16
DA:41,45
DA:42,2
DA:45,43
DA:47,43
DA:48,71
DA:51,43
DA:62,12
DA:63,1
DA:66,11
DA:67,6
DA:70,5
LF:18
LH:18
BRDA:23,0,0,2
BRDA:23,0,1,16
BRDA:23,1,0,18
BRDA:23,1,1,17
BRDA:41,2,0,2
BRDA:41,2,1,43
BRDA:41,3,0,45
BRDA:41,3,1,44
BRDA:62,4,0,1
BRDA:62,4,1,11
BRDA:66,5,0,6
BRDA:66,5,1,5
BRF:12
BRH:12
end_of_record
TN:
SF:data-structures/tree/red-black-tree/RedBlackTree.js
FN:17,(anonymous_0)
FN:39,(anonymous_1)
FN:46,(anonymous_2)
FN:123,(anonymous_3)
FN:170,(anonymous_4)
FN:198,(anonymous_5)
FN:245,(anonymous_6)
FN:272,(anonymous_7)
FN:282,(anonymous_8)
FN:292,(anonymous_9)
FN:300,(anonymous_10)
FN:308,(anonymous_11)
FN:316,(anonymous_12)
FNF:13
FNH:13
FNDA:66,(anonymous_0)
FNDA:1,(anonymous_1)
FNDA:81,(anonymous_2)
FNDA:5,(anonymous_3)
FNDA:3,(anonymous_4)
FNDA:4,(anonymous_5)
FNDA:1,(anonymous_6)
FNDA:61,(anonymous_7)
FNDA:44,(anonymous_8)
FNDA:65,(anonymous_9)
FNDA:120,(anonymous_10)
FNDA:1,(anonymous_11)
FNDA:9,(anonymous_12)
DA:4,1
DA:10,1
DA:18,66
DA:21,66
DA:23,11
DA:26,55
DA:30,66
DA:32,66
DA:40,1
DA:48,81
DA:49,14
DA:53,67
DA:54,43
DA:57,24
DA:59,24
DA:63,15
DA:64,15
DA:66,15
DA:68,6
DA:72,9
DA:76,6
DA:77,9
DA:80,9
DA:84,9
DA:86,5
DA:88,2
DA:91,3
DA:95,4
DA:97,3
DA:100,1
DA:105,9
DA:106,3
DA:109,3
DA:113,9
DA:125,5
DA:129,5
DA:130,3
DA:134,5
DA:138,5
DA:141,5
DA:144,5
DA:147,5
DA:148,3
DA:149,1
DA:151,2
DA:155,2
DA:159,5
DA:162,5
DA:172,3
DA:173,3
DA:178,3
DA:181,3
DA:184,3
DA:187,3
DA:190,3
DA:200,4
DA:204,4
DA:205,3
DA:209,4
DA:213,4
DA:216,4
DA:219,4
DA:222,4
DA:223,3
DA:224,1
DA:226,2
DA:230,1
DA:234,4
DA:237,4
DA:247,1
DA:248,1
DA:253,1
DA:256,1
DA:259,1
DA:262,1
DA:265,1
DA:273,61
DA:275,61
DA:283,44
DA:285,44
DA:293,65
DA:301,120
DA:309,1
DA:317,9
DA:318,9
DA:320,9
DA:321,9
LF:87
LH:87
BRDA:21,0,0,11
BRDA:21,0,1,55
BRDA:48,1,0,14
BRDA:48,1,1,67
BRDA:53,2,0,43
BRDA:53,2,1,24
BRDA:59,3,0,15
BRDA:59,3,1,9
BRDA:59,4,0,24
BRDA:59,4,1,17
BRDA:66,5,0,6
BRDA:66,5,1,9
BRDA:77,6,0,9
BRDA:77,6,1,0
BRDA:77,7,0,9
BRDA:77,7,1,2
BRDA:80,8,0,9
BRDA:80,8,1,0
BRDA:84,9,0,5
BRDA:84,9,1,4
BRDA:86,10,0,2
BRDA:86,10,1,3
BRDA:95,11,0,3
BRDA:95,11,1,1
BRDA:105,12,0,3
BRDA:105,12,1,6
BRDA:105,13,0,9
BRDA:105,13,1,9
BRDA:129,14,0,3
BRDA:129,14,1,2
BRDA:147,15,0,3
BRDA:147,15,1,2
BRDA:148,16,0,1
BRDA:148,16,1,2
BRDA:204,17,0,3
BRDA:204,17,1,1
BRDA:222,18,0,3
BRDA:222,18,1,1
BRDA:223,19,0,1
BRDA:223,19,1,2
BRDA:309,20,0,1
BRDA:309,20,1,1
BRF:42
BRH:40
end_of_record
TN:
SF:data-structures/tree/segment-tree/SegmentTree.js
FN:9,(anonymous_0)
FN:24,(anonymous_1)
FN:48,(anonymous_2)
FN:62,(anonymous_3)
FN:94,(anonymous_4)
FN:118,(anonymous_5)
FN:156,(anonymous_6)
FN:165,(anonymous_7)
FNF:8
FNH:8
FNDA:10,(anonymous_0)
FNDA:10,(anonymous_1)
FNDA:10,(anonymous_2)
FNDA:80,(anonymous_3)
FNDA:24,(anonymous_4)
FNDA:134,(anonymous_5)
FNDA:125,(anonymous_6)
FNDA:125,(anonymous_7)
DA:10,10
DA:11,10
DA:12,10
DA:15,10
DA:17,10
DA:26,10
DA:28,10
DA:30,5
DA:36,5
DA:37,5
DA:38,5
DA:39,5
DA:42,10
DA:49,10
DA:50,10
DA:51,10
DA:52,10
DA:67,80
DA:68,45
DA:69,45
DA:73,35
DA:75,35
DA:77,35
DA:81,35
DA:95,24
DA:96,24
DA:97,24
DA:99,24
DA:119,134
DA:121,38
DA:124,96
DA:126,41
DA:130,55
DA:132,55
DA:140,55
DA:148,55
DA:157,125
DA:166,125
LF:38
LH:38
BRDA:28,0,0,5
BRDA:28,0,1,5
BRDA:67,1,0,45
BRDA:67,1,1,35
BRDA:119,2,0,38
BRDA:119,2,1,96
BRDA:119,3,0,134
BRDA:119,3,1,81
BRDA:124,4,0,41
BRDA:124,4,1,55
BRDA:124,5,0,96
BRDA:124,5,1,77
BRF:12
BRH:12
end_of_record
TN:
SF:utils/arrays/arrays.js
FN:15,(anonymous_0)
FN:24,(anonymous_1)
FN:43,(anonymous_2)
FN:60,(anonymous_3)
FN:83,(anonymous_4)
FN:106,(anonymous_5)
FN:107,(anonymous_6)
FN:127,(anonymous_7)
FN:144,(anonymous_8)
FN:146,(anonymous_9)
FN:147,(anonymous_10)
FN:162,(anonymous_11)
FN:163,(anonymous_12)
FN:163,(anonymous_13)
FN:163,(anonymous_14)
FN:174,(anonymous_15)
FN:177,(anonymous_16)
FN:180,(anonymous_17)
FN:192,mSetsOfnTuples
FN:220,(anonymous_19)
FN:228,fullPolytopeIndexesFn
FN:246,upperTriangularIndexesFn
FN:264,hyperIndexes
FN:280,fullPolytopeHyperindexes
FN:290,upperTriangularHyperindexes
FN:301,euler
FN:305,(anonymous_26)
FN:307,(anonymous_27)
FN:309,(anonymous_28)
FN:323,(anonymous_29)
FN:324,(anonymous_30)
FN:330,(anonymous_31)
FN:347,(anonymous_32)
FN:363,(anonymous_33)
FN:388,venn
FN:389,(anonymous_35)
FN:390,(anonymous_36)
FN:392,(anonymous_37)
FN:409,(anonymous_38)
FN:412,(anonymous_39)
FN:415,(anonymous_40)
FN:430,(anonymous_41)
FN:452,(anonymous_42)
FN:454,(anonymous_43)
FNF:44
FNH:44
FNDA:2,(anonymous_0)
FNDA:11,(anonymous_1)
FNDA:4,(anonymous_2)
FNDA:15,(anonymous_3)
FNDA:7,(anonymous_4)
FNDA:87,(anonymous_5)
FNDA:72,(anonymous_6)
FNDA:24,(anonymous_7)
FNDA:1,(anonymous_8)
FNDA:2,(anonymous_9)
FNDA:7,(anonymous_10)
FNDA:6,(anonymous_11)
FNDA:3,(anonymous_12)
FNDA:3,(anonymous_13)
FNDA:3,(anonymous_14)
FNDA:11,(anonymous_15)
FNDA:23,(anonymous_16)
FNDA:14,(anonymous_17)
FNDA:8,mSetsOfnTuples
FNDA:1,(anonymous_19)
FNDA:6,fullPolytopeIndexesFn
FNDA:6,upperTriangularIndexesFn
FNDA:6,hyperIndexes
FNDA:1,fullPolytopeHyperindexes
FNDA:1,upperTriangularHyperindexes
FNDA:8,euler
FNDA:12,(anonymous_26)
FNDA:13,(anonymous_27)
FNDA:27,(anonymous_28)
FNDA:10,(anonymous_29)
FNDA:10,(anonymous_30)
FNDA:5,(anonymous_31)
FNDA:5,(anonymous_32)
FNDA:5,(anonymous_33)
FNDA:3,venn
FNDA:16,(anonymous_35)
FNDA:40,(anonymous_36)
FNDA:40,(anonymous_37)
FNDA:20,(anonymous_38)
FNDA:20,(anonymous_39)
FNDA:13,(anonymous_40)
FNDA:33,(anonymous_41)
FNDA:3,(anonymous_42)
FNDA:3,(anonymous_43)
DA:15,22
DA:24,22
DA:25,11
DA:28,11
DA:29,52
DA:30,12
DA:34,11
DA:43,22
DA:44,4
DA:46,4
DA:47,26
DA:50,4
DA:60,22
DA:61,15
DA:62,1
DA:63,1
DA:64,1
DA:66,1
DA:69,15
DA:70,15
DA:72,15
DA:83,22
DA:84,7
DA:85,1
DA:88,6
DA:89,13
DA:90,5
DA:94,1
DA:106,22
DA:107,87
DA:109,87
DA:110,1
DA:111,86
DA:114,1
DA:117,86
DA:127,22
DA:128,24
DA:129,56
DA:130,2
DA:134,22
DA:144,22
DA:145,1
DA:147,7
DA:151,1
DA:162,22
DA:163,6
DA:165,6
DA:174,22
DA:175,11
DA:177,11
DA:178,23
DA:180,23
DA:181,14
DA:184,23
DA:185,20
DA:189,11
DA:193,8
DA:194,1
DA:197,7
DA:199,7
DA:200,12
DA:202,12
DA:203,6
DA:205,6
DA:208,6
DA:220,22
DA:229,6
DA:230,12
DA:231,8
DA:233,4
DA:234,8
DA:247,6
DA:248,10
DA:249,6
DA:251,4
DA:252,6
DA:265,6
DA:266,2
DA:269,4
DA:270,14
DA:281,1
DA:291,1
DA:302,8
DA:303,8
DA:305,12
DA:307,13
DA:309,27
DA:311,7
DA:312,7
DA:313,7
DA:314,7
DA:315,7
DA:316,7
DA:318,7
DA:321,7
DA:322,12
DA:323,10
DA:324,10
DA:326,12
DA:327,4
DA:331,5
DA:332,5
DA:338,6
DA:339,6
DA:341,6
DA:342,6
DA:344,5
DA:346,5
DA:348,5
DA:352,5
DA:355,6
DA:356,6
DA:358,4
DA:360,4
DA:362,4
DA:364,5
DA:368,4
DA:371,6
DA:374,4
DA:375,4
DA:389,16
DA:390,40
DA:392,40
DA:395,3
DA:396,3
DA:398,3
DA:399,3
DA:400,3
DA:401,3
DA:403,3
DA:406,3
DA:407,7
DA:409,20
DA:412,20
DA:414,13
DA:415,13
DA:418,13
DA:419,13
DA:421,13
DA:422,9
DA:426,13
DA:428,13
DA:431,33
DA:432,33
DA:437,13
DA:439,13
DA:445,13
DA:446,3
DA:452,22
DA:454,22
LF:150
LH:150
BRDA:29,0,0,12
BRDA:29,0,1,40
BRDA:47,1,0,26
BRDA:47,1,1,10
BRDA:61,2,0,1
BRDA:61,2,1,14
BRDA:84,3,0,1
BRDA:84,3,1,6
BRDA:89,4,0,5
BRDA:89,4,1,8
BRDA:106,5,0,1
BRDA:109,6,0,1
BRDA:109,6,1,86
BRDA:111,7,0,85
BRDA:111,7,1,1
BRDA:129,8,0,2
BRDA:129,8,1,54
BRDA:165,9,0,3
BRDA:165,9,1,3
BRDA:181,10,0,14
BRDA:181,10,1,13
BRDA:184,11,0,20
BRDA:184,11,1,3
BRDA:193,12,0,1
BRDA:193,12,1,7
BRDA:202,13,0,6
BRDA:202,13,1,6
BRDA:230,14,0,8
BRDA:230,14,1,4
BRDA:246,15,0,2
BRDA:248,16,0,6
BRDA:248,16,1,4
BRDA:265,17,0,2
BRDA:265,17,1,4
BRDA:265,18,0,6
BRDA:265,18,1,4
BRDA:302,19,0,3
BRDA:302,19,1,5
BRDA:303,20,0,1
BRDA:303,20,1,7
BRDA:326,21,0,4
BRDA:326,21,1,8
BRDA:326,22,0,12
BRDA:326,22,1,9
BRDA:342,23,0,5
BRDA:342,23,1,1
BRDA:356,24,0,4
BRDA:356,24,1,2
BRDA:374,25,0,4
BRDA:374,25,1,0
BRDA:409,26,0,0
BRDA:409,26,1,13
BRDA:421,27,0,9
BRDA:421,27,1,4
BRDA:445,28,0,3
BRDA:445,28,1,10
BRDA:445,29,0,13
BRDA:445,29,1,3
BRF:58
BRH:56
end_of_record
TN:
SF:utils/combinatorics/partition.js
FN:21,(anonymous_0)
FN:27,(anonymous_1)
FN:30,(anonymous_2)
FN:52,(anonymous_3)
FN:58,(anonymous_4)
FNF:5
FNH:5
FNDA:3,(anonymous_0)
FNDA:3,(anonymous_1)
FNDA:7,(anonymous_2)
FNDA:5,(anonymous_3)
FNDA:2,(anonymous_4)
DA:21,1
DA:22,3
DA:23,2
DA:26,1
DA:27,3
DA:30,1
DA:31,7
DA:32,3
DA:35,7
DA:36,6
DA:37,6
DA:41,1
DA:42,1
DA:52,1
DA:53,5
DA:54,5
DA:55,5
DA:56,5
DA:58,5
DA:59,1
DA:62,4
DA:63,3
DA:66,1
DA:67,3
DA:69,3
DA:71,3
DA:72,3
DA:75,1
LF:28
LH:28
BRDA:22,0,0,2
BRDA:22,0,1,1
BRDA:22,1,0,3
BRDA:22,1,1,2
BRDA:31,2,0,3
BRDA:31,2,1,4
BRDA:58,3,0,1
BRDA:58,3,1,4
BRDA:62,4,0,3
BRDA:62,4,1,1
BRF:10
BRH:10
end_of_record
TN:
SF:utils/comparator/Comparator.js
FN:7,(anonymous_0)
FN:17,(anonymous_1)
FN:31,(anonymous_2)
FN:41,(anonymous_3)
FN:51,(anonymous_4)
FN:61,(anonymous_5)
FN:71,(anonymous_6)
FN:78,(anonymous_7)
FN:80,(anonymous_8)
FNF:9
FNH:9
FNDA:10873,(anonymous_0)
FNDA:14262,(anonymous_1)
FNDA:4145,(anonymous_2)
FNDA:10576,(anonymous_3)
FNDA:589,(anonymous_4)
FNDA:1559,(anonymous_5)
FNDA:84,(anonymous_6)
FNDA:1,(anonymous_7)
FNDA:8,(anonymous_8)
DA:8,10873
DA:18,14262
DA:19,2383
DA:22,11879
DA:32,4145
DA:42,10576
DA:52,589
DA:62,1559
DA:72,84
DA:79,1
DA:80,8
LF:11
LH:11
BRDA:8,0,0,10873
BRDA:8,0,1,9426
BRDA:18,1,0,2383
BRDA:18,1,1,11879
BRDA:22,2,0,4433
BRDA:22,2,1,7446
BRDA:62,3,0,1559
BRDA:62,3,1,1086
BRDA:72,4,0,84
BRDA:72,4,1,45
BRF:10
BRH:10
end_of_record
TN:
SF:utils/distances/distance.js
FN:13,(anonymous_0)
FN:14,(anonymous_1)
FN:26,(anonymous_2)
FN:32,(anonymous_3)
FNF:4
FNH:4
FNDA:6,(anonymous_0)
FNDA:18,(anonymous_1)
FNDA:3,(anonymous_2)
FNDA:6,(anonymous_3)
DA:13,6
DA:14,18
DA:26,2
DA:27,3
DA:28,0
DA:31,3
DA:32,6
DA:35,3
DA:36,1
DA:39,2
LF:10
LH:9
BRDA:27,0,0,0
BRDA:27,0,1,3
BRDA:35,1,0,1
BRDA:35,1,1,2
BRF:4
BRH:3
end_of_record
TN:
SF:utils/math/math.js
FN:7,(anonymous_0)
FN:16,(anonymous_1)
FN:32,(anonymous_2)
FN:33,(anonymous_3)
FN:33,(anonymous_4)
FN:35,(anonymous_5)
FN:45,(anonymous_6)
FNF:7
FNH:7
FNDA:10,(anonymous_0)
FNDA:5,(anonymous_1)
FNDA:3,(anonymous_2)
FNDA:9,(anonymous_3)
FNDA:6,(anonymous_4)
FNDA:6,(anonymous_5)
FNDA:6,(anonymous_6)
DA:7,10
DA:16,4
DA:17,5
DA:18,1
DA:21,4
DA:32,4
DA:33,9
DA:35,3
DA:36,6
DA:38,6
DA:41,3
DA:43,3
DA:45,6
LF:13
LH:13
BRDA:17,0,0,1
BRDA:17,0,1,4
BRDA:17,1,0,5
BRDA:17,1,1,5
BRF:4
BRH:4
end_of_record
TN:
SF:utils/numbers/numbers.js
FN:9,(anonymous_0)
FNF:1
FNH:1
FNDA:5,(anonymous_0)
DA:9,1
DA:10,5
DA:11,2
DA:14,3
DA:15,3
DA:17,3
DA:18,27
DA:19,18
DA:20,18
DA:22,9
DA:26,3
LF:11
LH:11
BRDA:10,0,0,2
BRDA:10,0,1,3
BRDA:10,1,0,5
BRDA:10,1,1,4
BRDA:18,2,0,18
BRDA:18,2,1,9
BRF:6
BRH:6
end_of_record
TN:
SF:utils/objects/objects.js
FN:10,(anonymous_0)
FN:28,(anonymous_1)
FN:28,(anonymous_2)
FN:40,(anonymous_3)
FN:40,(anonymous_4)
FN:52,(anonymous_5)
FN:56,(anonymous_6)
FN:73,(anonymous_7)
FN:81,(anonymous_8)
FN:93,(anonymous_9)
FN:95,(anonymous_10)
FN:97,(anonymous_11)
FN:115,(anonymous_12)
FN:117,(anonymous_13)
FN:120,(anonymous_14)
FN:158,(anonymous_15)
FNF:16
FNH:16
FNDA:41,(anonymous_0)
FNDA:71,(anonymous_1)
FNDA:161,(anonymous_2)
FNDA:63,(anonymous_3)
FNDA:156,(anonymous_4)
FNDA:9,(anonymous_5)
FNDA:21,(anonymous_6)
FNDA:2,(anonymous_7)
FNDA:2,(anonymous_8)
FNDA:1,(anonymous_9)
FNDA:2,(anonymous_10)
FNDA:3,(anonymous_11)
FNDA:1,(anonymous_12)
FNDA:2,(anonymous_13)
FNDA:4,(anonymous_14)
FNDA:1,(anonymous_15)
DA:10,23
DA:11,41
DA:12,41
DA:14,113
DA:16,41
DA:28,71
DA:29,161
DA:30,161
DA:40,63
DA:43,156
DA:52,23
DA:53,9
DA:55,9
DA:57,21
DA:58,10
DA:63,9
DA:73,23
DA:81,23
DA:82,2
DA:93,23
DA:95,2
DA:97,3
DA:115,23
DA:118,2
DA:121,4
DA:127,1
DA:145,2
DA:158,23
LF:28
LH:28
BRDA:57,0,0,10
BRDA:57,0,1,11
BRDA:121,1,0,1
BRDA:121,1,1,3
BRF:4
BRH:4
end_of_record
