<?xml version="1.0" encoding="UTF-8"?>
<coverage generated="1641756137654" clover="3.2.0">
  <project timestamp="1641756137654" name="All files">
    <metrics statements="330" coveredstatements="330" conditionals="125" coveredconditionals="123" methods="100" coveredmethods="100" elements="555" coveredelements="553" complexity="0" loc="330" ncloc="330" packages="6" files="12" classes="12"/>
    <package name="algorithms.depth-first-search">
      <metrics statements="20" coveredstatements="20" conditionals="11" coveredconditionals="11" methods="7" coveredmethods="7"/>
      <file name="depthFirstSearch.js" path="/home/brunolnetto/github/path_finder/src/algorithms/depth-first-search/depthFirstSearch.js">
        <metrics statements="20" coveredstatements="20" conditionals="11" coveredconditionals="11" methods="7" coveredmethods="7"/>
        <line num="18" count="9" type="stmt"/>
        <line num="20" count="9" type="stmt"/>
        <line num="22" count="9" type="stmt"/>
        <line num="24" count="9" type="stmt"/>
        <line num="25" count="9" type="stmt"/>
        <line num="26" count="16" type="cond" truecount="2" falsecount="0"/>
        <line num="27" count="12" type="stmt"/>
        <line num="28" count="12" type="stmt"/>
        <line num="30" count="4" type="stmt"/>
        <line num="35" count="9" type="cond" truecount="2" falsecount="0"/>
        <line num="36" count="9" type="cond" truecount="2" falsecount="0"/>
        <line num="37" count="9" type="cond" truecount="2" falsecount="0"/>
        <line num="39" count="9" type="stmt"/>
        <line num="49" count="47" type="stmt"/>
        <line num="51" count="47" type="stmt"/>
        <line num="52" count="63" type="cond" truecount="2" falsecount="0"/>
        <line num="53" count="38" type="stmt"/>
        <line num="57" count="47" type="stmt"/>
        <line num="66" count="9" type="stmt"/>
        <line num="67" count="9" type="stmt"/>
      </file>
    </package>
    <package name="algorithms.detect-cycle">
      <metrics statements="62" coveredstatements="62" conditionals="12" coveredconditionals="12" methods="12" coveredmethods="12"/>
      <file name="detectDirectedCycle.js" path="/home/brunolnetto/github/path_finder/src/algorithms/detect-cycle/detectDirectedCycle.js">
        <metrics statements="30" coveredstatements="30" conditionals="4" coveredconditionals="4" methods="5" coveredmethods="5"/>
        <line num="9" count="2" type="stmt"/>
        <line num="13" count="2" type="stmt"/>
        <line num="16" count="2" type="stmt"/>
        <line num="20" count="2" type="stmt"/>
        <line num="24" count="2" type="stmt"/>
        <line num="32" count="2" type="stmt"/>
        <line num="33" count="12" type="stmt"/>
        <line num="37" count="2" type="stmt"/>
        <line num="39" count="13" type="cond" truecount="2" falsecount="0"/>
        <line num="42" count="1" type="stmt"/>
        <line num="44" count="1" type="stmt"/>
        <line num="45" count="1" type="stmt"/>
        <line num="47" count="1" type="stmt"/>
        <line num="48" count="2" type="stmt"/>
        <line num="49" count="2" type="stmt"/>
        <line num="50" count="2" type="stmt"/>
        <line num="53" count="1" type="stmt"/>
        <line num="56" count="12" type="stmt"/>
        <line num="57" count="12" type="stmt"/>
        <line num="60" count="12" type="stmt"/>
        <line num="66" count="13" type="stmt"/>
        <line num="67" count="13" type="stmt"/>
        <line num="72" count="15" type="cond" truecount="2" falsecount="0"/>
        <line num="73" count="2" type="stmt"/>
        <line num="78" count="13" type="stmt"/>
        <line num="83" count="2" type="stmt"/>
        <line num="85" count="4" type="stmt"/>
        <line num="86" count="4" type="stmt"/>
        <line num="89" count="4" type="stmt"/>
        <line num="92" count="2" type="stmt"/>
      </file>
      <file name="detectUndirectedCycle.js" path="/home/brunolnetto/github/path_finder/src/algorithms/detect-cycle/detectUndirectedCycle.js">
        <metrics statements="23" coveredstatements="23" conditionals="6" coveredconditionals="6" methods="3" coveredmethods="3"/>
        <line num="9" count="2" type="stmt"/>
        <line num="12" count="2" type="stmt"/>
        <line num="15" count="2" type="stmt"/>
        <line num="18" count="2" type="stmt"/>
        <line num="21" count="25" type="cond" truecount="2" falsecount="0"/>
        <line num="22" count="6" type="stmt"/>
        <line num="26" count="19" type="stmt"/>
        <line num="27" count="19" type="cond" truecount="2" falsecount="0"/>
        <line num="29" count="19" type="stmt"/>
        <line num="32" count="13" type="cond" truecount="2" falsecount="0"/>
        <line num="34" count="1" type="stmt"/>
        <line num="36" count="1" type="stmt"/>
        <line num="37" count="1" type="stmt"/>
        <line num="39" count="1" type="stmt"/>
        <line num="40" count="3" type="stmt"/>
        <line num="41" count="3" type="stmt"/>
        <line num="42" count="3" type="stmt"/>
        <line num="45" count="1" type="stmt"/>
        <line num="48" count="12" type="stmt"/>
        <line num="49" count="12" type="stmt"/>
        <line num="55" count="2" type="stmt"/>
        <line num="56" count="2" type="stmt"/>
        <line num="58" count="2" type="stmt"/>
      </file>
      <file name="detectUndirectedCycleUsingDisjointSet.js" path="/home/brunolnetto/github/path_finder/src/algorithms/detect-cycle/detectUndirectedCycleUsingDisjointSet.js">
        <metrics statements="9" coveredstatements="9" conditionals="2" coveredconditionals="2" methods="4" coveredmethods="4"/>
        <line num="11" count="118" type="stmt"/>
        <line num="12" count="2" type="stmt"/>
        <line num="13" count="12" type="stmt"/>
        <line num="19" count="2" type="stmt"/>
        <line num="21" count="2" type="stmt"/>
        <line num="22" count="11" type="cond" truecount="2" falsecount="0"/>
        <line num="24" count="1" type="stmt"/>
        <line num="26" count="10" type="stmt"/>
        <line num="30" count="2" type="stmt"/>
      </file>
    </package>
    <package name="data-structures.disjoint-set">
      <metrics statements="53" coveredstatements="53" conditionals="25" coveredconditionals="24" methods="14" coveredmethods="14"/>
      <file name="DisjointSet.js" path="/home/brunolnetto/github/path_finder/src/data-structures/disjoint-set/DisjointSet.js">
        <metrics statements="29" coveredstatements="29" conditionals="16" coveredconditionals="15" methods="5" coveredmethods="5"/>
        <line num="8" count="7" type="stmt"/>
        <line num="9" count="7" type="stmt"/>
        <line num="17" count="26" type="stmt"/>
        <line num="19" count="26" type="cond" truecount="1" falsecount="1"/>
        <line num="21" count="26" type="stmt"/>
        <line num="24" count="26" type="stmt"/>
        <line num="34" count="128" type="stmt"/>
        <line num="37" count="128" type="stmt"/>
        <line num="39" count="128" type="cond" truecount="2" falsecount="0"/>
        <line num="40" count="10" type="stmt"/>
        <line num="43" count="118" type="stmt"/>
        <line num="54" count="23" type="stmt"/>
        <line num="55" count="23" type="stmt"/>
        <line num="57" count="23" type="cond" truecount="4" falsecount="0"/>
        <line num="58" count="1" type="stmt"/>
        <line num="61" count="22" type="cond" truecount="2" falsecount="0"/>
        <line num="63" count="1" type="stmt"/>
        <line num="66" count="21" type="stmt"/>
        <line num="67" count="21" type="stmt"/>
        <line num="69" count="21" type="cond" truecount="2" falsecount="0"/>
        <line num="71" count="1" type="stmt"/>
        <line num="73" count="1" type="stmt"/>
        <line num="77" count="20" type="stmt"/>
        <line num="79" count="20" type="stmt"/>
        <line num="88" count="29" type="stmt"/>
        <line num="89" count="29" type="stmt"/>
        <line num="91" count="29" type="cond" truecount="4" falsecount="0"/>
        <line num="92" count="1" type="stmt"/>
        <line num="95" count="28" type="stmt"/>
      </file>
      <file name="DisjointSetItem.js" path="/home/brunolnetto/github/path_finder/src/data-structures/disjoint-set/DisjointSetItem.js">
        <metrics statements="24" coveredstatements="24" conditionals="9" coveredconditionals="9" methods="9" coveredmethods="9"/>
        <line num="7" count="162" type="stmt"/>
        <line num="8" count="162" type="stmt"/>
        <line num="10" count="162" type="stmt"/>
        <line num="11" count="162" type="stmt"/>
        <line num="19" count="327" type="cond" truecount="2" falsecount="0"/>
        <line num="20" count="185" type="stmt"/>
        <line num="24" count="142" type="stmt"/>
        <line num="31" count="177" type="cond" truecount="2" falsecount="0"/>
        <line num="38" count="197" type="stmt"/>
        <line num="47" count="105" type="cond" truecount="2" falsecount="0"/>
        <line num="48" count="79" type="stmt"/>
        <line num="51" count="26" type="stmt"/>
        <line num="54" count="26" type="stmt"/>
        <line num="56" count="47" type="stmt"/>
        <line num="59" count="47" type="stmt"/>
        <line num="62" count="26" type="stmt"/>
        <line num="69" count="145" type="stmt"/>
        <line num="78" count="29" type="stmt"/>
        <line num="79" count="29" type="cond" truecount="2" falsecount="0"/>
        <line num="80" count="2" type="stmt"/>
        <line num="83" count="29" type="stmt"/>
        <line num="91" count="27" type="stmt"/>
        <line num="92" count="27" type="stmt"/>
        <line num="94" count="27" type="stmt"/>
      </file>
    </package>
    <package name="data-structures.graph">
      <metrics statements="99" coveredstatements="99" conditionals="30" coveredconditionals="29" methods="43" coveredmethods="43"/>
      <file name="Graph.js" path="/home/brunolnetto/github/path_finder/src/data-structures/graph/Graph.js">
        <metrics statements="57" coveredstatements="57" conditionals="13" coveredconditionals="13" methods="20" coveredmethods="20"/>
        <line num="6" count="21" type="stmt"/>
        <line num="7" count="21" type="stmt"/>
        <line num="8" count="21" type="stmt"/>
        <line num="16" count="79" type="stmt"/>
        <line num="17" count="79" type="stmt"/>
        <line num="25" count="262" type="stmt"/>
        <line num="33" count="62" type="stmt"/>
        <line num="40" count="48" type="stmt"/>
        <line num="47" count="12" type="stmt"/>
        <line num="56" count="75" type="stmt"/>
        <line num="57" count="75" type="stmt"/>
        <line num="60" count="75" type="cond" truecount="2" falsecount="0"/>
        <line num="61" count="21" type="stmt"/>
        <line num="62" count="21" type="stmt"/>
        <line num="66" count="75" type="cond" truecount="2" falsecount="0"/>
        <line num="67" count="56" type="stmt"/>
        <line num="68" count="56" type="stmt"/>
        <line num="72" count="75" type="cond" truecount="2" falsecount="0"/>
        <line num="73" count="1" type="stmt"/>
        <line num="75" count="74" type="stmt"/>
        <line num="79" count="74" type="cond" truecount="2" falsecount="0"/>
        <line num="81" count="40" type="stmt"/>
        <line num="84" count="34" type="stmt"/>
        <line num="85" count="34" type="stmt"/>
        <line num="88" count="74" type="stmt"/>
        <line num="96" count="5" type="cond" truecount="2" falsecount="0"/>
        <line num="97" count="4" type="stmt"/>
        <line num="99" count="1" type="stmt"/>
        <line num="103" count="4" type="stmt"/>
        <line num="104" count="4" type="stmt"/>
        <line num="106" count="4" type="stmt"/>
        <line num="107" count="4" type="stmt"/>
        <line num="116" count="20" type="stmt"/>
        <line num="118" count="20" type="cond" truecount="2" falsecount="0"/>
        <line num="119" count="2" type="stmt"/>
        <line num="122" count="18" type="stmt"/>
        <line num="129" count="2" type="stmt"/>
        <line num="130" count="8" type="stmt"/>
        <line num="140" count="1" type="stmt"/>
        <line num="142" count="3" type="stmt"/>
        <line num="145" count="3" type="stmt"/>
        <line num="148" count="3" type="stmt"/>
        <line num="151" count="1" type="stmt"/>
        <line num="158" count="3" type="stmt"/>
        <line num="159" count="3" type="stmt"/>
        <line num="160" count="12" type="stmt"/>
        <line num="163" count="3" type="stmt"/>
        <line num="170" count="2" type="stmt"/>
        <line num="171" count="2" type="stmt"/>
        <line num="175" count="2" type="stmt"/>
        <line num="176" count="8" type="stmt"/>
        <line num="180" count="2" type="stmt"/>
        <line num="181" count="8" type="stmt"/>
        <line num="182" count="12" type="stmt"/>
        <line num="183" count="12" type="stmt"/>
        <line num="187" count="2" type="stmt"/>
        <line num="194" count="7" type="stmt"/>
      </file>
      <file name="GraphEdge.js" path="/home/brunolnetto/github/path_finder/src/data-structures/graph/GraphEdge.js">
        <metrics statements="11" coveredstatements="11" conditionals="1" coveredconditionals="1" methods="4" coveredmethods="4"/>
        <line num="8" count="88" type="stmt"/>
        <line num="9" count="88" type="stmt"/>
        <line num="10" count="88" type="stmt"/>
        <line num="17" count="248" type="stmt"/>
        <line num="18" count="248" type="stmt"/>
        <line num="20" count="248" type="stmt"/>
        <line num="27" count="4" type="stmt"/>
        <line num="28" count="4" type="stmt"/>
        <line num="29" count="4" type="stmt"/>
        <line num="31" count="4" type="stmt"/>
        <line num="38" count="5" type="stmt"/>
      </file>
      <file name="GraphVertex.js" path="/home/brunolnetto/github/path_finder/src/data-structures/graph/GraphVertex.js">
        <metrics statements="31" coveredstatements="31" conditionals="16" coveredconditionals="15" methods="19" coveredmethods="19"/>
        <line num="8" count="112" type="cond" truecount="2" falsecount="0"/>
        <line num="9" count="1" type="stmt"/>
        <line num="16" count="111" type="stmt"/>
        <line num="17" count="26" type="cond" truecount="2" falsecount="0"/>
        <line num="18" count="12" type="stmt"/>
        <line num="21" count="14" type="cond" truecount="2" falsecount="0"/>
        <line num="26" count="111" type="stmt"/>
        <line num="27" count="111" type="stmt"/>
        <line num="35" count="122" type="stmt"/>
        <line num="37" count="122" type="stmt"/>
        <line num="44" count="12" type="stmt"/>
        <line num="51" count="84" type="stmt"/>
        <line num="54" count="84" type="stmt"/>
        <line num="55" count="104" type="cond" truecount="2" falsecount="0"/>
        <line num="60" count="84" type="stmt"/>
        <line num="67" count="16" type="stmt"/>
        <line num="74" count="4" type="stmt"/>
        <line num="82" count="18" type="stmt"/>
        <line num="83" count="9" type="stmt"/>
        <line num="86" count="18" type="stmt"/>
        <line num="94" count="2" type="stmt"/>
        <line num="95" count="2" type="cond" truecount="2" falsecount="0"/>
        <line num="98" count="2" type="stmt"/>
        <line num="106" count="20" type="stmt"/>
        <line num="107" count="25" type="cond" truecount="2" falsecount="0"/>
        <line num="110" count="20" type="stmt"/>
        <line num="112" count="20" type="cond" truecount="2" falsecount="0"/>
        <line num="119" count="1235" type="stmt"/>
        <line num="126" count="2" type="stmt"/>
        <line num="128" count="1" type="stmt"/>
        <line num="136" count="1" type="cond" truecount="1" falsecount="1"/>
      </file>
    </package>
    <package name="data-structures.linked-list">
      <metrics statements="85" coveredstatements="85" conditionals="37" coveredconditionals="37" methods="15" coveredmethods="15"/>
      <file name="LinkedList.js" path="/home/brunolnetto/github/path_finder/src/data-structures/linked-list/LinkedList.js">
        <metrics statements="82" coveredstatements="82" conditionals="34" coveredconditionals="34" methods="13" coveredmethods="13"/>
        <line num="10" count="125" type="stmt"/>
        <line num="13" count="125" type="stmt"/>
        <line num="15" count="125" type="stmt"/>
        <line num="24" count="3" type="stmt"/>
        <line num="25" count="3" type="stmt"/>
        <line num="28" count="3" type="cond" truecount="2" falsecount="0"/>
        <line num="29" count="1" type="stmt"/>
        <line num="32" count="3" type="stmt"/>
        <line num="40" count="167" type="stmt"/>
        <line num="43" count="167" type="cond" truecount="2" falsecount="0"/>
        <line num="44" count="87" type="stmt"/>
        <line num="45" count="87" type="stmt"/>
        <line num="47" count="87" type="stmt"/>
        <line num="51" count="80" type="stmt"/>
        <line num="52" count="80" type="stmt"/>
        <line num="54" count="80" type="stmt"/>
        <line num="62" count="19" type="cond" truecount="2" falsecount="0"/>
        <line num="63" count="3" type="stmt"/>
        <line num="66" count="16" type="stmt"/>
        <line num="70" count="16" type="cond" truecount="2" falsecount="0"/>
        <line num="71" count="12" type="stmt"/>
        <line num="72" count="12" type="stmt"/>
        <line num="75" count="16" type="stmt"/>
        <line num="77" count="16" type="cond" truecount="2" falsecount="0"/>
        <line num="79" count="12" type="stmt"/>
        <line num="80" count="16" type="cond" truecount="2" falsecount="0"/>
        <line num="81" count="5" type="stmt"/>
        <line num="82" count="5" type="stmt"/>
        <line num="84" count="11" type="stmt"/>
        <line num="90" count="16" type="cond" truecount="2" falsecount="0"/>
        <line num="91" count="6" type="stmt"/>
        <line num="94" count="16" type="stmt"/>
        <line num="104" count="50" type="cond" truecount="2" falsecount="0"/>
        <line num="105" count="13" type="stmt"/>
        <line num="108" count="37" type="stmt"/>
        <line num="110" count="37" type="stmt"/>
        <line num="112" count="57" type="cond" truecount="4" falsecount="0"/>
        <line num="113" count="25" type="stmt"/>
        <line num="117" count="32" type="cond" truecount="4" falsecount="0"/>
        <line num="118" count="4" type="stmt"/>
        <line num="121" count="28" type="stmt"/>
        <line num="124" count="8" type="stmt"/>
        <line num="131" count="3" type="stmt"/>
        <line num="133" count="3" type="cond" truecount="2" falsecount="0"/>
        <line num="135" count="1" type="stmt"/>
        <line num="136" count="1" type="stmt"/>
        <line num="138" count="1" type="stmt"/>
        <line num="144" count="2" type="stmt"/>
        <line num="145" count="2" type="stmt"/>
        <line num="146" count="3" type="cond" truecount="2" falsecount="0"/>
        <line num="147" count="2" type="stmt"/>
        <line num="149" count="1" type="stmt"/>
        <line num="153" count="2" type="stmt"/>
        <line num="155" count="2" type="stmt"/>
        <line num="162" count="3" type="cond" truecount="2" falsecount="0"/>
        <line num="163" count="1" type="stmt"/>
        <line num="166" count="2" type="stmt"/>
        <line num="168" count="2" type="cond" truecount="2" falsecount="0"/>
        <line num="169" count="1" type="stmt"/>
        <line num="171" count="1" type="stmt"/>
        <line num="172" count="1" type="stmt"/>
        <line num="175" count="2" type="stmt"/>
        <line num="183" count="13" type="stmt"/>
        <line num="185" count="2" type="stmt"/>
        <line num="192" count="121" type="stmt"/>
        <line num="194" count="121" type="stmt"/>
        <line num="195" count="121" type="stmt"/>
        <line num="196" count="173" type="stmt"/>
        <line num="197" count="173" type="stmt"/>
        <line num="200" count="121" type="stmt"/>
        <line num="208" count="44" type="stmt"/>
        <line num="216" count="2" type="stmt"/>
        <line num="217" count="2" type="stmt"/>
        <line num="218" count="2" type="stmt"/>
        <line num="220" count="2" type="stmt"/>
        <line num="222" count="6" type="stmt"/>
        <line num="225" count="6" type="stmt"/>
        <line num="228" count="6" type="stmt"/>
        <line num="229" count="6" type="stmt"/>
        <line num="233" count="2" type="stmt"/>
        <line num="234" count="2" type="stmt"/>
        <line num="236" count="2" type="stmt"/>
      </file>
      <file name="LinkedListNode.js" path="/home/brunolnetto/github/path_finder/src/data-structures/linked-list/LinkedListNode.js">
        <metrics statements="3" coveredstatements="3" conditionals="3" coveredconditionals="3" methods="2" coveredmethods="2"/>
        <line num="3" count="176" type="stmt"/>
        <line num="4" count="176" type="stmt"/>
        <line num="8" count="70" type="cond" truecount="2" falsecount="0"/>
      </file>
    </package>
    <package name="utils.comparator">
      <metrics statements="11" coveredstatements="11" conditionals="10" coveredconditionals="10" methods="9" coveredmethods="9"/>
      <file name="Comparator.js" path="/home/brunolnetto/github/path_finder/src/utils/comparator/Comparator.js">
        <metrics statements="11" coveredstatements="11" conditionals="10" coveredconditionals="10" methods="9" coveredmethods="9"/>
        <line num="8" count="127" type="cond" truecount="2" falsecount="0"/>
        <line num="18" count="57" type="cond" truecount="2" falsecount="0"/>
        <line num="19" count="22" type="stmt"/>
        <line num="22" count="35" type="cond" truecount="2" falsecount="0"/>
        <line num="32" count="87" type="stmt"/>
        <line num="42" count="10" type="stmt"/>
        <line num="52" count="11" type="stmt"/>
        <line num="62" count="3" type="cond" truecount="2" falsecount="0"/>
        <line num="72" count="9" type="cond" truecount="2" falsecount="0"/>
        <line num="79" count="1" type="stmt"/>
        <line num="80" count="8" type="stmt"/>
      </file>
    </package>
  </project>
</coverage>
