{"/home/brunolnetto/github/path_finder/src/algorithms/depth-first-search/depthFirstSearch.js": {"path":"/home/brunolnetto/github/path_finder/src/algorithms/depth-first-search/depthFirstSearch.js","statementMap":{"0":{"start":{"line":18,"column":28},"end":{"line":18,"column":37}},"1":{"start":{"line":20,"column":23},"end":{"line":20,"column":31}},"2":{"start":{"line":22,"column":33},"end":{"line":33,"column":5}},"3":{"start":{"line":24,"column":19},"end":{"line":24,"column":21}},"4":{"start":{"line":25,"column":6},"end":{"line":31,"column":8}},"5":{"start":{"line":26,"column":8},"end":{"line":29,"column":9}},"6":{"start":{"line":27,"column":10},"end":{"line":27,"column":43}},"7":{"start":{"line":28,"column":10},"end":{"line":28,"column":22}},"8":{"start":{"line":30,"column":8},"end":{"line":30,"column":21}},"9":{"start":{"line":35,"column":2},"end":{"line":35,"column":88}},"10":{"start":{"line":36,"column":2},"end":{"line":36,"column":72}},"11":{"start":{"line":37,"column":2},"end":{"line":37,"column":72}},"12":{"start":{"line":39,"column":2},"end":{"line":39,"column":27}},"13":{"start":{"line":49,"column":2},"end":{"line":49,"column":59}},"14":{"start":{"line":51,"column":2},"end":{"line":55,"column":5}},"15":{"start":{"line":52,"column":4},"end":{"line":54,"column":5}},"16":{"start":{"line":53,"column":6},"end":{"line":53,"column":77}},"17":{"start":{"line":57,"column":2},"end":{"line":57,"column":59}},"18":{"start":{"line":66,"column":25},"end":{"line":66,"column":29}},"19":{"start":{"line":67,"column":2},"end":{"line":67,"column":90}}},"fnMap":{"0":{"name":"initCallbacks","decl":{"start":{"line":17,"column":9},"end":{"line":17,"column":22}},"loc":{"start":{"line":17,"column":39},"end":{"line":40,"column":1}},"line":17},"1":{"name":"(anonymous_1)","decl":{"start":{"line":20,"column":23},"end":{"line":20,"column":24}},"loc":{"start":{"line":20,"column":29},"end":{"line":20,"column":31}},"line":20},"2":{"name":"(anonymous_2)","decl":{"start":{"line":23,"column":4},"end":{"line":23,"column":5}},"loc":{"start":{"line":23,"column":10},"end":{"line":32,"column":5}},"line":23},"3":{"name":"(anonymous_3)","decl":{"start":{"line":25,"column":13},"end":{"line":25,"column":14}},"loc":{"start":{"line":25,"column":33},"end":{"line":31,"column":7}},"line":25},"4":{"name":"depthFirstSearchRecursive","decl":{"start":{"line":48,"column":9},"end":{"line":48,"column":34}},"loc":{"start":{"line":48,"column":84},"end":{"line":58,"column":1}},"line":48},"5":{"name":"(anonymous_5)","decl":{"start":{"line":51,"column":44},"end":{"line":51,"column":45}},"loc":{"start":{"line":51,"column":60},"end":{"line":55,"column":3}},"line":51},"6":{"name":"depthFirstSearch","decl":{"start":{"line":65,"column":24},"end":{"line":65,"column":40}},"loc":{"start":{"line":65,"column":72},"end":{"line":68,"column":1}},"line":65}},"branchMap":{"0":{"loc":{"start":{"line":17,"column":23},"end":{"line":17,"column":37}},"type":"default-arg","locations":[{"start":{"line":17,"column":35},"end":{"line":17,"column":37}}],"line":17},"1":{"loc":{"start":{"line":26,"column":8},"end":{"line":29,"column":9}},"type":"if","locations":[{"start":{"line":26,"column":8},"end":{"line":29,"column":9}},{"start":{},"end":{}}],"line":26},"2":{"loc":{"start":{"line":35,"column":37},"end":{"line":35,"column":87}},"type":"binary-expr","locations":[{"start":{"line":35,"column":37},"end":{"line":35,"column":61}},{"start":{"line":35,"column":65},"end":{"line":35,"column":87}}],"line":35},"3":{"loc":{"start":{"line":36,"column":34},"end":{"line":36,"column":71}},"type":"binary-expr","locations":[{"start":{"line":36,"column":34},"end":{"line":36,"column":55}},{"start":{"line":36,"column":59},"end":{"line":36,"column":71}}],"line":36},"4":{"loc":{"start":{"line":37,"column":34},"end":{"line":37,"column":71}},"type":"binary-expr","locations":[{"start":{"line":37,"column":34},"end":{"line":37,"column":55}},{"start":{"line":37,"column":59},"end":{"line":37,"column":71}}],"line":37},"5":{"loc":{"start":{"line":52,"column":4},"end":{"line":54,"column":5}},"type":"if","locations":[{"start":{"line":52,"column":4},"end":{"line":54,"column":5}},{"start":{},"end":{}}],"line":52}},"s":{"0":9,"1":9,"2":9,"3":9,"4":9,"5":16,"6":12,"7":12,"8":4,"9":9,"10":9,"11":9,"12":9,"13":47,"14":47,"15":63,"16":38,"17":47,"18":9,"19":9},"f":{"0":9,"1":27,"2":9,"3":16,"4":47,"5":63,"6":9},"b":{"0":[1],"1":[12,4],"2":[9,2],"3":[9,1],"4":[9,3],"5":[38,25]},"_coverageSchema":"1a1c01bbd47fc00a2c39e90264f33305004495a9","hash":"7488e9450a8b9e9b90f3ac97d47c94c05c7d4d20"}
,"/home/brunolnetto/github/path_finder/src/algorithms/detect-cycle/detectDirectedCycle.js": {"path":"/home/brunolnetto/github/path_finder/src/algorithms/detect-cycle/detectDirectedCycle.js","statementMap":{"0":{"start":{"line":9,"column":14},"end":{"line":9,"column":18}},"1":{"start":{"line":13,"column":23},"end":{"line":13,"column":25}},"2":{"start":{"line":16,"column":19},"end":{"line":16,"column":21}},"3":{"start":{"line":20,"column":18},"end":{"line":20,"column":20}},"4":{"start":{"line":24,"column":19},"end":{"line":24,"column":21}},"5":{"start":{"line":32,"column":2},"end":{"line":34,"column":5}},"6":{"start":{"line":33,"column":4},"end":{"line":33,"column":39}},"7":{"start":{"line":37,"column":20},"end":{"line":80,"column":3}},"8":{"start":{"line":39,"column":6},"end":{"line":61,"column":7}},"9":{"start":{"line":42,"column":8},"end":{"line":42,"column":19}},"10":{"start":{"line":44,"column":33},"end":{"line":44,"column":46}},"11":{"start":{"line":45,"column":34},"end":{"line":45,"column":48}},"12":{"start":{"line":47,"column":8},"end":{"line":51,"column":9}},"13":{"start":{"line":48,"column":10},"end":{"line":48,"column":67}},"14":{"start":{"line":49,"column":10},"end":{"line":49,"column":51}},"15":{"start":{"line":50,"column":10},"end":{"line":50,"column":75}},"16":{"start":{"line":53,"column":8},"end":{"line":53,"column":65}},"17":{"start":{"line":56,"column":8},"end":{"line":56,"column":56}},"18":{"start":{"line":57,"column":8},"end":{"line":57,"column":48}},"19":{"start":{"line":60,"column":8},"end":{"line":60,"column":62}},"20":{"start":{"line":66,"column":6},"end":{"line":66,"column":55}},"21":{"start":{"line":67,"column":6},"end":{"line":67,"column":45}},"22":{"start":{"line":72,"column":6},"end":{"line":74,"column":7}},"23":{"start":{"line":73,"column":8},"end":{"line":73,"column":21}},"24":{"start":{"line":78,"column":6},"end":{"line":78,"column":44}},"25":{"start":{"line":83,"column":2},"end":{"line":90,"column":3}},"26":{"start":{"line":85,"column":26},"end":{"line":85,"column":50}},"27":{"start":{"line":86,"column":24},"end":{"line":86,"column":47}},"28":{"start":{"line":89,"column":4},"end":{"line":89,"column":52}},"29":{"start":{"line":92,"column":2},"end":{"line":92,"column":15}}},"fnMap":{"0":{"name":"detectDirectedCycle","decl":{"start":{"line":8,"column":24},"end":{"line":8,"column":43}},"loc":{"start":{"line":8,"column":51},"end":{"line":93,"column":1}},"line":8},"1":{"name":"(anonymous_1)","decl":{"start":{"line":32,"column":33},"end":{"line":32,"column":34}},"loc":{"start":{"line":32,"column":45},"end":{"line":34,"column":3}},"line":32},"2":{"name":"(anonymous_2)","decl":{"start":{"line":38,"column":17},"end":{"line":38,"column":18}},"loc":{"start":{"line":38,"column":56},"end":{"line":62,"column":5}},"line":38},"3":{"name":"(anonymous_3)","decl":{"start":{"line":63,"column":17},"end":{"line":63,"column":18}},"loc":{"start":{"line":63,"column":40},"end":{"line":68,"column":5}},"line":63},"4":{"name":"(anonymous_4)","decl":{"start":{"line":69,"column":20},"end":{"line":69,"column":21}},"loc":{"start":{"line":69,"column":40},"end":{"line":79,"column":5}},"line":69}},"branchMap":{"0":{"loc":{"start":{"line":39,"column":6},"end":{"line":61,"column":7}},"type":"if","locations":[{"start":{"line":39,"column":6},"end":{"line":61,"column":7}},{"start":{"line":54,"column":13},"end":{"line":61,"column":7}}],"line":39},"1":{"loc":{"start":{"line":72,"column":6},"end":{"line":74,"column":7}},"type":"if","locations":[{"start":{"line":72,"column":6},"end":{"line":74,"column":7}},{"start":{},"end":{}}],"line":72}},"s":{"0":2,"1":2,"2":2,"3":2,"4":2,"5":2,"6":12,"7":2,"8":13,"9":1,"10":1,"11":1,"12":1,"13":2,"14":2,"15":2,"16":1,"17":12,"18":12,"19":12,"20":13,"21":13,"22":15,"23":2,"24":13,"25":2,"26":4,"27":4,"28":4,"29":2},"f":{"0":2,"1":12,"2":13,"3":13,"4":15},"b":{"0":[1,12],"1":[2,13]},"_coverageSchema":"1a1c01bbd47fc00a2c39e90264f33305004495a9","hash":"bcf67d2d2b0d11c8f78380781f9a051074f8c45f"}
,"/home/brunolnetto/github/path_finder/src/algorithms/detect-cycle/detectUndirectedCycle.js": {"path":"/home/brunolnetto/github/path_finder/src/algorithms/detect-cycle/detectUndirectedCycle.js","statementMap":{"0":{"start":{"line":9,"column":14},"end":{"line":9,"column":18}},"1":{"start":{"line":12,"column":26},"end":{"line":12,"column":28}},"2":{"start":{"line":15,"column":18},"end":{"line":15,"column":20}},"3":{"start":{"line":18,"column":20},"end":{"line":52,"column":3}},"4":{"start":{"line":21,"column":6},"end":{"line":23,"column":7}},"5":{"start":{"line":22,"column":8},"end":{"line":22,"column":21}},"6":{"start":{"line":26,"column":34},"end":{"line":26,"column":65}},"7":{"start":{"line":27,"column":37},"end":{"line":27,"column":94}},"8":{"start":{"line":29,"column":6},"end":{"line":29,"column":60}},"9":{"start":{"line":32,"column":6},"end":{"line":50,"column":7}},"10":{"start":{"line":34,"column":8},"end":{"line":34,"column":19}},"11":{"start":{"line":36,"column":33},"end":{"line":36,"column":46}},"12":{"start":{"line":37,"column":34},"end":{"line":37,"column":48}},"13":{"start":{"line":39,"column":8},"end":{"line":43,"column":9}},"14":{"start":{"line":40,"column":10},"end":{"line":40,"column":67}},"15":{"start":{"line":41,"column":10},"end":{"line":41,"column":51}},"16":{"start":{"line":42,"column":10},"end":{"line":42,"column":70}},"17":{"start":{"line":45,"column":8},"end":{"line":45,"column":65}},"18":{"start":{"line":48,"column":8},"end":{"line":48,"column":64}},"19":{"start":{"line":49,"column":8},"end":{"line":49,"column":57}},"20":{"start":{"line":55,"column":22},"end":{"line":55,"column":47}},"21":{"start":{"line":56,"column":2},"end":{"line":56,"column":50}},"22":{"start":{"line":58,"column":2},"end":{"line":58,"column":15}}},"fnMap":{"0":{"name":"detectUndirectedCycle","decl":{"start":{"line":8,"column":24},"end":{"line":8,"column":45}},"loc":{"start":{"line":8,"column":53},"end":{"line":59,"column":1}},"line":8},"1":{"name":"(anonymous_1)","decl":{"start":{"line":19,"column":20},"end":{"line":19,"column":21}},"loc":{"start":{"line":19,"column":55},"end":{"line":30,"column":5}},"line":19},"2":{"name":"(anonymous_2)","decl":{"start":{"line":31,"column":17},"end":{"line":31,"column":18}},"loc":{"start":{"line":31,"column":56},"end":{"line":51,"column":5}},"line":31}},"branchMap":{"0":{"loc":{"start":{"line":21,"column":6},"end":{"line":23,"column":7}},"type":"if","locations":[{"start":{"line":21,"column":6},"end":{"line":23,"column":7}},{"start":{},"end":{}}],"line":21},"1":{"loc":{"start":{"line":27,"column":37},"end":{"line":27,"column":94}},"type":"cond-expr","locations":[{"start":{"line":27,"column":59},"end":{"line":27,"column":87}},{"start":{"line":27,"column":90},"end":{"line":27,"column":94}}],"line":27},"2":{"loc":{"start":{"line":32,"column":6},"end":{"line":50,"column":7}},"type":"if","locations":[{"start":{"line":32,"column":6},"end":{"line":50,"column":7}},{"start":{"line":46,"column":13},"end":{"line":50,"column":7}}],"line":32}},"s":{"0":2,"1":2,"2":2,"3":2,"4":25,"5":6,"6":19,"7":19,"8":19,"9":13,"10":1,"11":1,"12":1,"13":1,"14":3,"15":3,"16":3,"17":1,"18":12,"19":12,"20":2,"21":2,"22":2},"f":{"0":2,"1":25,"2":13},"b":{"0":[6,19],"1":[15,4],"2":[1,12]},"_coverageSchema":"1a1c01bbd47fc00a2c39e90264f33305004495a9","hash":"2d39723d9eaa03b40526a64a14af80f031ce2ba5"}
,"/home/brunolnetto/github/path_finder/src/algorithms/detect-cycle/detectUndirectedCycleUsingDisjointSet.js": {"path":"/home/brunolnetto/github/path_finder/src/algorithms/detect-cycle/detectUndirectedCycleUsingDisjointSet.js","statementMap":{"0":{"start":{"line":11,"column":23},"end":{"line":11,"column":60}},"1":{"start":{"line":11,"column":40},"end":{"line":11,"column":60}},"2":{"start":{"line":12,"column":22},"end":{"line":12,"column":51}},"3":{"start":{"line":13,"column":2},"end":{"line":13,"column":84}},"4":{"start":{"line":13,"column":50},"end":{"line":13,"column":82}},"5":{"start":{"line":19,"column":19},"end":{"line":19,"column":24}},"6":{"start":{"line":21,"column":2},"end":{"line":28,"column":5}},"7":{"start":{"line":22,"column":4},"end":{"line":27,"column":5}},"8":{"start":{"line":24,"column":6},"end":{"line":24,"column":24}},"9":{"start":{"line":26,"column":6},"end":{"line":26,"column":68}},"10":{"start":{"line":30,"column":2},"end":{"line":30,"column":20}}},"fnMap":{"0":{"name":"detectUndirectedCycleUsingDisjointSet","decl":{"start":{"line":8,"column":24},"end":{"line":8,"column":61}},"loc":{"start":{"line":8,"column":69},"end":{"line":31,"column":1}},"line":8},"1":{"name":"(anonymous_1)","decl":{"start":{"line":11,"column":23},"end":{"line":11,"column":24}},"loc":{"start":{"line":11,"column":40},"end":{"line":11,"column":60}},"line":11},"2":{"name":"(anonymous_2)","decl":{"start":{"line":13,"column":33},"end":{"line":13,"column":34}},"loc":{"start":{"line":13,"column":50},"end":{"line":13,"column":82}},"line":13},"3":{"name":"(anonymous_3)","decl":{"start":{"line":21,"column":30},"end":{"line":21,"column":31}},"loc":{"start":{"line":21,"column":45},"end":{"line":28,"column":3}},"line":21}},"branchMap":{"0":{"loc":{"start":{"line":22,"column":4},"end":{"line":27,"column":5}},"type":"if","locations":[{"start":{"line":22,"column":4},"end":{"line":27,"column":5}},{"start":{"line":25,"column":11},"end":{"line":27,"column":5}}],"line":22}},"s":{"0":2,"1":118,"2":2,"3":2,"4":12,"5":2,"6":2,"7":11,"8":1,"9":10,"10":2},"f":{"0":2,"1":118,"2":12,"3":11},"b":{"0":[1,10]},"_coverageSchema":"1a1c01bbd47fc00a2c39e90264f33305004495a9","hash":"938b9a6c9d120bb7e960847ffe01e7cea14c523c"}
,"/home/brunolnetto/github/path_finder/src/data-structures/disjoint-set/DisjointSet.js": {"path":"/home/brunolnetto/github/path_finder/src/data-structures/disjoint-set/DisjointSet.js","statementMap":{"0":{"start":{"line":8,"column":4},"end":{"line":8,"column":35}},"1":{"start":{"line":9,"column":4},"end":{"line":9,"column":20}},"2":{"start":{"line":17,"column":28},"end":{"line":17,"column":76}},"3":{"start":{"line":19,"column":4},"end":{"line":22,"column":5}},"4":{"start":{"line":21,"column":6},"end":{"line":21,"column":61}},"5":{"start":{"line":24,"column":4},"end":{"line":24,"column":16}},"6":{"start":{"line":34,"column":33},"end":{"line":34,"column":81}},"7":{"start":{"line":37,"column":33},"end":{"line":37,"column":74}},"8":{"start":{"line":39,"column":4},"end":{"line":41,"column":5}},"9":{"start":{"line":40,"column":6},"end":{"line":40,"column":18}},"10":{"start":{"line":43,"column":4},"end":{"line":43,"column":51}},"11":{"start":{"line":54,"column":21},"end":{"line":54,"column":38}},"12":{"start":{"line":55,"column":21},"end":{"line":55,"column":38}},"13":{"start":{"line":57,"column":4},"end":{"line":59,"column":5}},"14":{"start":{"line":58,"column":6},"end":{"line":58,"column":59}},"15":{"start":{"line":61,"column":4},"end":{"line":64,"column":5}},"16":{"start":{"line":63,"column":6},"end":{"line":63,"column":18}},"17":{"start":{"line":66,"column":18},"end":{"line":66,"column":38}},"18":{"start":{"line":67,"column":18},"end":{"line":67,"column":38}},"19":{"start":{"line":69,"column":4},"end":{"line":74,"column":5}},"20":{"start":{"line":71,"column":6},"end":{"line":71,"column":28}},"21":{"start":{"line":73,"column":6},"end":{"line":73,"column":18}},"22":{"start":{"line":77,"column":4},"end":{"line":77,"column":26}},"23":{"start":{"line":79,"column":4},"end":{"line":79,"column":16}},"24":{"start":{"line":88,"column":21},"end":{"line":88,"column":38}},"25":{"start":{"line":89,"column":21},"end":{"line":89,"column":38}},"26":{"start":{"line":91,"column":4},"end":{"line":93,"column":5}},"27":{"start":{"line":92,"column":6},"end":{"line":92,"column":59}},"28":{"start":{"line":95,"column":4},"end":{"line":95,"column":33}}},"fnMap":{"0":{"name":"(anonymous_0)","decl":{"start":{"line":7,"column":2},"end":{"line":7,"column":3}},"loc":{"start":{"line":7,"column":27},"end":{"line":10,"column":3}},"line":7},"1":{"name":"(anonymous_1)","decl":{"start":{"line":16,"column":2},"end":{"line":16,"column":3}},"loc":{"start":{"line":16,"column":21},"end":{"line":25,"column":3}},"line":16},"2":{"name":"(anonymous_2)","decl":{"start":{"line":33,"column":2},"end":{"line":33,"column":3}},"loc":{"start":{"line":33,"column":18},"end":{"line":44,"column":3}},"line":33},"3":{"name":"(anonymous_3)","decl":{"start":{"line":53,"column":2},"end":{"line":53,"column":3}},"loc":{"start":{"line":53,"column":24},"end":{"line":80,"column":3}},"line":53},"4":{"name":"(anonymous_4)","decl":{"start":{"line":87,"column":2},"end":{"line":87,"column":3}},"loc":{"start":{"line":87,"column":28},"end":{"line":96,"column":3}},"line":87}},"branchMap":{"0":{"loc":{"start":{"line":19,"column":4},"end":{"line":22,"column":5}},"type":"if","locations":[{"start":{"line":19,"column":4},"end":{"line":22,"column":5}},{"start":{},"end":{}}],"line":19},"1":{"loc":{"start":{"line":39,"column":4},"end":{"line":41,"column":5}},"type":"if","locations":[{"start":{"line":39,"column":4},"end":{"line":41,"column":5}},{"start":{},"end":{}}],"line":39},"2":{"loc":{"start":{"line":57,"column":4},"end":{"line":59,"column":5}},"type":"if","locations":[{"start":{"line":57,"column":4},"end":{"line":59,"column":5}},{"start":{},"end":{}}],"line":57},"3":{"loc":{"start":{"line":57,"column":8},"end":{"line":57,"column":46}},"type":"binary-expr","locations":[{"start":{"line":57,"column":8},"end":{"line":57,"column":25}},{"start":{"line":57,"column":29},"end":{"line":57,"column":46}}],"line":57},"4":{"loc":{"start":{"line":61,"column":4},"end":{"line":64,"column":5}},"type":"if","locations":[{"start":{"line":61,"column":4},"end":{"line":64,"column":5}},{"start":{},"end":{}}],"line":61},"5":{"loc":{"start":{"line":69,"column":4},"end":{"line":74,"column":5}},"type":"if","locations":[{"start":{"line":69,"column":4},"end":{"line":74,"column":5}},{"start":{},"end":{}}],"line":69},"6":{"loc":{"start":{"line":91,"column":4},"end":{"line":93,"column":5}},"type":"if","locations":[{"start":{"line":91,"column":4},"end":{"line":93,"column":5}},{"start":{},"end":{}}],"line":91},"7":{"loc":{"start":{"line":91,"column":8},"end":{"line":91,"column":46}},"type":"binary-expr","locations":[{"start":{"line":91,"column":8},"end":{"line":91,"column":25}},{"start":{"line":91,"column":29},"end":{"line":91,"column":46}}],"line":91}},"s":{"0":7,"1":7,"2":26,"3":26,"4":26,"5":26,"6":128,"7":128,"8":128,"9":10,"10":118,"11":23,"12":23,"13":23,"14":1,"15":22,"16":1,"17":21,"18":21,"19":21,"20":1,"21":1,"22":20,"23":20,"24":29,"25":29,"26":29,"27":1,"28":28},"f":{"0":7,"1":26,"2":128,"3":23,"4":29},"b":{"0":[26,0],"1":[10,118],"2":[1,22],"3":[23,22],"4":[1,21],"5":[1,20],"6":[1,28],"7":[29,28]},"_coverageSchema":"1a1c01bbd47fc00a2c39e90264f33305004495a9","hash":"30c8407e87a49ae0dc8ac0413b6b21eb7f76b0e0"}
,"/home/brunolnetto/github/path_finder/src/data-structures/disjoint-set/DisjointSetItem.js": {"path":"/home/brunolnetto/github/path_finder/src/data-structures/disjoint-set/DisjointSetItem.js","statementMap":{"0":{"start":{"line":7,"column":4},"end":{"line":7,"column":23}},"1":{"start":{"line":8,"column":4},"end":{"line":8,"column":35}},"2":{"start":{"line":10,"column":4},"end":{"line":10,"column":23}},"3":{"start":{"line":11,"column":4},"end":{"line":11,"column":23}},"4":{"start":{"line":19,"column":4},"end":{"line":21,"column":5}},"5":{"start":{"line":20,"column":6},"end":{"line":20,"column":42}},"6":{"start":{"line":24,"column":4},"end":{"line":24,"column":22}},"7":{"start":{"line":31,"column":4},"end":{"line":31,"column":56}},"8":{"start":{"line":38,"column":4},"end":{"line":38,"column":32}},"9":{"start":{"line":47,"column":4},"end":{"line":49,"column":5}},"10":{"start":{"line":48,"column":6},"end":{"line":48,"column":15}},"11":{"start":{"line":51,"column":15},"end":{"line":51,"column":16}},"12":{"start":{"line":54,"column":4},"end":{"line":60,"column":7}},"13":{"start":{"line":56,"column":6},"end":{"line":56,"column":16}},"14":{"start":{"line":59,"column":6},"end":{"line":59,"column":30}},"15":{"start":{"line":62,"column":4},"end":{"line":62,"column":16}},"16":{"start":{"line":69,"column":4},"end":{"line":69,"column":40}},"17":{"start":{"line":78,"column":4},"end":{"line":78,"column":29}},"18":{"start":{"line":79,"column":4},"end":{"line":81,"column":5}},"19":{"start":{"line":80,"column":6},"end":{"line":80,"column":32}},"20":{"start":{"line":83,"column":4},"end":{"line":83,"column":16}},"21":{"start":{"line":91,"column":4},"end":{"line":91,"column":50}},"22":{"start":{"line":92,"column":4},"end":{"line":92,"column":37}},"23":{"start":{"line":94,"column":4},"end":{"line":94,"column":16}}},"fnMap":{"0":{"name":"(anonymous_0)","decl":{"start":{"line":6,"column":2},"end":{"line":6,"column":3}},"loc":{"start":{"line":6,"column":34},"end":{"line":12,"column":3}},"line":6},"1":{"name":"(anonymous_1)","decl":{"start":{"line":17,"column":2},"end":{"line":17,"column":3}},"loc":{"start":{"line":17,"column":11},"end":{"line":25,"column":3}},"line":17},"2":{"name":"(anonymous_2)","decl":{"start":{"line":30,"column":2},"end":{"line":30,"column":3}},"loc":{"start":{"line":30,"column":12},"end":{"line":32,"column":3}},"line":30},"3":{"name":"(anonymous_3)","decl":{"start":{"line":37,"column":2},"end":{"line":37,"column":3}},"loc":{"start":{"line":37,"column":11},"end":{"line":39,"column":3}},"line":37},"4":{"name":"(anonymous_4)","decl":{"start":{"line":46,"column":2},"end":{"line":46,"column":3}},"loc":{"start":{"line":46,"column":12},"end":{"line":63,"column":3}},"line":46},"5":{"name":"(anonymous_5)","decl":{"start":{"line":54,"column":31},"end":{"line":54,"column":32}},"loc":{"start":{"line":54,"column":42},"end":{"line":60,"column":5}},"line":54},"6":{"name":"(anonymous_6)","decl":{"start":{"line":68,"column":2},"end":{"line":68,"column":3}},"loc":{"start":{"line":68,"column":16},"end":{"line":70,"column":3}},"line":68},"7":{"name":"(anonymous_7)","decl":{"start":{"line":77,"column":2},"end":{"line":77,"column":3}},"loc":{"start":{"line":77,"column":56},"end":{"line":84,"column":3}},"line":77},"8":{"name":"(anonymous_8)","decl":{"start":{"line":90,"column":2},"end":{"line":90,"column":3}},"loc":{"start":{"line":90,"column":22},"end":{"line":95,"column":3}},"line":90}},"branchMap":{"0":{"loc":{"start":{"line":19,"column":4},"end":{"line":21,"column":5}},"type":"if","locations":[{"start":{"line":19,"column":4},"end":{"line":21,"column":5}},{"start":{},"end":{}}],"line":19},"1":{"loc":{"start":{"line":31,"column":11},"end":{"line":31,"column":55}},"type":"cond-expr","locations":[{"start":{"line":31,"column":27},"end":{"line":31,"column":31}},{"start":{"line":31,"column":34},"end":{"line":31,"column":55}}],"line":31},"2":{"loc":{"start":{"line":47,"column":4},"end":{"line":49,"column":5}},"type":"if","locations":[{"start":{"line":47,"column":4},"end":{"line":49,"column":5}},{"start":{},"end":{}}],"line":47},"3":{"loc":{"start":{"line":77,"column":24},"end":{"line":77,"column":54}},"type":"default-arg","locations":[{"start":{"line":77,"column":50},"end":{"line":77,"column":54}}],"line":77},"4":{"loc":{"start":{"line":79,"column":4},"end":{"line":81,"column":5}},"type":"if","locations":[{"start":{"line":79,"column":4},"end":{"line":81,"column":5}},{"start":{},"end":{}}],"line":79}},"s":{"0":162,"1":162,"2":162,"3":162,"4":327,"5":185,"6":142,"7":177,"8":197,"9":105,"10":79,"11":26,"12":26,"13":47,"14":47,"15":26,"16":145,"17":29,"18":29,"19":2,"20":29,"21":27,"22":27,"23":27},"f":{"0":162,"1":327,"2":177,"3":197,"4":105,"5":47,"6":145,"7":29,"8":27},"b":{"0":[185,142],"1":[128,49],"2":[79,26],"3":[2],"4":[2,27]},"_coverageSchema":"1a1c01bbd47fc00a2c39e90264f33305004495a9","hash":"3c0390ec584e02749743838a788dc3352f234e8d"}
,"/home/brunolnetto/github/path_finder/src/data-structures/graph/Graph.js": {"path":"/home/brunolnetto/github/path_finder/src/data-structures/graph/Graph.js","statementMap":{"0":{"start":{"line":6,"column":4},"end":{"line":6,"column":23}},"1":{"start":{"line":7,"column":4},"end":{"line":7,"column":20}},"2":{"start":{"line":8,"column":4},"end":{"line":8,"column":33}},"3":{"start":{"line":16,"column":4},"end":{"line":16,"column":50}},"4":{"start":{"line":17,"column":4},"end":{"line":17,"column":15}},"5":{"start":{"line":25,"column":4},"end":{"line":25,"column":36}},"6":{"start":{"line":33,"column":4},"end":{"line":33,"column":33}},"7":{"start":{"line":40,"column":4},"end":{"line":40,"column":40}},"8":{"start":{"line":47,"column":4},"end":{"line":47,"column":37}},"9":{"start":{"line":56,"column":22},"end":{"line":56,"column":68}},"10":{"start":{"line":57,"column":20},"end":{"line":57,"column":64}},"11":{"start":{"line":60,"column":4},"end":{"line":63,"column":5}},"12":{"start":{"line":61,"column":6},"end":{"line":61,"column":39}},"13":{"start":{"line":62,"column":6},"end":{"line":62,"column":67}},"14":{"start":{"line":66,"column":4},"end":{"line":69,"column":5}},"15":{"start":{"line":67,"column":6},"end":{"line":67,"column":37}},"16":{"start":{"line":68,"column":6},"end":{"line":68,"column":63}},"17":{"start":{"line":72,"column":4},"end":{"line":76,"column":5}},"18":{"start":{"line":73,"column":6},"end":{"line":73,"column":60}},"19":{"start":{"line":75,"column":6},"end":{"line":75,"column":39}},"20":{"start":{"line":79,"column":4},"end":{"line":86,"column":5}},"21":{"start":{"line":81,"column":6},"end":{"line":81,"column":32}},"22":{"start":{"line":84,"column":6},"end":{"line":84,"column":32}},"23":{"start":{"line":85,"column":6},"end":{"line":85,"column":30}},"24":{"start":{"line":88,"column":4},"end":{"line":88,"column":16}},"25":{"start":{"line":96,"column":4},"end":{"line":100,"column":5}},"26":{"start":{"line":97,"column":6},"end":{"line":97,"column":39}},"27":{"start":{"line":99,"column":6},"end":{"line":99,"column":49}},"28":{"start":{"line":103,"column":24},"end":{"line":103,"column":70}},"29":{"start":{"line":104,"column":22},"end":{"line":104,"column":66}},"30":{"start":{"line":106,"column":4},"end":{"line":106,"column":33}},"31":{"start":{"line":107,"column":4},"end":{"line":107,"column":31}},"32":{"start":{"line":116,"column":19},"end":{"line":116,"column":60}},"33":{"start":{"line":118,"column":4},"end":{"line":120,"column":5}},"34":{"start":{"line":119,"column":6},"end":{"line":119,"column":18}},"35":{"start":{"line":122,"column":4},"end":{"line":122,"column":38}},"36":{"start":{"line":129,"column":4},"end":{"line":131,"column":10}},"37":{"start":{"line":130,"column":6},"end":{"line":130,"column":39}},"38":{"start":{"line":140,"column":4},"end":{"line":149,"column":7}},"39":{"start":{"line":142,"column":6},"end":{"line":142,"column":28}},"40":{"start":{"line":145,"column":6},"end":{"line":145,"column":21}},"41":{"start":{"line":148,"column":6},"end":{"line":148,"column":25}},"42":{"start":{"line":151,"column":4},"end":{"line":151,"column":16}},"43":{"start":{"line":158,"column":28},"end":{"line":158,"column":30}},"44":{"start":{"line":159,"column":4},"end":{"line":161,"column":7}},"45":{"start":{"line":160,"column":6},"end":{"line":160,"column":47}},"46":{"start":{"line":163,"column":4},"end":{"line":163,"column":27}},"47":{"start":{"line":170,"column":21},"end":{"line":170,"column":42}},"48":{"start":{"line":171,"column":28},"end":{"line":171,"column":53}},"49":{"start":{"line":175,"column":28},"end":{"line":177,"column":6}},"50":{"start":{"line":176,"column":6},"end":{"line":176,"column":51}},"51":{"start":{"line":180,"column":4},"end":{"line":185,"column":7}},"52":{"start":{"line":181,"column":6},"end":{"line":184,"column":9}},"53":{"start":{"line":182,"column":30},"end":{"line":182,"column":64}},"54":{"start":{"line":183,"column":8},"end":{"line":183,"column":93}},"55":{"start":{"line":187,"column":4},"end":{"line":187,"column":27}},"56":{"start":{"line":194,"column":4},"end":{"line":194,"column":49}}},"fnMap":{"0":{"name":"(anonymous_0)","decl":{"start":{"line":5,"column":2},"end":{"line":5,"column":3}},"loc":{"start":{"line":5,"column":34},"end":{"line":9,"column":3}},"line":5},"1":{"name":"(anonymous_1)","decl":{"start":{"line":15,"column":2},"end":{"line":15,"column":3}},"loc":{"start":{"line":15,"column":23},"end":{"line":18,"column":3}},"line":15},"2":{"name":"(anonymous_2)","decl":{"start":{"line":24,"column":2},"end":{"line":24,"column":3}},"loc":{"start":{"line":24,"column":28},"end":{"line":26,"column":3}},"line":24},"3":{"name":"(anonymous_3)","decl":{"start":{"line":32,"column":2},"end":{"line":32,"column":3}},"loc":{"start":{"line":32,"column":23},"end":{"line":34,"column":3}},"line":32},"4":{"name":"(anonymous_4)","decl":{"start":{"line":39,"column":2},"end":{"line":39,"column":3}},"loc":{"start":{"line":39,"column":19},"end":{"line":41,"column":3}},"line":39},"5":{"name":"(anonymous_5)","decl":{"start":{"line":46,"column":2},"end":{"line":46,"column":3}},"loc":{"start":{"line":46,"column":16},"end":{"line":48,"column":3}},"line":46},"6":{"name":"(anonymous_6)","decl":{"start":{"line":54,"column":2},"end":{"line":54,"column":3}},"loc":{"start":{"line":54,"column":16},"end":{"line":89,"column":3}},"line":54},"7":{"name":"(anonymous_7)","decl":{"start":{"line":94,"column":2},"end":{"line":94,"column":3}},"loc":{"start":{"line":94,"column":19},"end":{"line":108,"column":3}},"line":94},"8":{"name":"(anonymous_8)","decl":{"start":{"line":115,"column":2},"end":{"line":115,"column":3}},"loc":{"start":{"line":115,"column":35},"end":{"line":123,"column":3}},"line":115},"9":{"name":"(anonymous_9)","decl":{"start":{"line":128,"column":2},"end":{"line":128,"column":3}},"loc":{"start":{"line":128,"column":14},"end":{"line":132,"column":3}},"line":128},"10":{"name":"(anonymous_10)","decl":{"start":{"line":129,"column":37},"end":{"line":129,"column":38}},"loc":{"start":{"line":129,"column":60},"end":{"line":131,"column":5}},"line":129},"11":{"name":"(anonymous_11)","decl":{"start":{"line":138,"column":2},"end":{"line":138,"column":3}},"loc":{"start":{"line":138,"column":12},"end":{"line":152,"column":3}},"line":138},"12":{"name":"(anonymous_12)","decl":{"start":{"line":140,"column":31},"end":{"line":140,"column":32}},"loc":{"start":{"line":140,"column":41},"end":{"line":149,"column":5}},"line":140},"13":{"name":"(anonymous_13)","decl":{"start":{"line":157,"column":2},"end":{"line":157,"column":3}},"loc":{"start":{"line":157,"column":23},"end":{"line":164,"column":3}},"line":157},"14":{"name":"(anonymous_14)","decl":{"start":{"line":159,"column":34},"end":{"line":159,"column":35}},"loc":{"start":{"line":159,"column":53},"end":{"line":161,"column":5}},"line":159},"15":{"name":"(anonymous_15)","decl":{"start":{"line":169,"column":2},"end":{"line":169,"column":3}},"loc":{"start":{"line":169,"column":23},"end":{"line":188,"column":3}},"line":169},"16":{"name":"(anonymous_16)","decl":{"start":{"line":175,"column":66},"end":{"line":175,"column":67}},"loc":{"start":{"line":175,"column":72},"end":{"line":177,"column":5}},"line":175},"17":{"name":"(anonymous_17)","decl":{"start":{"line":180,"column":21},"end":{"line":180,"column":22}},"loc":{"start":{"line":180,"column":46},"end":{"line":185,"column":5}},"line":180},"18":{"name":"(anonymous_18)","decl":{"start":{"line":181,"column":36},"end":{"line":181,"column":37}},"loc":{"start":{"line":181,"column":50},"end":{"line":184,"column":7}},"line":181},"19":{"name":"(anonymous_19)","decl":{"start":{"line":193,"column":2},"end":{"line":193,"column":3}},"loc":{"start":{"line":193,"column":13},"end":{"line":195,"column":3}},"line":193}},"branchMap":{"0":{"loc":{"start":{"line":5,"column":14},"end":{"line":5,"column":32}},"type":"default-arg","locations":[{"start":{"line":5,"column":27},"end":{"line":5,"column":32}}],"line":5},"1":{"loc":{"start":{"line":60,"column":4},"end":{"line":63,"column":5}},"type":"if","locations":[{"start":{"line":60,"column":4},"end":{"line":63,"column":5}},{"start":{},"end":{}}],"line":60},"2":{"loc":{"start":{"line":66,"column":4},"end":{"line":69,"column":5}},"type":"if","locations":[{"start":{"line":66,"column":4},"end":{"line":69,"column":5}},{"start":{},"end":{}}],"line":66},"3":{"loc":{"start":{"line":72,"column":4},"end":{"line":76,"column":5}},"type":"if","locations":[{"start":{"line":72,"column":4},"end":{"line":76,"column":5}},{"start":{"line":74,"column":11},"end":{"line":76,"column":5}}],"line":72},"4":{"loc":{"start":{"line":79,"column":4},"end":{"line":86,"column":5}},"type":"if","locations":[{"start":{"line":79,"column":4},"end":{"line":86,"column":5}},{"start":{"line":82,"column":11},"end":{"line":86,"column":5}}],"line":79},"5":{"loc":{"start":{"line":96,"column":4},"end":{"line":100,"column":5}},"type":"if","locations":[{"start":{"line":96,"column":4},"end":{"line":100,"column":5}},{"start":{"line":98,"column":11},"end":{"line":100,"column":5}}],"line":96},"6":{"loc":{"start":{"line":118,"column":4},"end":{"line":120,"column":5}},"type":"if","locations":[{"start":{"line":118,"column":4},"end":{"line":120,"column":5}},{"start":{},"end":{}}],"line":118}},"s":{"0":21,"1":21,"2":21,"3":79,"4":79,"5":262,"6":62,"7":48,"8":12,"9":75,"10":75,"11":75,"12":21,"13":21,"14":75,"15":56,"16":56,"17":75,"18":1,"19":74,"20":74,"21":40,"22":34,"23":34,"24":74,"25":5,"26":4,"27":1,"28":4,"29":4,"30":4,"31":4,"32":20,"33":20,"34":2,"35":18,"36":2,"37":8,"38":1,"39":3,"40":3,"41":3,"42":1,"43":3,"44":3,"45":12,"46":3,"47":2,"48":2,"49":2,"50":8,"51":2,"52":8,"53":12,"54":12,"55":2,"56":7},"f":{"0":21,"1":79,"2":262,"3":62,"4":48,"5":12,"6":75,"7":5,"8":20,"9":2,"10":8,"11":1,"12":3,"13":3,"14":12,"15":2,"16":8,"17":8,"18":12,"19":7},"b":{"0":[11],"1":[21,54],"2":[56,19],"3":[1,74],"4":[40,34],"5":[4,1],"6":[2,18]},"_coverageSchema":"1a1c01bbd47fc00a2c39e90264f33305004495a9","hash":"b14aeb10b42de3aa91353190d0dc87c422c38200"}
,"/home/brunolnetto/github/path_finder/src/data-structures/graph/GraphEdge.js": {"path":"/home/brunolnetto/github/path_finder/src/data-structures/graph/GraphEdge.js","statementMap":{"0":{"start":{"line":8,"column":4},"end":{"line":8,"column":35}},"1":{"start":{"line":9,"column":4},"end":{"line":9,"column":31}},"2":{"start":{"line":10,"column":4},"end":{"line":10,"column":25}},"3":{"start":{"line":17,"column":27},"end":{"line":17,"column":52}},"4":{"start":{"line":18,"column":25},"end":{"line":18,"column":48}},"5":{"start":{"line":20,"column":4},"end":{"line":20,"column":47}},"6":{"start":{"line":27,"column":16},"end":{"line":27,"column":32}},"7":{"start":{"line":28,"column":4},"end":{"line":28,"column":38}},"8":{"start":{"line":29,"column":4},"end":{"line":29,"column":25}},"9":{"start":{"line":31,"column":4},"end":{"line":31,"column":16}},"10":{"start":{"line":38,"column":4},"end":{"line":38,"column":25}}},"fnMap":{"0":{"name":"(anonymous_0)","decl":{"start":{"line":7,"column":2},"end":{"line":7,"column":3}},"loc":{"start":{"line":7,"column":50},"end":{"line":11,"column":3}},"line":7},"1":{"name":"(anonymous_1)","decl":{"start":{"line":16,"column":2},"end":{"line":16,"column":3}},"loc":{"start":{"line":16,"column":11},"end":{"line":21,"column":3}},"line":16},"2":{"name":"(anonymous_2)","decl":{"start":{"line":26,"column":2},"end":{"line":26,"column":3}},"loc":{"start":{"line":26,"column":12},"end":{"line":32,"column":3}},"line":26},"3":{"name":"(anonymous_3)","decl":{"start":{"line":37,"column":2},"end":{"line":37,"column":3}},"loc":{"start":{"line":37,"column":13},"end":{"line":39,"column":3}},"line":37}},"branchMap":{"0":{"loc":{"start":{"line":7,"column":38},"end":{"line":7,"column":48}},"type":"default-arg","locations":[{"start":{"line":7,"column":47},"end":{"line":7,"column":48}}],"line":7}},"s":{"0":88,"1":88,"2":88,"3":248,"4":248,"5":248,"6":4,"7":4,"8":4,"9":4,"10":5},"f":{"0":88,"1":248,"2":4,"3":5},"b":{"0":[76]},"_coverageSchema":"1a1c01bbd47fc00a2c39e90264f33305004495a9","hash":"a0f7d59626f12440a5511ded272fc7a23112d414"}
,"/home/brunolnetto/github/path_finder/src/data-structures/graph/GraphVertex.js": {"path":"/home/brunolnetto/github/path_finder/src/data-structures/graph/GraphVertex.js","statementMap":{"0":{"start":{"line":8,"column":4},"end":{"line":10,"column":5}},"1":{"start":{"line":9,"column":6},"end":{"line":9,"column":56}},"2":{"start":{"line":16,"column":27},"end":{"line":22,"column":5}},"3":{"start":{"line":17,"column":6},"end":{"line":19,"column":7}},"4":{"start":{"line":18,"column":8},"end":{"line":18,"column":17}},"5":{"start":{"line":21,"column":6},"end":{"line":21,"column":54}},"6":{"start":{"line":26,"column":4},"end":{"line":26,"column":23}},"7":{"start":{"line":27,"column":4},"end":{"line":27,"column":48}},"8":{"start":{"line":35,"column":4},"end":{"line":35,"column":28}},"9":{"start":{"line":37,"column":4},"end":{"line":37,"column":16}},"10":{"start":{"line":44,"column":4},"end":{"line":44,"column":28}},"11":{"start":{"line":51,"column":18},"end":{"line":51,"column":38}},"12":{"start":{"line":54,"column":31},"end":{"line":56,"column":5}},"13":{"start":{"line":55,"column":6},"end":{"line":55,"column":93}},"14":{"start":{"line":60,"column":4},"end":{"line":60,"column":41}},"15":{"start":{"line":67,"column":4},"end":{"line":67,"column":78}},"16":{"start":{"line":67,"column":56},"end":{"line":67,"column":76}},"17":{"start":{"line":74,"column":4},"end":{"line":74,"column":39}},"18":{"start":{"line":82,"column":21},"end":{"line":84,"column":6}},"19":{"start":{"line":83,"column":26},"end":{"line":83,"column":47}},"20":{"start":{"line":86,"column":4},"end":{"line":86,"column":22}},"21":{"start":{"line":94,"column":23},"end":{"line":96,"column":6}},"22":{"start":{"line":95,"column":26},"end":{"line":95,"column":82}},"23":{"start":{"line":98,"column":4},"end":{"line":98,"column":24}},"24":{"start":{"line":106,"column":23},"end":{"line":108,"column":5}},"25":{"start":{"line":107,"column":6},"end":{"line":107,"column":70}},"26":{"start":{"line":110,"column":17},"end":{"line":110,"column":58}},"27":{"start":{"line":112,"column":4},"end":{"line":112,"column":36}},"28":{"start":{"line":119,"column":4},"end":{"line":119,"column":22}},"29":{"start":{"line":126,"column":4},"end":{"line":126,"column":61}},"30":{"start":{"line":126,"column":38},"end":{"line":126,"column":59}},"31":{"start":{"line":128,"column":4},"end":{"line":128,"column":16}},"32":{"start":{"line":136,"column":4},"end":{"line":136,"column":61}}},"fnMap":{"0":{"name":"(anonymous_0)","decl":{"start":{"line":7,"column":2},"end":{"line":7,"column":3}},"loc":{"start":{"line":7,"column":21},"end":{"line":28,"column":3}},"line":7},"1":{"name":"(anonymous_1)","decl":{"start":{"line":16,"column":27},"end":{"line":16,"column":28}},"loc":{"start":{"line":16,"column":45},"end":{"line":22,"column":5}},"line":16},"2":{"name":"(anonymous_2)","decl":{"start":{"line":34,"column":2},"end":{"line":34,"column":3}},"loc":{"start":{"line":34,"column":16},"end":{"line":38,"column":3}},"line":34},"3":{"name":"(anonymous_3)","decl":{"start":{"line":43,"column":2},"end":{"line":43,"column":3}},"loc":{"start":{"line":43,"column":19},"end":{"line":45,"column":3}},"line":43},"4":{"name":"(anonymous_4)","decl":{"start":{"line":50,"column":2},"end":{"line":50,"column":3}},"loc":{"start":{"line":50,"column":17},"end":{"line":61,"column":3}},"line":50},"5":{"name":"(anonymous_5)","decl":{"start":{"line":54,"column":31},"end":{"line":54,"column":32}},"loc":{"start":{"line":54,"column":41},"end":{"line":56,"column":5}},"line":54},"6":{"name":"(anonymous_6)","decl":{"start":{"line":66,"column":2},"end":{"line":66,"column":3}},"loc":{"start":{"line":66,"column":13},"end":{"line":68,"column":3}},"line":66},"7":{"name":"(anonymous_7)","decl":{"start":{"line":67,"column":36},"end":{"line":67,"column":37}},"loc":{"start":{"line":67,"column":56},"end":{"line":67,"column":76}},"line":67},"8":{"name":"(anonymous_8)","decl":{"start":{"line":73,"column":2},"end":{"line":73,"column":3}},"loc":{"start":{"line":73,"column":14},"end":{"line":75,"column":3}},"line":73},"9":{"name":"(anonymous_9)","decl":{"start":{"line":81,"column":2},"end":{"line":81,"column":3}},"loc":{"start":{"line":81,"column":24},"end":{"line":87,"column":3}},"line":81},"10":{"name":"(anonymous_10)","decl":{"start":{"line":83,"column":16},"end":{"line":83,"column":17}},"loc":{"start":{"line":83,"column":26},"end":{"line":83,"column":47}},"line":83},"11":{"name":"(anonymous_11)","decl":{"start":{"line":93,"column":2},"end":{"line":93,"column":3}},"loc":{"start":{"line":93,"column":22},"end":{"line":99,"column":3}},"line":93},"12":{"name":"(anonymous_12)","decl":{"start":{"line":95,"column":16},"end":{"line":95,"column":17}},"loc":{"start":{"line":95,"column":26},"end":{"line":95,"column":82}},"line":95},"13":{"name":"(anonymous_13)","decl":{"start":{"line":105,"column":2},"end":{"line":105,"column":3}},"loc":{"start":{"line":105,"column":19},"end":{"line":113,"column":3}},"line":105},"14":{"name":"(anonymous_14)","decl":{"start":{"line":106,"column":23},"end":{"line":106,"column":24}},"loc":{"start":{"line":106,"column":33},"end":{"line":108,"column":5}},"line":106},"15":{"name":"(anonymous_15)","decl":{"start":{"line":118,"column":2},"end":{"line":118,"column":3}},"loc":{"start":{"line":118,"column":11},"end":{"line":120,"column":3}},"line":118},"16":{"name":"(anonymous_16)","decl":{"start":{"line":125,"column":2},"end":{"line":125,"column":3}},"loc":{"start":{"line":125,"column":19},"end":{"line":129,"column":3}},"line":125},"17":{"name":"(anonymous_17)","decl":{"start":{"line":126,"column":28},"end":{"line":126,"column":29}},"loc":{"start":{"line":126,"column":38},"end":{"line":126,"column":59}},"line":126},"18":{"name":"(anonymous_18)","decl":{"start":{"line":135,"column":2},"end":{"line":135,"column":3}},"loc":{"start":{"line":135,"column":21},"end":{"line":137,"column":3}},"line":135}},"branchMap":{"0":{"loc":{"start":{"line":8,"column":4},"end":{"line":10,"column":5}},"type":"if","locations":[{"start":{"line":8,"column":4},"end":{"line":10,"column":5}},{"start":{},"end":{}}],"line":8},"1":{"loc":{"start":{"line":17,"column":6},"end":{"line":19,"column":7}},"type":"if","locations":[{"start":{"line":17,"column":6},"end":{"line":19,"column":7}},{"start":{},"end":{}}],"line":17},"2":{"loc":{"start":{"line":21,"column":13},"end":{"line":21,"column":53}},"type":"cond-expr","locations":[{"start":{"line":21,"column":47},"end":{"line":21,"column":49}},{"start":{"line":21,"column":52},"end":{"line":21,"column":53}}],"line":21},"3":{"loc":{"start":{"line":55,"column":13},"end":{"line":55,"column":92}},"type":"cond-expr","locations":[{"start":{"line":55,"column":47},"end":{"line":55,"column":67}},{"start":{"line":55,"column":70},"end":{"line":55,"column":92}}],"line":55},"4":{"loc":{"start":{"line":95,"column":26},"end":{"line":95,"column":82}},"type":"binary-expr","locations":[{"start":{"line":95,"column":26},"end":{"line":95,"column":53}},{"start":{"line":95,"column":57},"end":{"line":95,"column":82}}],"line":95},"5":{"loc":{"start":{"line":107,"column":13},"end":{"line":107,"column":69}},"type":"binary-expr","locations":[{"start":{"line":107,"column":13},"end":{"line":107,"column":40}},{"start":{"line":107,"column":44},"end":{"line":107,"column":69}}],"line":107},"6":{"loc":{"start":{"line":112,"column":11},"end":{"line":112,"column":35}},"type":"cond-expr","locations":[{"start":{"line":112,"column":18},"end":{"line":112,"column":28}},{"start":{"line":112,"column":31},"end":{"line":112,"column":35}}],"line":112},"7":{"loc":{"start":{"line":136,"column":11},"end":{"line":136,"column":60}},"type":"cond-expr","locations":[{"start":{"line":136,"column":22},"end":{"line":136,"column":42}},{"start":{"line":136,"column":45},"end":{"line":136,"column":60}}],"line":136}},"s":{"0":112,"1":1,"2":111,"3":26,"4":12,"5":14,"6":111,"7":111,"8":122,"9":122,"10":12,"11":84,"12":84,"13":104,"14":84,"15":12,"16":16,"17":4,"18":18,"19":9,"20":18,"21":2,"22":2,"23":2,"24":20,"25":25,"26":20,"27":20,"28":1235,"29":1,"30":2,"31":1,"32":1},"f":{"0":112,"1":26,"2":122,"3":12,"4":84,"5":104,"6":12,"7":16,"8":4,"9":18,"10":9,"11":2,"12":2,"13":20,"14":25,"15":1235,"16":1,"17":2,"18":1},"b":{"0":[1,111],"1":[12,14],"2":[2,12],"3":[83,21],"4":[2,2],"5":[25,20],"6":[16,4],"7":[0,1]},"_coverageSchema":"1a1c01bbd47fc00a2c39e90264f33305004495a9","hash":"7014969a0e0d8d1e0588648c408eef5646746921"}
,"/home/brunolnetto/github/path_finder/src/data-structures/linked-list/LinkedList.js": {"path":"/home/brunolnetto/github/path_finder/src/data-structures/linked-list/LinkedList.js","statementMap":{"0":{"start":{"line":10,"column":4},"end":{"line":10,"column":21}},"1":{"start":{"line":13,"column":4},"end":{"line":13,"column":21}},"2":{"start":{"line":15,"column":4},"end":{"line":15,"column":54}},"3":{"start":{"line":24,"column":20},"end":{"line":24,"column":56}},"4":{"start":{"line":25,"column":4},"end":{"line":25,"column":24}},"5":{"start":{"line":28,"column":4},"end":{"line":30,"column":5}},"6":{"start":{"line":29,"column":6},"end":{"line":29,"column":26}},"7":{"start":{"line":32,"column":4},"end":{"line":32,"column":16}},"8":{"start":{"line":40,"column":20},"end":{"line":40,"column":45}},"9":{"start":{"line":43,"column":4},"end":{"line":48,"column":5}},"10":{"start":{"line":44,"column":6},"end":{"line":44,"column":26}},"11":{"start":{"line":45,"column":6},"end":{"line":45,"column":26}},"12":{"start":{"line":47,"column":6},"end":{"line":47,"column":18}},"13":{"start":{"line":51,"column":4},"end":{"line":51,"column":29}},"14":{"start":{"line":52,"column":4},"end":{"line":52,"column":24}},"15":{"start":{"line":54,"column":4},"end":{"line":54,"column":16}},"16":{"start":{"line":62,"column":4},"end":{"line":64,"column":5}},"17":{"start":{"line":63,"column":6},"end":{"line":63,"column":18}},"18":{"start":{"line":66,"column":22},"end":{"line":66,"column":26}},"19":{"start":{"line":70,"column":4},"end":{"line":73,"column":5}},"20":{"start":{"line":71,"column":6},"end":{"line":71,"column":30}},"21":{"start":{"line":72,"column":6},"end":{"line":72,"column":33}},"22":{"start":{"line":75,"column":22},"end":{"line":75,"column":31}},"23":{"start":{"line":77,"column":4},"end":{"line":87,"column":5}},"24":{"start":{"line":79,"column":6},"end":{"line":86,"column":7}},"25":{"start":{"line":80,"column":8},"end":{"line":85,"column":9}},"26":{"start":{"line":81,"column":10},"end":{"line":81,"column":41}},"27":{"start":{"line":82,"column":10},"end":{"line":82,"column":51}},"28":{"start":{"line":84,"column":10},"end":{"line":84,"column":41}},"29":{"start":{"line":90,"column":4},"end":{"line":92,"column":5}},"30":{"start":{"line":91,"column":6},"end":{"line":91,"column":30}},"31":{"start":{"line":94,"column":4},"end":{"line":94,"column":23}},"32":{"start":{"line":104,"column":4},"end":{"line":106,"column":5}},"33":{"start":{"line":105,"column":6},"end":{"line":105,"column":18}},"34":{"start":{"line":108,"column":22},"end":{"line":108,"column":31}},"35":{"start":{"line":110,"column":4},"end":{"line":122,"column":5}},"36":{"start":{"line":112,"column":6},"end":{"line":114,"column":7}},"37":{"start":{"line":113,"column":8},"end":{"line":113,"column":27}},"38":{"start":{"line":117,"column":6},"end":{"line":119,"column":7}},"39":{"start":{"line":118,"column":8},"end":{"line":118,"column":27}},"40":{"start":{"line":121,"column":6},"end":{"line":121,"column":37}},"41":{"start":{"line":124,"column":4},"end":{"line":124,"column":16}},"42":{"start":{"line":131,"column":24},"end":{"line":131,"column":33}},"43":{"start":{"line":133,"column":4},"end":{"line":139,"column":5}},"44":{"start":{"line":135,"column":6},"end":{"line":135,"column":23}},"45":{"start":{"line":136,"column":6},"end":{"line":136,"column":23}},"46":{"start":{"line":138,"column":6},"end":{"line":138,"column":25}},"47":{"start":{"line":144,"column":22},"end":{"line":144,"column":31}},"48":{"start":{"line":145,"column":4},"end":{"line":151,"column":5}},"49":{"start":{"line":146,"column":6},"end":{"line":150,"column":7}},"50":{"start":{"line":147,"column":8},"end":{"line":147,"column":32}},"51":{"start":{"line":149,"column":8},"end":{"line":149,"column":39}},"52":{"start":{"line":153,"column":4},"end":{"line":153,"column":28}},"53":{"start":{"line":155,"column":4},"end":{"line":155,"column":23}},"54":{"start":{"line":162,"column":4},"end":{"line":164,"column":5}},"55":{"start":{"line":163,"column":6},"end":{"line":163,"column":18}},"56":{"start":{"line":166,"column":24},"end":{"line":166,"column":33}},"57":{"start":{"line":168,"column":4},"end":{"line":173,"column":5}},"58":{"start":{"line":169,"column":6},"end":{"line":169,"column":33}},"59":{"start":{"line":171,"column":6},"end":{"line":171,"column":23}},"60":{"start":{"line":172,"column":6},"end":{"line":172,"column":23}},"61":{"start":{"line":175,"column":4},"end":{"line":175,"column":23}},"62":{"start":{"line":183,"column":4},"end":{"line":183,"column":50}},"63":{"start":{"line":183,"column":30},"end":{"line":183,"column":48}},"64":{"start":{"line":185,"column":4},"end":{"line":185,"column":16}},"65":{"start":{"line":192,"column":18},"end":{"line":192,"column":20}},"66":{"start":{"line":194,"column":22},"end":{"line":194,"column":31}},"67":{"start":{"line":195,"column":4},"end":{"line":198,"column":5}},"68":{"start":{"line":196,"column":6},"end":{"line":196,"column":30}},"69":{"start":{"line":197,"column":6},"end":{"line":197,"column":37}},"70":{"start":{"line":200,"column":4},"end":{"line":200,"column":17}},"71":{"start":{"line":208,"column":4},"end":{"line":208,"column":76}},"72":{"start":{"line":208,"column":40},"end":{"line":208,"column":63}},"73":{"start":{"line":216,"column":19},"end":{"line":216,"column":28}},"74":{"start":{"line":217,"column":19},"end":{"line":217,"column":23}},"75":{"start":{"line":218,"column":19},"end":{"line":218,"column":23}},"76":{"start":{"line":220,"column":4},"end":{"line":230,"column":5}},"77":{"start":{"line":222,"column":6},"end":{"line":222,"column":31}},"78":{"start":{"line":225,"column":6},"end":{"line":225,"column":31}},"79":{"start":{"line":228,"column":6},"end":{"line":228,"column":26}},"80":{"start":{"line":229,"column":6},"end":{"line":229,"column":26}},"81":{"start":{"line":233,"column":4},"end":{"line":233,"column":26}},"82":{"start":{"line":234,"column":4},"end":{"line":234,"column":25}},"83":{"start":{"line":236,"column":4},"end":{"line":236,"column":16}}},"fnMap":{"0":{"name":"(anonymous_0)","decl":{"start":{"line":8,"column":2},"end":{"line":8,"column":3}},"loc":{"start":{"line":8,"column":34},"end":{"line":16,"column":3}},"line":8},"1":{"name":"(anonymous_1)","decl":{"start":{"line":22,"column":2},"end":{"line":22,"column":3}},"loc":{"start":{"line":22,"column":17},"end":{"line":33,"column":3}},"line":22},"2":{"name":"(anonymous_2)","decl":{"start":{"line":39,"column":2},"end":{"line":39,"column":3}},"loc":{"start":{"line":39,"column":16},"end":{"line":55,"column":3}},"line":39},"3":{"name":"(anonymous_3)","decl":{"start":{"line":61,"column":2},"end":{"line":61,"column":3}},"loc":{"start":{"line":61,"column":16},"end":{"line":95,"column":3}},"line":61},"4":{"name":"(anonymous_4)","decl":{"start":{"line":103,"column":2},"end":{"line":103,"column":3}},"loc":{"start":{"line":103,"column":52},"end":{"line":125,"column":3}},"line":103},"5":{"name":"(anonymous_5)","decl":{"start":{"line":130,"column":2},"end":{"line":130,"column":3}},"loc":{"start":{"line":130,"column":15},"end":{"line":156,"column":3}},"line":130},"6":{"name":"(anonymous_6)","decl":{"start":{"line":161,"column":2},"end":{"line":161,"column":3}},"loc":{"start":{"line":161,"column":15},"end":{"line":176,"column":3}},"line":161},"7":{"name":"(anonymous_7)","decl":{"start":{"line":182,"column":2},"end":{"line":182,"column":3}},"loc":{"start":{"line":182,"column":20},"end":{"line":186,"column":3}},"line":182},"8":{"name":"(anonymous_8)","decl":{"start":{"line":183,"column":19},"end":{"line":183,"column":20}},"loc":{"start":{"line":183,"column":30},"end":{"line":183,"column":48}},"line":183},"9":{"name":"(anonymous_9)","decl":{"start":{"line":191,"column":2},"end":{"line":191,"column":3}},"loc":{"start":{"line":191,"column":12},"end":{"line":201,"column":3}},"line":191},"10":{"name":"(anonymous_10)","decl":{"start":{"line":207,"column":2},"end":{"line":207,"column":3}},"loc":{"start":{"line":207,"column":21},"end":{"line":209,"column":3}},"line":207},"11":{"name":"(anonymous_11)","decl":{"start":{"line":208,"column":30},"end":{"line":208,"column":31}},"loc":{"start":{"line":208,"column":40},"end":{"line":208,"column":63}},"line":208},"12":{"name":"(anonymous_12)","decl":{"start":{"line":215,"column":2},"end":{"line":215,"column":3}},"loc":{"start":{"line":215,"column":12},"end":{"line":237,"column":3}},"line":215}},"branchMap":{"0":{"loc":{"start":{"line":28,"column":4},"end":{"line":30,"column":5}},"type":"if","locations":[{"start":{"line":28,"column":4},"end":{"line":30,"column":5}},{"start":{},"end":{}}],"line":28},"1":{"loc":{"start":{"line":43,"column":4},"end":{"line":48,"column":5}},"type":"if","locations":[{"start":{"line":43,"column":4},"end":{"line":48,"column":5}},{"start":{},"end":{}}],"line":43},"2":{"loc":{"start":{"line":62,"column":4},"end":{"line":64,"column":5}},"type":"if","locations":[{"start":{"line":62,"column":4},"end":{"line":64,"column":5}},{"start":{},"end":{}}],"line":62},"3":{"loc":{"start":{"line":70,"column":11},"end":{"line":70,"column":66}},"type":"binary-expr","locations":[{"start":{"line":70,"column":11},"end":{"line":70,"column":20}},{"start":{"line":70,"column":24},"end":{"line":70,"column":66}}],"line":70},"4":{"loc":{"start":{"line":77,"column":4},"end":{"line":87,"column":5}},"type":"if","locations":[{"start":{"line":77,"column":4},"end":{"line":87,"column":5}},{"start":{},"end":{}}],"line":77},"5":{"loc":{"start":{"line":80,"column":8},"end":{"line":85,"column":9}},"type":"if","locations":[{"start":{"line":80,"column":8},"end":{"line":85,"column":9}},{"start":{"line":83,"column":15},"end":{"line":85,"column":9}}],"line":80},"6":{"loc":{"start":{"line":90,"column":4},"end":{"line":92,"column":5}},"type":"if","locations":[{"start":{"line":90,"column":4},"end":{"line":92,"column":5}},{"start":{},"end":{}}],"line":90},"7":{"loc":{"start":{"line":103,"column":9},"end":{"line":103,"column":26}},"type":"default-arg","locations":[{"start":{"line":103,"column":17},"end":{"line":103,"column":26}}],"line":103},"8":{"loc":{"start":{"line":103,"column":28},"end":{"line":103,"column":48}},"type":"default-arg","locations":[{"start":{"line":103,"column":39},"end":{"line":103,"column":48}}],"line":103},"9":{"loc":{"start":{"line":104,"column":4},"end":{"line":106,"column":5}},"type":"if","locations":[{"start":{"line":104,"column":4},"end":{"line":106,"column":5}},{"start":{},"end":{}}],"line":104},"10":{"loc":{"start":{"line":112,"column":6},"end":{"line":114,"column":7}},"type":"if","locations":[{"start":{"line":112,"column":6},"end":{"line":114,"column":7}},{"start":{},"end":{}}],"line":112},"11":{"loc":{"start":{"line":112,"column":10},"end":{"line":112,"column":49}},"type":"binary-expr","locations":[{"start":{"line":112,"column":10},"end":{"line":112,"column":18}},{"start":{"line":112,"column":22},"end":{"line":112,"column":49}}],"line":112},"12":{"loc":{"start":{"line":117,"column":6},"end":{"line":119,"column":7}},"type":"if","locations":[{"start":{"line":117,"column":6},"end":{"line":119,"column":7}},{"start":{},"end":{}}],"line":117},"13":{"loc":{"start":{"line":117,"column":10},"end":{"line":117,"column":77}},"type":"binary-expr","locations":[{"start":{"line":117,"column":10},"end":{"line":117,"column":29}},{"start":{"line":117,"column":33},"end":{"line":117,"column":77}}],"line":117},"14":{"loc":{"start":{"line":133,"column":4},"end":{"line":139,"column":5}},"type":"if","locations":[{"start":{"line":133,"column":4},"end":{"line":139,"column":5}},{"start":{},"end":{}}],"line":133},"15":{"loc":{"start":{"line":146,"column":6},"end":{"line":150,"column":7}},"type":"if","locations":[{"start":{"line":146,"column":6},"end":{"line":150,"column":7}},{"start":{"line":148,"column":13},"end":{"line":150,"column":7}}],"line":146},"16":{"loc":{"start":{"line":162,"column":4},"end":{"line":164,"column":5}},"type":"if","locations":[{"start":{"line":162,"column":4},"end":{"line":164,"column":5}},{"start":{},"end":{}}],"line":162},"17":{"loc":{"start":{"line":168,"column":4},"end":{"line":173,"column":5}},"type":"if","locations":[{"start":{"line":168,"column":4},"end":{"line":173,"column":5}},{"start":{"line":170,"column":11},"end":{"line":173,"column":5}}],"line":168}},"s":{"0":125,"1":125,"2":125,"3":3,"4":3,"5":3,"6":1,"7":3,"8":167,"9":167,"10":87,"11":87,"12":87,"13":80,"14":80,"15":80,"16":19,"17":3,"18":16,"19":16,"20":12,"21":12,"22":16,"23":16,"24":12,"25":16,"26":5,"27":5,"28":11,"29":16,"30":6,"31":16,"32":50,"33":13,"34":37,"35":37,"36":57,"37":25,"38":32,"39":4,"40":28,"41":8,"42":3,"43":3,"44":1,"45":1,"46":1,"47":2,"48":2,"49":3,"50":2,"51":1,"52":2,"53":2,"54":3,"55":1,"56":2,"57":2,"58":1,"59":1,"60":1,"61":2,"62":2,"63":13,"64":2,"65":121,"66":121,"67":121,"68":173,"69":173,"70":121,"71":20,"72":44,"73":2,"74":2,"75":2,"76":2,"77":6,"78":6,"79":6,"80":6,"81":2,"82":2,"83":2},"f":{"0":125,"1":3,"2":167,"3":19,"4":50,"5":3,"6":3,"7":2,"8":13,"9":121,"10":20,"11":44,"12":2},"b":{"0":[1,2],"1":[87,80],"2":[3,16],"3":[28,24],"4":[12,4],"5":[5,11],"6":[6,10],"7":[43],"8":[7],"9":[13,37],"10":[25,32],"11":[57,42],"12":[4,28],"13":[32,15],"14":[1,2],"15":[2,1],"16":[1,2],"17":[1,1]},"_coverageSchema":"1a1c01bbd47fc00a2c39e90264f33305004495a9","hash":"1b44d13af773d77a9fb51fd67e81234e57ae834e"}
,"/home/brunolnetto/github/path_finder/src/data-structures/linked-list/LinkedListNode.js": {"path":"/home/brunolnetto/github/path_finder/src/data-structures/linked-list/LinkedListNode.js","statementMap":{"0":{"start":{"line":3,"column":4},"end":{"line":3,"column":23}},"1":{"start":{"line":4,"column":4},"end":{"line":4,"column":21}},"2":{"start":{"line":8,"column":4},"end":{"line":8,"column":61}}},"fnMap":{"0":{"name":"(anonymous_0)","decl":{"start":{"line":2,"column":2},"end":{"line":2,"column":3}},"loc":{"start":{"line":2,"column":34},"end":{"line":5,"column":3}},"line":2},"1":{"name":"(anonymous_1)","decl":{"start":{"line":7,"column":2},"end":{"line":7,"column":3}},"loc":{"start":{"line":7,"column":21},"end":{"line":9,"column":3}},"line":7}},"branchMap":{"0":{"loc":{"start":{"line":2,"column":21},"end":{"line":2,"column":32}},"type":"default-arg","locations":[{"start":{"line":2,"column":28},"end":{"line":2,"column":32}}],"line":2},"1":{"loc":{"start":{"line":8,"column":11},"end":{"line":8,"column":60}},"type":"cond-expr","locations":[{"start":{"line":8,"column":22},"end":{"line":8,"column":42}},{"start":{"line":8,"column":45},"end":{"line":8,"column":60}}],"line":8}},"s":{"0":176,"1":176,"2":70},"f":{"0":176,"1":70},"b":{"0":[172],"1":[3,67]},"_coverageSchema":"1a1c01bbd47fc00a2c39e90264f33305004495a9","hash":"82de6c7c842e7a6e4a1596faf26966c0c21ad125"}
,"/home/brunolnetto/github/path_finder/src/utils/comparator/Comparator.js": {"path":"/home/brunolnetto/github/path_finder/src/utils/comparator/Comparator.js","statementMap":{"0":{"start":{"line":8,"column":4},"end":{"line":8,"column":72}},"1":{"start":{"line":18,"column":4},"end":{"line":20,"column":5}},"2":{"start":{"line":19,"column":6},"end":{"line":19,"column":15}},"3":{"start":{"line":22,"column":4},"end":{"line":22,"column":26}},"4":{"start":{"line":32,"column":4},"end":{"line":32,"column":36}},"5":{"start":{"line":42,"column":4},"end":{"line":42,"column":34}},"6":{"start":{"line":52,"column":4},"end":{"line":52,"column":34}},"7":{"start":{"line":62,"column":4},"end":{"line":62,"column":51}},"8":{"start":{"line":72,"column":4},"end":{"line":72,"column":54}},"9":{"start":{"line":79,"column":28},"end":{"line":79,"column":40}},"10":{"start":{"line":80,"column":4},"end":{"line":80,"column":51}},"11":{"start":{"line":80,"column":29},"end":{"line":80,"column":50}}},"fnMap":{"0":{"name":"(anonymous_0)","decl":{"start":{"line":7,"column":2},"end":{"line":7,"column":3}},"loc":{"start":{"line":7,"column":31},"end":{"line":9,"column":3}},"line":7},"1":{"name":"(anonymous_1)","decl":{"start":{"line":17,"column":2},"end":{"line":17,"column":3}},"loc":{"start":{"line":17,"column":38},"end":{"line":23,"column":3}},"line":17},"2":{"name":"(anonymous_2)","decl":{"start":{"line":31,"column":2},"end":{"line":31,"column":3}},"loc":{"start":{"line":31,"column":14},"end":{"line":33,"column":3}},"line":31},"3":{"name":"(anonymous_3)","decl":{"start":{"line":41,"column":2},"end":{"line":41,"column":3}},"loc":{"start":{"line":41,"column":17},"end":{"line":43,"column":3}},"line":41},"4":{"name":"(anonymous_4)","decl":{"start":{"line":51,"column":2},"end":{"line":51,"column":3}},"loc":{"start":{"line":51,"column":20},"end":{"line":53,"column":3}},"line":51},"5":{"name":"(anonymous_5)","decl":{"start":{"line":61,"column":2},"end":{"line":61,"column":3}},"loc":{"start":{"line":61,"column":24},"end":{"line":63,"column":3}},"line":61},"6":{"name":"(anonymous_6)","decl":{"start":{"line":71,"column":2},"end":{"line":71,"column":3}},"loc":{"start":{"line":71,"column":27},"end":{"line":73,"column":3}},"line":71},"7":{"name":"(anonymous_7)","decl":{"start":{"line":78,"column":2},"end":{"line":78,"column":3}},"loc":{"start":{"line":78,"column":12},"end":{"line":81,"column":3}},"line":78},"8":{"name":"(anonymous_8)","decl":{"start":{"line":80,"column":19},"end":{"line":80,"column":20}},"loc":{"start":{"line":80,"column":29},"end":{"line":80,"column":50}},"line":80}},"branchMap":{"0":{"loc":{"start":{"line":8,"column":19},"end":{"line":8,"column":71}},"type":"binary-expr","locations":[{"start":{"line":8,"column":19},"end":{"line":8,"column":34}},{"start":{"line":8,"column":38},"end":{"line":8,"column":71}}],"line":8},"1":{"loc":{"start":{"line":18,"column":4},"end":{"line":20,"column":5}},"type":"if","locations":[{"start":{"line":18,"column":4},"end":{"line":20,"column":5}},{"start":{},"end":{}}],"line":18},"2":{"loc":{"start":{"line":22,"column":11},"end":{"line":22,"column":25}},"type":"cond-expr","locations":[{"start":{"line":22,"column":19},"end":{"line":22,"column":21}},{"start":{"line":22,"column":24},"end":{"line":22,"column":25}}],"line":22},"3":{"loc":{"start":{"line":62,"column":11},"end":{"line":62,"column":50}},"type":"binary-expr","locations":[{"start":{"line":62,"column":11},"end":{"line":62,"column":30}},{"start":{"line":62,"column":34},"end":{"line":62,"column":50}}],"line":62},"4":{"loc":{"start":{"line":72,"column":11},"end":{"line":72,"column":53}},"type":"binary-expr","locations":[{"start":{"line":72,"column":11},"end":{"line":72,"column":33}},{"start":{"line":72,"column":37},"end":{"line":72,"column":53}}],"line":72}},"s":{"0":127,"1":57,"2":22,"3":35,"4":87,"5":10,"6":11,"7":3,"8":9,"9":1,"10":1,"11":8},"f":{"0":127,"1":57,"2":87,"3":10,"4":11,"5":3,"6":9,"7":1,"8":8},"b":{"0":[127,13],"1":[22,35],"2":[20,15],"3":[3,3],"4":[9,6]},"_coverageSchema":"1a1c01bbd47fc00a2c39e90264f33305004495a9","hash":"0970272a21d2bcd0a9cdf32ec955409774784ade"}
}
