TN:
SF:src/algorithms/depth-first-search/depthFirstSearch.js
FN:17,initCallbacks
FN:20,(anonymous_1)
FN:23,(anonymous_2)
FN:25,(anonymous_3)
FN:48,depthFirstSearchRecursive
FN:51,(anonymous_5)
FN:65,depthFirstSearch
FNF:7
FNH:7
FNDA:9,initCallbacks
FNDA:27,(anonymous_1)
FNDA:9,(anonymous_2)
FNDA:16,(anonymous_3)
FNDA:47,depthFirstSearchRecursive
FNDA:63,(anonymous_5)
FNDA:9,depthFirstSearch
DA:18,9
DA:20,9
DA:22,9
DA:24,9
DA:25,9
DA:26,16
DA:27,12
DA:28,12
DA:30,4
DA:35,9
DA:36,9
DA:37,9
DA:39,9
DA:49,47
DA:51,47
DA:52,63
DA:53,38
DA:57,47
DA:66,9
DA:67,9
LF:20
LH:20
BRDA:17,0,0,1
BRDA:26,1,0,12
BRDA:26,1,1,4
BRDA:35,2,0,9
BRDA:35,2,1,2
BRDA:36,3,0,9
BRDA:36,3,1,1
BRDA:37,4,0,9
BRDA:37,4,1,3
BRDA:52,5,0,38
BRDA:52,5,1,25
BRF:11
BRH:11
end_of_record
TN:
SF:src/algorithms/detect-cycle/detectDirectedCycle.js
FN:8,detectDirectedCycle
FN:32,(anonymous_1)
FN:38,(anonymous_2)
FN:63,(anonymous_3)
FN:69,(anonymous_4)
FNF:5
FNH:5
FNDA:2,detectDirectedCycle
FNDA:12,(anonymous_1)
FNDA:13,(anonymous_2)
FNDA:13,(anonymous_3)
FNDA:15,(anonymous_4)
DA:9,2
DA:13,2
DA:16,2
DA:20,2
DA:24,2
DA:32,2
DA:33,12
DA:37,2
DA:39,13
DA:42,1
DA:44,1
DA:45,1
DA:47,1
DA:48,2
DA:49,2
DA:50,2
DA:53,1
DA:56,12
DA:57,12
DA:60,12
DA:66,13
DA:67,13
DA:72,15
DA:73,2
DA:78,13
DA:83,2
DA:85,4
DA:86,4
DA:89,4
DA:92,2
LF:30
LH:30
BRDA:39,0,0,1
BRDA:39,0,1,12
BRDA:72,1,0,2
BRDA:72,1,1,13
BRF:4
BRH:4
end_of_record
TN:
SF:src/algorithms/detect-cycle/detectUndirectedCycle.js
FN:8,detectUndirectedCycle
FN:19,(anonymous_1)
FN:31,(anonymous_2)
FNF:3
FNH:3
FNDA:2,detectUndirectedCycle
FNDA:25,(anonymous_1)
FNDA:13,(anonymous_2)
DA:9,2
DA:12,2
DA:15,2
DA:18,2
DA:21,25
DA:22,6
DA:26,19
DA:27,19
DA:29,19
DA:32,13
DA:34,1
DA:36,1
DA:37,1
DA:39,1
DA:40,3
DA:41,3
DA:42,3
DA:45,1
DA:48,12
DA:49,12
DA:55,2
DA:56,2
DA:58,2
LF:23
LH:23
BRDA:21,0,0,6
BRDA:21,0,1,19
BRDA:27,1,0,15
BRDA:27,1,1,4
BRDA:32,2,0,1
BRDA:32,2,1,12
BRF:6
BRH:6
end_of_record
TN:
SF:src/algorithms/detect-cycle/detectUndirectedCycleUsingDisjointSet.js
FN:8,detectUndirectedCycleUsingDisjointSet
FN:11,(anonymous_1)
FN:13,(anonymous_2)
FN:21,(anonymous_3)
FNF:4
FNH:4
FNDA:2,detectUndirectedCycleUsingDisjointSet
FNDA:118,(anonymous_1)
FNDA:12,(anonymous_2)
FNDA:11,(anonymous_3)
DA:11,118
DA:12,2
DA:13,12
DA:19,2
DA:21,2
DA:22,11
DA:24,1
DA:26,10
DA:30,2
LF:9
LH:9
BRDA:22,0,0,1
BRDA:22,0,1,10
BRF:2
BRH:2
end_of_record
TN:
SF:src/data-structures/disjoint-set/DisjointSet.js
FN:7,(anonymous_0)
FN:16,(anonymous_1)
FN:33,(anonymous_2)
FN:53,(anonymous_3)
FN:87,(anonymous_4)
FNF:5
FNH:5
FNDA:7,(anonymous_0)
FNDA:26,(anonymous_1)
FNDA:128,(anonymous_2)
FNDA:23,(anonymous_3)
FNDA:29,(anonymous_4)
DA:8,7
DA:9,7
DA:17,26
DA:19,26
DA:21,26
DA:24,26
DA:34,128
DA:37,128
DA:39,128
DA:40,10
DA:43,118
DA:54,23
DA:55,23
DA:57,23
DA:58,1
DA:61,22
DA:63,1
DA:66,21
DA:67,21
DA:69,21
DA:71,1
DA:73,1
DA:77,20
DA:79,20
DA:88,29
DA:89,29
DA:91,29
DA:92,1
DA:95,28
LF:29
LH:29
BRDA:19,0,0,26
BRDA:19,0,1,0
BRDA:39,1,0,10
BRDA:39,1,1,118
BRDA:57,2,0,1
BRDA:57,2,1,22
BRDA:57,3,0,23
BRDA:57,3,1,22
BRDA:61,4,0,1
BRDA:61,4,1,21
BRDA:69,5,0,1
BRDA:69,5,1,20
BRDA:91,6,0,1
BRDA:91,6,1,28
BRDA:91,7,0,29
BRDA:91,7,1,28
BRF:16
BRH:15
end_of_record
TN:
SF:src/data-structures/disjoint-set/DisjointSetItem.js
FN:6,(anonymous_0)
FN:17,(anonymous_1)
FN:30,(anonymous_2)
FN:37,(anonymous_3)
FN:46,(anonymous_4)
FN:54,(anonymous_5)
FN:68,(anonymous_6)
FN:77,(anonymous_7)
FN:90,(anonymous_8)
FNF:9
FNH:9
FNDA:162,(anonymous_0)
FNDA:327,(anonymous_1)
FNDA:177,(anonymous_2)
FNDA:197,(anonymous_3)
FNDA:105,(anonymous_4)
FNDA:47,(anonymous_5)
FNDA:145,(anonymous_6)
FNDA:29,(anonymous_7)
FNDA:27,(anonymous_8)
DA:7,162
DA:8,162
DA:10,162
DA:11,162
DA:19,327
DA:20,185
DA:24,142
DA:31,177
DA:38,197
DA:47,105
DA:48,79
DA:51,26
DA:54,26
DA:56,47
DA:59,47
DA:62,26
DA:69,145
DA:78,29
DA:79,29
DA:80,2
DA:83,29
DA:91,27
DA:92,27
DA:94,27
LF:24
LH:24
BRDA:19,0,0,185
BRDA:19,0,1,142
BRDA:31,1,0,128
BRDA:31,1,1,49
BRDA:47,2,0,79
BRDA:47,2,1,26
BRDA:77,3,0,2
BRDA:79,4,0,2
BRDA:79,4,1,27
BRF:9
BRH:9
end_of_record
TN:
SF:src/data-structures/graph/Graph.js
FN:5,(anonymous_0)
FN:15,(anonymous_1)
FN:24,(anonymous_2)
FN:32,(anonymous_3)
FN:39,(anonymous_4)
FN:46,(anonymous_5)
FN:54,(anonymous_6)
FN:94,(anonymous_7)
FN:115,(anonymous_8)
FN:128,(anonymous_9)
FN:129,(anonymous_10)
FN:138,(anonymous_11)
FN:140,(anonymous_12)
FN:157,(anonymous_13)
FN:159,(anonymous_14)
FN:169,(anonymous_15)
FN:175,(anonymous_16)
FN:180,(anonymous_17)
FN:181,(anonymous_18)
FN:193,(anonymous_19)
FNF:20
FNH:20
FNDA:21,(anonymous_0)
FNDA:79,(anonymous_1)
FNDA:262,(anonymous_2)
FNDA:62,(anonymous_3)
FNDA:48,(anonymous_4)
FNDA:12,(anonymous_5)
FNDA:75,(anonymous_6)
FNDA:5,(anonymous_7)
FNDA:20,(anonymous_8)
FNDA:2,(anonymous_9)
FNDA:8,(anonymous_10)
FNDA:1,(anonymous_11)
FNDA:3,(anonymous_12)
FNDA:3,(anonymous_13)
FNDA:12,(anonymous_14)
FNDA:2,(anonymous_15)
FNDA:8,(anonymous_16)
FNDA:8,(anonymous_17)
FNDA:12,(anonymous_18)
FNDA:7,(anonymous_19)
DA:6,21
DA:7,21
DA:8,21
DA:16,79
DA:17,79
DA:25,262
DA:33,62
DA:40,48
DA:47,12
DA:56,75
DA:57,75
DA:60,75
DA:61,21
DA:62,21
DA:66,75
DA:67,56
DA:68,56
DA:72,75
DA:73,1
DA:75,74
DA:79,74
DA:81,40
DA:84,34
DA:85,34
DA:88,74
DA:96,5
DA:97,4
DA:99,1
DA:103,4
DA:104,4
DA:106,4
DA:107,4
DA:116,20
DA:118,20
DA:119,2
DA:122,18
DA:129,2
DA:130,8
DA:140,1
DA:142,3
DA:145,3
DA:148,3
DA:151,1
DA:158,3
DA:159,3
DA:160,12
DA:163,3
DA:170,2
DA:171,2
DA:175,2
DA:176,8
DA:180,2
DA:181,8
DA:182,12
DA:183,12
DA:187,2
DA:194,7
LF:57
LH:57
BRDA:5,0,0,11
BRDA:60,1,0,21
BRDA:60,1,1,54
BRDA:66,2,0,56
BRDA:66,2,1,19
BRDA:72,3,0,1
BRDA:72,3,1,74
BRDA:79,4,0,40
BRDA:79,4,1,34
BRDA:96,5,0,4
BRDA:96,5,1,1
BRDA:118,6,0,2
BRDA:118,6,1,18
BRF:13
BRH:13
end_of_record
TN:
SF:src/data-structures/graph/GraphEdge.js
FN:7,(anonymous_0)
FN:16,(anonymous_1)
FN:26,(anonymous_2)
FN:37,(anonymous_3)
FNF:4
FNH:4
FNDA:88,(anonymous_0)
FNDA:248,(anonymous_1)
FNDA:4,(anonymous_2)
FNDA:5,(anonymous_3)
DA:8,88
DA:9,88
DA:10,88
DA:17,248
DA:18,248
DA:20,248
DA:27,4
DA:28,4
DA:29,4
DA:31,4
DA:38,5
LF:11
LH:11
BRDA:7,0,0,76
BRF:1
BRH:1
end_of_record
TN:
SF:src/data-structures/graph/GraphVertex.js
FN:7,(anonymous_0)
FN:16,(anonymous_1)
FN:34,(anonymous_2)
FN:43,(anonymous_3)
FN:50,(anonymous_4)
FN:54,(anonymous_5)
FN:66,(anonymous_6)
FN:67,(anonymous_7)
FN:73,(anonymous_8)
FN:81,(anonymous_9)
FN:83,(anonymous_10)
FN:93,(anonymous_11)
FN:95,(anonymous_12)
FN:105,(anonymous_13)
FN:106,(anonymous_14)
FN:118,(anonymous_15)
FN:125,(anonymous_16)
FN:126,(anonymous_17)
FN:135,(anonymous_18)
FNF:19
FNH:19
FNDA:112,(anonymous_0)
FNDA:26,(anonymous_1)
FNDA:122,(anonymous_2)
FNDA:12,(anonymous_3)
FNDA:84,(anonymous_4)
FNDA:104,(anonymous_5)
FNDA:12,(anonymous_6)
FNDA:16,(anonymous_7)
FNDA:4,(anonymous_8)
FNDA:18,(anonymous_9)
FNDA:9,(anonymous_10)
FNDA:2,(anonymous_11)
FNDA:2,(anonymous_12)
FNDA:20,(anonymous_13)
FNDA:25,(anonymous_14)
FNDA:1235,(anonymous_15)
FNDA:1,(anonymous_16)
FNDA:2,(anonymous_17)
FNDA:1,(anonymous_18)
DA:8,112
DA:9,1
DA:16,111
DA:17,26
DA:18,12
DA:21,14
DA:26,111
DA:27,111
DA:35,122
DA:37,122
DA:44,12
DA:51,84
DA:54,84
DA:55,104
DA:60,84
DA:67,16
DA:74,4
DA:82,18
DA:83,9
DA:86,18
DA:94,2
DA:95,2
DA:98,2
DA:106,20
DA:107,25
DA:110,20
DA:112,20
DA:119,1235
DA:126,2
DA:128,1
DA:136,1
LF:31
LH:31
BRDA:8,0,0,1
BRDA:8,0,1,111
BRDA:17,1,0,12
BRDA:17,1,1,14
BRDA:21,2,0,2
BRDA:21,2,1,12
BRDA:55,3,0,83
BRDA:55,3,1,21
BRDA:95,4,0,2
BRDA:95,4,1,2
BRDA:107,5,0,25
BRDA:107,5,1,20
BRDA:112,6,0,16
BRDA:112,6,1,4
BRDA:136,7,0,0
BRDA:136,7,1,1
BRF:16
BRH:15
end_of_record
TN:
SF:src/data-structures/linked-list/LinkedList.js
FN:8,(anonymous_0)
FN:22,(anonymous_1)
FN:39,(anonymous_2)
FN:61,(anonymous_3)
FN:103,(anonymous_4)
FN:130,(anonymous_5)
FN:161,(anonymous_6)
FN:182,(anonymous_7)
FN:183,(anonymous_8)
FN:191,(anonymous_9)
FN:207,(anonymous_10)
FN:208,(anonymous_11)
FN:215,(anonymous_12)
FNF:13
FNH:13
FNDA:125,(anonymous_0)
FNDA:3,(anonymous_1)
FNDA:167,(anonymous_2)
FNDA:19,(anonymous_3)
FNDA:50,(anonymous_4)
FNDA:3,(anonymous_5)
FNDA:3,(anonymous_6)
FNDA:2,(anonymous_7)
FNDA:13,(anonymous_8)
FNDA:121,(anonymous_9)
FNDA:20,(anonymous_10)
FNDA:44,(anonymous_11)
FNDA:2,(anonymous_12)
DA:10,125
DA:13,125
DA:15,125
DA:24,3
DA:25,3
DA:28,3
DA:29,1
DA:32,3
DA:40,167
DA:43,167
DA:44,87
DA:45,87
DA:47,87
DA:51,80
DA:52,80
DA:54,80
DA:62,19
DA:63,3
DA:66,16
DA:70,16
DA:71,12
DA:72,12
DA:75,16
DA:77,16
DA:79,12
DA:80,16
DA:81,5
DA:82,5
DA:84,11
DA:90,16
DA:91,6
DA:94,16
DA:104,50
DA:105,13
DA:108,37
DA:110,37
DA:112,57
DA:113,25
DA:117,32
DA:118,4
DA:121,28
DA:124,8
DA:131,3
DA:133,3
DA:135,1
DA:136,1
DA:138,1
DA:144,2
DA:145,2
DA:146,3
DA:147,2
DA:149,1
DA:153,2
DA:155,2
DA:162,3
DA:163,1
DA:166,2
DA:168,2
DA:169,1
DA:171,1
DA:172,1
DA:175,2
DA:183,13
DA:185,2
DA:192,121
DA:194,121
DA:195,121
DA:196,173
DA:197,173
DA:200,121
DA:208,44
DA:216,2
DA:217,2
DA:218,2
DA:220,2
DA:222,6
DA:225,6
DA:228,6
DA:229,6
DA:233,2
DA:234,2
DA:236,2
LF:82
LH:82
BRDA:28,0,0,1
BRDA:28,0,1,2
BRDA:43,1,0,87
BRDA:43,1,1,80
BRDA:62,2,0,3
BRDA:62,2,1,16
BRDA:70,3,0,28
BRDA:70,3,1,24
BRDA:77,4,0,12
BRDA:77,4,1,4
BRDA:80,5,0,5
BRDA:80,5,1,11
BRDA:90,6,0,6
BRDA:90,6,1,10
BRDA:103,7,0,43
BRDA:103,8,0,7
BRDA:104,9,0,13
BRDA:104,9,1,37
BRDA:112,10,0,25
BRDA:112,10,1,32
BRDA:112,11,0,57
BRDA:112,11,1,42
BRDA:117,12,0,4
BRDA:117,12,1,28
BRDA:117,13,0,32
BRDA:117,13,1,15
BRDA:133,14,0,1
BRDA:133,14,1,2
BRDA:146,15,0,2
BRDA:146,15,1,1
BRDA:162,16,0,1
BRDA:162,16,1,2
BRDA:168,17,0,1
BRDA:168,17,1,1
BRF:34
BRH:34
end_of_record
TN:
SF:src/data-structures/linked-list/LinkedListNode.js
FN:2,(anonymous_0)
FN:7,(anonymous_1)
FNF:2
FNH:2
FNDA:176,(anonymous_0)
FNDA:70,(anonymous_1)
DA:3,176
DA:4,176
DA:8,70
LF:3
LH:3
BRDA:2,0,0,172
BRDA:8,1,0,3
BRDA:8,1,1,67
BRF:3
BRH:3
end_of_record
TN:
SF:src/utils/comparator/Comparator.js
FN:7,(anonymous_0)
FN:17,(anonymous_1)
FN:31,(anonymous_2)
FN:41,(anonymous_3)
FN:51,(anonymous_4)
FN:61,(anonymous_5)
FN:71,(anonymous_6)
FN:78,(anonymous_7)
FN:80,(anonymous_8)
FNF:9
FNH:9
FNDA:127,(anonymous_0)
FNDA:57,(anonymous_1)
FNDA:87,(anonymous_2)
FNDA:10,(anonymous_3)
FNDA:11,(anonymous_4)
FNDA:3,(anonymous_5)
FNDA:9,(anonymous_6)
FNDA:1,(anonymous_7)
FNDA:8,(anonymous_8)
DA:8,127
DA:18,57
DA:19,22
DA:22,35
DA:32,87
DA:42,10
DA:52,11
DA:62,3
DA:72,9
DA:79,1
DA:80,8
LF:11
LH:11
BRDA:8,0,0,127
BRDA:8,0,1,13
BRDA:18,1,0,22
BRDA:18,1,1,35
BRDA:22,2,0,20
BRDA:22,2,1,15
BRDA:62,3,0,3
BRDA:62,3,1,3
BRDA:72,4,0,9
BRDA:72,4,1,6
BRF:10
BRH:10
end_of_record
